#
# A fatal error has been detected by the Java Runtime Environment:
#
#  SIGBUS (0x7) at pc=0x00007f64604572d0, pid=5901, tid=0x00007f644541e700
#
# JRE version: OpenJDK Runtime Environment (8.0_152-b01) (build 1.8.0_152-release-915-b01)
# Java VM: OpenJDK 64-Bit Server VM (25.152-b01 mixed mode linux-amd64 compressed oops)
# Problematic frame:
# C  [libc.so.6+0x8f2d0]
#
# Failed to write core dump. Core dumps have been disabled. To enable core dumping, try "ulimit -c unlimited" before starting Java again
#
# If you would like to submit a bug report, please visit:
#   http://bugreport.java.com/bugreport/crash.jsp
#

---------------  T H R E A D  ---------------

Current thread (0x00007f64580b4000):  JavaThread "C2 CompilerThread0" daemon [_thread_in_native, id=5912, stack(0x00007f644531e000,0x00007f644541f000)]

siginfo: si_signo: 7 (SIGBUS), si_code: 2 (BUS_ADRERR), si_addr: 0x00007f642de66000

Registers:
RAX=0x00007f642de34fa0, RBX=0x0000000000112180, RCX=0x00007f642de66000, RDX=0x00007f642df47100
RSP=0x00007f644541a888, RBP=0x00007f644541a8c0, RSI=0x0000000000000000, RDI=0x00007f642de34fa0
R8 =0x0000000000000000, R9 =0x0000000000000001, R10=0x0000000000002ba6, R11=0x0000000000002e3c
R12=0x00007f644541a940, R13=0x0000000000002a2b, R14=0x0000000000112178, R15=0x00007f644541a970
RIP=0x00007f64604572d0, EFLAGS=0x0000000000010206, CSGSFS=0x0000000000000033, ERR=0x0000000000000006
  TRAPNO=0x000000000000000e

Top of Stack: (sp=0x00007f644541a888)
0x00007f644541a888:   00007f645f67b14b 00007f6400000000
0x00007f644541a898:   00007f644541a940 00007f645ff6ec00
0x00007f644541a8a8:   00007f6420a0bdf0 00007f644541a9b0
0x00007f644541a8b8:   00007f644541abb0 00007f644541ab00
0x00007f644541a8c8:   00007f645f485132 00007f644541a9e0
0x00007f644541a8d8:   00007f645f7bfc7c 00007f644541a910
0x00007f644541a8e8:   00007f644541a970 00000000000003d8
0x00007f644541a8f8:   00007f6420a0c1d8 00007f6420a0be00
0x00007f644541a908:   00007f644541aa10 0000000000000002
0x00007f644541a918:   00007f642cf6fa50 00007f642cf6fa50
0x00007f644541a928:   00007f642cf6fa60 00007f642cf6fe38
0x00007f644541a938:   00000000000003d8 00007f6400000002
0x00007f644541a948:   00007f6420a0bdf0 00007f642de34f90
0x00007f644541a958:   00007f642df47120 00007f642df47120
0x00007f644541a968:   00000000002b8038 00007f640000000c
0x00007f644541a978:   00007f644541cfc0 00007f642dbb3140
0x00007f644541a988:   00007f645f36f900 00007f642de34fa0
0x00007f644541a998:   00007f6400002a2b 00007f644541a940
0x00007f644541a9a8:   00007f6420a0be00 000000000000000a
0x00007f644541a9b8:   00007f644541cfc0 00007f642cd22a60
0x00007f644541a9c8:   00007f642d00b6d0 00007f642d368730
0x00007f644541a9d8:   00007f642d36bb00 00007f642d894980
0x00007f644541a9e8:   00007f644541ab20 00007f644541acc0
0x00007f644541a9f8:   00007f6400000df3 00007f644541a940
0x00007f644541aa08:   00007f645f65c4bd 00007f645ff21390
0x00007f644541aa18:   00007f640000000d 00007f644541cfc0
0x00007f644541aa28:   00007f644541abb0 00007f6400002c20
0x00007f644541aa38:   00007f645f982d29 00007f644541aab0
0x00007f644541aa48:   00007f644541abb0 00007f644541aab0
0x00007f644541aa58:   00007f644541aa80 00007f644541ab00
0x00007f644541aa68:   00007f645f4813cf 00007ffc1afcdc2a
0x00007f644541aa78:   3f589374bc6a7efa 0000023d00000058 

Instructions: (pc=0x00007f64604572d0)
0x00007f64604572b0:   47 20 f3 0f 7f 44 17 d0 f3 0f 7f 47 30 f3 0f 7f
0x00007f64604572c0:   44 17 c0 48 01 fa 48 83 e2 c0 48 39 d1 74 a5 90
0x00007f64604572d0:   66 0f 7f 01 66 0f 7f 41 10 66 0f 7f 41 20 66 0f
0x00007f64604572e0:   7f 41 30 48 83 c1 40 48 39 ca 75 e4 f3 c3 66 48 

Register to memory mapping:

RAX=0x00007f642de34fa0 is an unknown value
RBX=0x0000000000112180 is an unknown value
RCX=0x00007f642de66000 is an unknown value
RDX=0x00007f642df47100 is an unknown value
RSP=0x00007f644541a888 is pointing into the stack for thread: 0x00007f64580b4000
RBP=0x00007f644541a8c0 is pointing into the stack for thread: 0x00007f64580b4000
RSI=0x0000000000000000 is an unknown value
RDI=0x00007f642de34fa0 is an unknown value
R8 =0x0000000000000000 is an unknown value
R9 =0x0000000000000001 is an unknown value
R10=0x0000000000002ba6 is an unknown value
R11=0x0000000000002e3c is an unknown value
R12=0x00007f644541a940 is pointing into the stack for thread: 0x00007f64580b4000
R13=0x0000000000002a2b is an unknown value
R14=0x0000000000112178 is an unknown value
R15=0x00007f644541a970 is pointing into the stack for thread: 0x00007f64580b4000


Stack: [0x00007f644531e000,0x00007f644541f000],  sp=0x00007f644541a888,  free space=1010k
Native frames: (J=compiled Java code, j=interpreted, Vv=VM code, C=native code)
C  [libc.so.6+0x8f2d0]
V  [libjvm.so+0x3e2132]  PhaseChaitin::Register_Allocate()+0x5d2
V  [libjvm.so+0x468168]  Compile::Code_Gen()+0x258
V  [libjvm.so+0x46945e]  Compile::Compile(ciEnv*, C2Compiler*, ciMethod*, int, bool, bool, bool)+0x113e
V  [libjvm.so+0x3c6038]  C2Compiler::compile_method(ciEnv*, ciMethod*, int)+0x1c8
V  [libjvm.so+0x471ad2]  CompileBroker::invoke_compiler_on_method(CompileTask*)+0x8b2
V  [libjvm.so+0x472988]  CompileBroker::compiler_thread_loop()+0x4e8
V  [libjvm.so+0x996db8]  JavaThread::thread_main_inner()+0xd8
V  [libjvm.so+0x84e792]  java_start(Thread*)+0xf2
C  [libpthread.so.0+0x76ba]  start_thread+0xca


Current CompileTask:
C2:14938423 23304   !   4       com.android.ide.common.res2.ResourceSet::createFileAndItemsFromXml (490 bytes)


---------------  P R O C E S S  ---------------

Java Threads: ( => current thread )
  0x00007f642da37000 JavaThread "Task worker for ':'" [_thread_blocked, id=13906, stack(0x00007f640bafd000,0x00007f640bbfe000)]
  0x00007f642da36000 JavaThread "Cache worker for task history cache (/home/iduma/Documents/MedManager2/.gradle/4.1/taskHistory)" [_thread_blocked, id=13905, stack(0x00007f641c4ac000,0x00007f641c5ad000)]
  0x00007f642daa5800 JavaThread "Cache worker for file content cache (/home/iduma/Documents/MedManager2/.gradle/4.1/fileContent)" [_thread_blocked, id=13904, stack(0x00007f64085e2000,0x00007f64086e3000)]
  0x00007f642d233000 JavaThread "build operations Thread 2" [_thread_blocked, id=13899, stack(0x00007f640806d000,0x00007f640816e000)]
  0x00007f642d232000 JavaThread "build operations" [_thread_blocked, id=13898, stack(0x00007f64082e1000,0x00007f64083e2000)]
  0x00007f642cefd800 JavaThread "Cache worker for Artifact transforms cache (/home/iduma/.gradle/caches/transforms-1)" [_thread_blocked, id=13887, stack(0x00007f641c3ab000,0x00007f641c4ac000)]
  0x00007f642d2d2000 JavaThread "Cache worker for file hash cache (/home/iduma/Documents/MedManager2/.gradle/4.1/fileHashes)" [_thread_blocked, id=13883, stack(0x00007f641c5ad000,0x00007f641c6ae000)]
  0x00007f642d316000 JavaThread "Asynchronous log dispatcher for DefaultDaemonConnection: socket connection from /127.0.0.1:39828 to /127.0.0.1:60236" [_thread_blocked, id=13881, stack(0x00007f6402c1c000,0x00007f6402d1d000)]
  0x00007f641000a000 JavaThread "Daemon worker Thread 7" [_thread_in_Java, id=13878, stack(0x00007f6402f1f000,0x00007f6403020000)]
  0x00007f6410005800 JavaThread "Cancel handler" [_thread_blocked, id=13877, stack(0x00007f6403eff000,0x00007f6404000000)]
  0x00007f6410004000 JavaThread "Handler for socket connection from /127.0.0.1:39828 to /127.0.0.1:60236" [_thread_in_native, id=13875, stack(0x00007f6402113000,0x00007f6402214000)]
  0x00007f6414174800 JavaThread "Daemon Thread 7" [_thread_blocked, id=13874, stack(0x00007f641c7af000,0x00007f641c8b0000)]
  0x00007f6404a7c800 JavaThread "Java2D Disposer" daemon [_thread_blocked, id=9491, stack(0x00007f6403222000,0x00007f6403323000)]
  0x00007f6404e95800 JavaThread "Memory manager" [_thread_blocked, id=5937, stack(0x00007f6409bf9000,0x00007f6409cfa000)]
  0x00007f64041da800 JavaThread "File lock request listener" [_thread_in_native, id=5928, stack(0x00007f640bdfe000,0x00007f640beff000)]
  0x00007f64041c7000 JavaThread "Cache worker for file hash cache (/home/iduma/.gradle/caches/4.1/fileHashes)" [_thread_blocked, id=5927, stack(0x00007f640beff000,0x00007f640c000000)]
  0x00007f6458ca3800 JavaThread "Daemon periodic checks" [_thread_blocked, id=5917, stack(0x00007f641c8b0000,0x00007f641c9b1000)]
  0x00007f6458c87800 JavaThread "Incoming local TCP Connector on port 39828" [_thread_in_native, id=5916, stack(0x00007f641c9b8000,0x00007f641cab9000)]
  0x00007f64580ba000 JavaThread "Service Thread" daemon [_thread_blocked, id=5914, stack(0x00007f644511c000,0x00007f644521d000)]
  0x00007f64580b7000 JavaThread "C1 CompilerThread1" daemon [_thread_blocked, id=5913, stack(0x00007f644521d000,0x00007f644531e000)]
=>0x00007f64580b4000 JavaThread "C2 CompilerThread0" daemon [_thread_in_native, id=5912, stack(0x00007f644531e000,0x00007f644541f000)]
  0x00007f64580b2800 JavaThread "Signal Dispatcher" daemon [_thread_blocked, id=5911, stack(0x00007f644541f000,0x00007f6445520000)]
  0x00007f6458080000 JavaThread "Finalizer" daemon [_thread_blocked, id=5910, stack(0x00007f64457f8000,0x00007f64458f9000)]
  0x00007f645807b800 JavaThread "Reference Handler" daemon [_thread_blocked, id=5909, stack(0x00007f64458f9000,0x00007f64459fa000)]
  0x00007f645800a800 JavaThread "main" [_thread_blocked, id=5905, stack(0x00007f6460ab0000,0x00007f6460bb1000)]

Other Threads:
  0x00007f6458074000 VMThread [stack: 0x00007f64459fa000,0x00007f6445afb000] [id=5908]
  0x00007f64580bc000 WatcherThread [stack: 0x00007f644501b000,0x00007f644511c000] [id=5915]

VM state:synchronizing (normal execution)

VM Mutex/Monitor currently owned by a thread:  ([mutex/lock_event])
[0x00007f6458006d80] Safepoint_lock - owner thread: 0x00007f6458074000
[0x00007f6458006e00] Threads_lock - owner thread: 0x00007f6458074000

Heap:
 PSYoungGen      total 480768K, used 71724K [0x00000000e0000000, 0x00000000ffd80000, 0x0000000100000000)
  eden space 442368K, 15% used [0x00000000e0000000,0x00000000e42fa890,0x00000000fb000000)
  from space 38400K, 8% used [0x00000000fb000000,0x00000000fb310b60,0x00000000fd580000)
  to   space 37376K, 0% used [0x00000000fd900000,0x00000000fd900000,0x00000000ffd80000)
 ParOldGen       total 196608K, used 127176K [0x00000000a0000000, 0x00000000ac000000, 0x00000000e0000000)
  object space 196608K, 64% used [0x00000000a0000000,0x00000000a7c321d0,0x00000000ac000000)
 Metaspace       used 86501K, capacity 93164K, committed 93528K, reserved 1130496K
  class space    used 10814K, capacity 12214K, committed 12416K, reserved 1048576K

Card table byte_map: [0x00007f645d634000,0x00007f645d935000] byte_map_base: 0x00007f645d134000

Marking Bits: (ParMarkBitMap*) 0x00007f645ff783e0
 Begin Bits: [0x00007f6446000000, 0x00007f6447800000)
 End Bits:   [0x00007f6447800000, 0x00007f6449000000)

Polling page: 0x00007f6460bcc000

CodeCache: size=245760Kb used=58182Kb max_used=58404Kb free=187577Kb
 bounds [0x00007f6449000000, 0x00007f644c980000, 0x00007f6458000000]
 total_blobs=18728 nmethods=17772 adapters=869
 compilation: enabled

Compilation events (10 events):
Event: 14917.909 Thread 0x00007f64580b7000 23301       3       java.nio.HeapCharBuffer::slice (31 bytes)
Event: 14917.910 Thread 0x00007f64580b7000 nmethod 23301 0x00007f64491feb50 code [0x00007f64491fece0, 0x00007f64491ff248]
Event: 14917.910 Thread 0x00007f64580b7000 23302       3       java.nio.HeapCharBuffer::<init> (14 bytes)
Event: 14917.910 Thread 0x00007f64580b7000 nmethod 23302 0x00007f644acb8050 code [0x00007f644acb81c0, 0x00007f644acb8408]
Event: 14919.509 Thread 0x00007f64580b4000 23303       4       com.android.resources.Density::getEnum (42 bytes)
Event: 14919.513 Thread 0x00007f64580b4000 nmethod 23303 0x00007f644bbb3950 code [0x00007f644bbb3aa0, 0x00007f644bbb3d98]
Event: 14920.815 Thread 0x00007f64580b4000 23304   !   4       com.android.ide.common.res2.ResourceSet::createFileAndItemsFromXml (490 bytes)
Event: 14923.397 Thread 0x00007f64580b7000 23306       3       org.gradle.internal.resources.DefaultResourceLockCoordinationService$AcquireLocks::transform (62 bytes)
Event: 14923.417 Thread 0x00007f64580b7000 nmethod 23306 0x00007f644b4c7950 code [0x00007f644b4c7b20, 0x00007f644b4c8218]
Event: 14924.131 Thread 0x00007f64580b7000 23307       3       com.google.common.collect.ImmutableList::copyOf (22 bytes)

GC Heap History (10 events):
Event: 8689.380 GC heap before
{Heap before GC invocations=31 (full 4):
 PSYoungGen      total 420864K, used 384837K [0x00000000e0000000, 0x00000000fc800000, 0x0000000100000000)
  eden space 379904K, 99% used [0x00000000e0000000,0x00000000f72a9c58,0x00000000f7300000)
  from space 40960K, 12% used [0x00000000fa000000,0x00000000fa527a00,0x00000000fc800000)
  to   space 43520K, 0% used [0x00000000f7300000,0x00000000f7300000,0x00000000f9d80000)
 ParOldGen       total 196608K, used 118939K [0x00000000a0000000, 0x00000000ac000000, 0x00000000e0000000)
  object space 196608K, 60% used [0x00000000a0000000,0x00000000a7426d88,0x00000000ac000000)
 Metaspace       used 84365K, capacity 89426K, committed 91096K, reserved 1128448K
  class space    used 10534K, capacity 11657K, committed 12032K, reserved 1048576K
Event: 8689.385 GC heap after
Heap after GC invocations=31 (full 4):
 PSYoungGen      total 423424K, used 96K [0x00000000e0000000, 0x0000000100000000, 0x0000000100000000)
  eden space 379904K, 0% used [0x00000000e0000000,0x00000000e0000000,0x00000000f7300000)
  from space 43520K, 0% used [0x00000000f7300000,0x00000000f7318000,0x00000000f9d80000)
  to   space 43520K, 0% used [0x00000000fd580000,0x00000000fd580000,0x0000000100000000)
 ParOldGen       total 196608K, used 120393K [0x00000000a0000000, 0x00000000ac000000, 0x00000000e0000000)
  object space 196608K, 61% used [0x00000000a0000000,0x00000000a75924d8,0x00000000ac000000)
 Metaspace       used 84365K, capacity 89426K, committed 91096K, reserved 1128448K
  class space    used 10534K, capacity 11657K, committed 12032K, reserved 1048576K
}
Event: 8737.528 GC heap before
{Heap before GC invocations=32 (full 4):
 PSYoungGen      total 423424K, used 380000K [0x00000000e0000000, 0x0000000100000000, 0x0000000100000000)
  eden space 379904K, 100% used [0x00000000e0000000,0x00000000f7300000,0x00000000f7300000)
  from space 43520K, 0% used [0x00000000f7300000,0x00000000f7318000,0x00000000f9d80000)
  to   space 43520K, 0% used [0x00000000fd580000,0x00000000fd580000,0x0000000100000000)
 ParOldGen       total 196608K, used 120393K [0x00000000a0000000, 0x00000000ac000000, 0x00000000e0000000)
  object space 196608K, 61% used [0x00000000a0000000,0x00000000a75924d8,0x00000000ac000000)
 Metaspace       used 84839K, capacity 90146K, committed 91352K, reserved 1128448K
  class space    used 10572K, capacity 11731K, committed 12032K, reserved 1048576K
Event: 8737.581 GC heap after
Heap after GC invocations=32 (full 4):
 PSYoungGen      total 477696K, used 6718K [0x00000000e0000000, 0x00000000ffd00000, 0x0000000100000000)
  eden space 437248K, 0% used [0x00000000e0000000,0x00000000e0000000,0x00000000fab00000)
  from space 40448K, 16% used [0x00000000fd580000,0x00000000fdc0fba8,0x00000000ffd00000)
  to   space 41984K, 0% used [0x00000000fab00000,0x00000000fab00000,0x00000000fd400000)
 ParOldGen       total 196608K, used 120425K [0x00000000a0000000, 0x00000000ac000000, 0x00000000e0000000)
  object space 196608K, 61% used [0x00000000a0000000,0x00000000a759a4d8,0x00000000ac000000)
 Metaspace       used 84839K, capacity 90146K, committed 91352K, reserved 1128448K
  class space    used 10572K, capacity 11731K, committed 12032K, reserved 1048576K
}
Event: 8739.741 GC heap before
{Heap before GC invocations=33 (full 4):
 PSYoungGen      total 477696K, used 443459K [0x00000000e0000000, 0x00000000ffd00000, 0x0000000100000000)
  eden space 437248K, 99% used [0x00000000e0000000,0x00000000faa810f8,0x00000000fab00000)
  from space 40448K, 16% used [0x00000000fd580000,0x00000000fdc0fba8,0x00000000ffd00000)
  to   space 41984K, 0% used [0x00000000fab00000,0x00000000fab00000,0x00000000fd400000)
 ParOldGen       total 196608K, used 120425K [0x00000000a0000000, 0x00000000ac000000, 0x00000000e0000000)
  object space 196608K, 61% used [0x00000000a0000000,0x00000000a759a4d8,0x00000000ac000000)
 Metaspace       used 85215K, capacity 90484K, committed 91608K, reserved 1128448K
  class space    used 10605K, capacity 11772K, committed 12032K, reserved 1048576K
Event: 8739.849 GC heap after
Heap after GC invocations=33 (full 4):
 PSYoungGen      total 479232K, used 12273K [0x00000000e0000000, 0x00000000ffb80000, 0x0000000100000000)
  eden space 437248K, 0% used [0x00000000e0000000,0x00000000e0000000,0x00000000fab00000)
  from space 41984K, 29% used [0x00000000fab00000,0x00000000fb6fc5a8,0x00000000fd400000)
  to   space 38912K, 0% used [0x00000000fd580000,0x00000000fd580000,0x00000000ffb80000)
 ParOldGen       total 196608K, used 126113K [0x00000000a0000000, 0x00000000ac000000, 0x00000000e0000000)
  object space 196608K, 64% used [0x00000000a0000000,0x00000000a7b28470,0x00000000ac000000)
 Metaspace       used 85215K, capacity 90484K, committed 91608K, reserved 1128448K
  class space    used 10605K, capacity 11772K, committed 12032K, reserved 1048576K
}
Event: 8912.444 GC heap before
{Heap before GC invocations=34 (full 4):
 PSYoungGen      total 479232K, used 449521K [0x00000000e0000000, 0x00000000ffb80000, 0x0000000100000000)
  eden space 437248K, 100% used [0x00000000e0000000,0x00000000fab00000,0x00000000fab00000)
  from space 41984K, 29% used [0x00000000fab00000,0x00000000fb6fc5a8,0x00000000fd400000)
  to   space 38912K, 0% used [0x00000000fd580000,0x00000000fd580000,0x00000000ffb80000)
 ParOldGen       total 196608K, used 126113K [0x00000000a0000000, 0x00000000ac000000, 0x00000000e0000000)
  object space 196608K, 64% used [0x00000000a0000000,0x00000000a7b28470,0x00000000ac000000)
 Metaspace       used 85320K, capacity 90736K, committed 91992K, reserved 1128448K
  class space    used 10616K, capacity 11812K, committed 12160K, reserved 1048576K
Event: 8912.753 GC heap after
Heap after GC invocations=34 (full 4):
 PSYoungGen      total 481280K, used 2484K [0x00000000e0000000, 0x00000000ffc00000, 0x0000000100000000)
  eden space 442368K, 0% used [0x00000000e0000000,0x00000000e0000000,0x00000000fb000000)
  from space 38912K, 6% used [0x00000000fd580000,0x00000000fd7ed138,0x00000000ffb80000)
  to   space 38400K, 0% used [0x00000000fb000000,0x00000000fb000000,0x00000000fd580000)
 ParOldGen       total 196608K, used 126673K [0x00000000a0000000, 0x00000000ac000000, 0x00000000e0000000)
  object space 196608K, 64% used [0x00000000a0000000,0x00000000a7bb4490,0x00000000ac000000)
 Metaspace       used 85320K, capacity 90736K, committed 91992K, reserved 1128448K
  class space    used 10616K, capacity 11812K, committed 12160K, reserved 1048576K
}
Event: 14792.792 GC heap before
{Heap before GC invocations=35 (full 4):
 PSYoungGen      total 481280K, used 444852K [0x00000000e0000000, 0x00000000ffc00000, 0x0000000100000000)
  eden space 442368K, 100% used [0x00000000e0000000,0x00000000fb000000,0x00000000fb000000)
  from space 38912K, 6% used [0x00000000fd580000,0x00000000fd7ed138,0x00000000ffb80000)
  to   space 38400K, 0% used [0x00000000fb000000,0x00000000fb000000,0x00000000fd580000)
 ParOldGen       total 196608K, used 126673K [0x00000000a0000000, 0x00000000ac000000, 0x00000000e0000000)
  object space 196608K, 64% used [0x00000000a0000000,0x00000000a7bb4490,0x00000000ac000000)
 Metaspace       used 86193K, capacity 92554K, committed 92888K, reserved 1130496K
  class space    used 10764K, capacity 12123K, committed 12288K, reserved 1048576K
Event: 14821.894 GC heap after
Heap after GC invocations=35 (full 4):
 PSYoungGen      total 480768K, used 3138K [0x00000000e0000000, 0x00000000ffd80000, 0x0000000100000000)
  eden space 442368K, 0% used [0x00000000e0000000,0x00000000e0000000,0x00000000fb000000)
  from space 38400K, 8% used [0x00000000fb000000,0x00000000fb310b60,0x00000000fd580000)
  to   space 37376K, 0% used [0x00000000fd900000,0x00000000fd900000,0x00000000ffd80000)
 ParOldGen       total 196608K, used 127176K [0x00000000a0000000, 0x00000000ac000000, 0x00000000e0000000)
  object space 196608K, 64% used [0x00000000a0000000,0x00000000a7c321d0,0x00000000ac000000)
 Metaspace       used 86193K, capacity 92554K, committed 92888K, reserved 1130496K
  class space    used 10764K, capacity 12123K, committed 12288K, reserved 1048576K
}

Deoptimization events (10 events):
Event: 9164.323 Thread 0x00007f6430020000 Uncommon trap: reason=speculate_class_check action=maybe_recompile pc=0x00007f644c8a7318 method=java.lang.StringCoding.decode(Ljava/nio/charset/Charset;[BII)[C @ 91
Event: 9164.325 Thread 0x00007f6430020000 Uncommon trap: reason=speculate_class_check action=maybe_recompile pc=0x00007f644c8a7318 method=java.lang.StringCoding.decode(Ljava/nio/charset/Charset;[BII)[C @ 91
Event: 14884.743 Thread 0x00007f641000a000 Uncommon trap: reason=null_check action=make_not_entrant pc=0x00007f6449d2f4d4 method=org.gradle.api.internal.collections.CollectionFilter.filter(Ljava/lang/Object;)Ljava/lang/Object; @ 5
Event: 14914.492 Thread 0x00007f641000a000 Uncommon trap: reason=array_check action=maybe_recompile pc=0x00007f644c868cb8 method=java.util.TimSort.reverseRange([Ljava/lang/Object;II)V @ 20
Event: 14914.843 Thread 0x00007f641000a000 Uncommon trap: reason=array_check action=maybe_recompile pc=0x00007f644c868cb8 method=java.util.TimSort.reverseRange([Ljava/lang/Object;II)V @ 20
Event: 14923.718 Thread 0x00007f641000a000 Uncommon trap: reason=unstable_if action=reinterpret pc=0x00007f644b277280 method=com.android.ide.common.res2.FileResourceNameValidator.getErrorTextForNameWithoutExtension(Ljava/lang/String;Lcom/android/resources/ResourceFolderType;)Ljava/lang/String; @ 6
Event: 14923.753 Thread 0x00007f641000a000 Uncommon trap: reason=unstable_if action=reinterpret pc=0x00007f644c1eaa34 method=java.util.Formatter$FormatSpecifier.<init>(Ljava/util/Formatter;Ljava/util/regex/Matcher;)V @ 169
Event: 14924.428 Thread 0x00007f641000a000 Uncommon trap: reason=class_check action=maybe_recompile pc=0x00007f644b6436c0 method=com.google.common.base.Joiner.toString(Ljava/lang/Object;)Ljava/lang/CharSequence; @ 6
Event: 14925.079 Thread 0x00007f641000a000 Uncommon trap: reason=class_check action=maybe_recompile pc=0x00007f644b6436c0 method=com.google.common.base.Joiner.toString(Ljava/lang/Object;)Ljava/lang/CharSequence; @ 6
Event: 14925.093 Thread 0x00007f641000a000 Uncommon trap: reason=class_check action=maybe_recompile pc=0x00007f644b6436c0 method=com.google.common.base.Joiner.toString(Ljava/lang/Object;)Ljava/lang/CharSequence; @ 6

Classes redefined (0 events):
No events

Internal exceptions (10 events):
Event: 14884.379 Thread 0x00007f6404e95800 Exception <a 'java/io/IOException'> (0x00000000e118bad0) thrown at [/ssd/Android/AOSP-openjdk-git/jdk8u/hotspot/src/share/vm/prims/jni.cpp, line 709]
Event: 14884.723 Thread 0x00007f641000a000 Implicit null exception at 0x00007f6449d2f380 to 0x00007f6449d2f4c1
Event: 14889.431 Thread 0x00007f6404e95800 Exception <a 'java/io/IOException'> (0x00000000e1193e10) thrown at [/ssd/Android/AOSP-openjdk-git/jdk8u/hotspot/src/share/vm/prims/jni.cpp, line 709]
Event: 14894.427 Thread 0x00007f6404e95800 Exception <a 'java/io/IOException'> (0x00000000e27580c8) thrown at [/ssd/Android/AOSP-openjdk-git/jdk8u/hotspot/src/share/vm/prims/jni.cpp, line 709]
Event: 14899.359 Thread 0x00007f6404e95800 Exception <a 'java/io/IOException'> (0x00000000e2760408) thrown at [/ssd/Android/AOSP-openjdk-git/jdk8u/hotspot/src/share/vm/prims/jni.cpp, line 709]
Event: 14904.372 Thread 0x00007f6404e95800 Exception <a 'java/io/IOException'> (0x00000000e2768748) thrown at [/ssd/Android/AOSP-openjdk-git/jdk8u/hotspot/src/share/vm/prims/jni.cpp, line 709]
Event: 14909.322 Thread 0x00007f6404e95800 Exception <a 'java/io/IOException'> (0x00000000e2770c30) thrown at [/ssd/Android/AOSP-openjdk-git/jdk8u/hotspot/src/share/vm/prims/jni.cpp, line 709]
Event: 14914.313 Thread 0x00007f6404e95800 Exception <a 'java/io/IOException'> (0x00000000e2779118) thrown at [/ssd/Android/AOSP-openjdk-git/jdk8u/hotspot/src/share/vm/prims/jni.cpp, line 709]
Event: 14919.355 Thread 0x00007f6404e95800 Exception <a 'java/io/IOException'> (0x00000000e2781458) thrown at [/ssd/Android/AOSP-openjdk-git/jdk8u/hotspot/src/share/vm/prims/jni.cpp, line 709]
Event: 14924.325 Thread 0x00007f6404e95800 Exception <a 'java/io/IOException'> (0x00000000e2789940) thrown at [/ssd/Android/AOSP-openjdk-git/jdk8u/hotspot/src/share/vm/prims/jni.cpp, line 709]

Events (10 events):
Event: 14923.799 loading class com/android/ide/common/res2/MergingException$Builder done
Event: 14924.428 Thread 0x00007f641000a000 Uncommon trap: trap_request=0xffffffde fr.pc=0x00007f644b6436c0
Event: 14924.428 Thread 0x00007f641000a000 DEOPT PACKING pc=0x00007f644b6436c0 sp=0x00007f640301ae80
Event: 14924.428 Thread 0x00007f641000a000 DEOPT UNPACKING pc=0x00007f6449004f69 sp=0x00007f640301ade8 mode 2
Event: 14925.079 Thread 0x00007f641000a000 Uncommon trap: trap_request=0xffffffde fr.pc=0x00007f644b6436c0
Event: 14925.079 Thread 0x00007f641000a000 DEOPT PACKING pc=0x00007f644b6436c0 sp=0x00007f640301acf0
Event: 14925.079 Thread 0x00007f641000a000 DEOPT UNPACKING pc=0x00007f6449004f69 sp=0x00007f640301ac58 mode 2
Event: 14925.093 Thread 0x00007f641000a000 Uncommon trap: trap_request=0xffffffde fr.pc=0x00007f644b6436c0
Event: 14925.093 Thread 0x00007f641000a000 DEOPT PACKING pc=0x00007f644b6436c0 sp=0x00007f640301ad70
Event: 14925.093 Thread 0x00007f641000a000 DEOPT UNPACKING pc=0x00007f6449004f69 sp=0x00007f640301acd8 mode 2


Dynamic libraries:
00400000-00401000 r-xp 00000000 08:06 1573820                            /opt/android-studio/jre/bin/java
00600000-00601000 r--p 00000000 08:06 1573820                            /opt/android-studio/jre/bin/java
00601000-00602000 rw-p 00001000 08:06 1573820                            /opt/android-studio/jre/bin/java
010df000-011c3000 rw-p 00000000 00:00 0                                  [heap]
a0000000-ac000000 rw-p 00000000 00:00 0 
ac000000-e0000000 ---p 00000000 00:00 0 
e0000000-ffd80000 rw-p 00000000 00:00 0 
ffd80000-100000000 ---p 00000000 00:00 0 
100000000-100c20000 rw-p 00000000 00:00 0 
100c20000-140000000 ---p 00000000 00:00 0 
7f6400497000-7f64005d7000 rw-p 00000000 00:00 0 
7f64005d7000-7f6400697000 ---p 00000000 00:00 0 
7f6400697000-7f64010f5000 rw-p 00000000 00:00 0 
7f64010f5000-7f64012f5000 rw-p 00000000 00:00 0 
7f64012f5000-7f64014f5000 rw-p 00000000 00:00 0 
7f64014f5000-7f64016f5000 rw-p 00000000 00:00 0 
7f64016f5000-7f64018f5000 rw-p 00000000 00:00 0 
7f64018f5000-7f6401af5000 rw-p 00000000 00:00 0 
7f6401af5000-7f6401c10000 r--s 02008000 08:06 789092                     /home/iduma/.gradle/caches/jars-3/9955734f77abc673a38c7cd4c0214af5/android.jar
7f6401c10000-7f6401e10000 rw-p 00000000 00:00 0 
7f6401e10000-7f6401e13000 ---p 00000000 00:00 0 
7f6401e13000-7f6401f11000 rw-p 00000000 00:00 0 
7f6401f11000-7f6401f14000 ---p 00000000 00:00 0 
7f6401f14000-7f6402012000 rw-p 00000000 00:00 0 
7f6402012000-7f6402015000 ---p 00000000 00:00 0 
7f6402015000-7f6402113000 rw-p 00000000 00:00 0 
7f6402113000-7f6402116000 ---p 00000000 00:00 0 
7f6402116000-7f6402214000 rw-p 00000000 00:00 0 
7f6402214000-7f6402217000 ---p 00000000 00:00 0 
7f6402217000-7f6402315000 rw-p 00000000 00:00 0 
7f6402315000-7f6402318000 ---p 00000000 00:00 0 
7f6402318000-7f6402416000 rw-p 00000000 00:00 0 
7f6402416000-7f6402419000 ---p 00000000 00:00 0 
7f6402419000-7f6402517000 rw-p 00000000 00:00 0 
7f6402517000-7f640251a000 ---p 00000000 00:00 0 
7f640251a000-7f6402618000 rw-p 00000000 00:00 0 
7f6402618000-7f640261b000 ---p 00000000 00:00 0 
7f640261b000-7f6402719000 rw-p 00000000 00:00 0 
7f6402719000-7f640271c000 ---p 00000000 00:00 0 
7f640271c000-7f6402a1a000 rw-p 00000000 00:00 0 
7f6402a1a000-7f6402a1d000 ---p 00000000 00:00 0 
7f6402a1d000-7f6402b1b000 rw-p 00000000 00:00 0 
7f6402b1b000-7f6402b1e000 ---p 00000000 00:00 0 
7f6402b1e000-7f6402c1c000 rw-p 00000000 00:00 0 
7f6402c1c000-7f6402c1f000 ---p 00000000 00:00 0 
7f6402c1f000-7f6402d1d000 rw-p 00000000 00:00 0 
7f6402d1d000-7f6402d20000 ---p 00000000 00:00 0 
7f6402d20000-7f6402e1e000 rw-p 00000000 00:00 0 
7f6402e1e000-7f6402e21000 ---p 00000000 00:00 0 
7f6402e21000-7f6402f1f000 rw-p 00000000 00:00 0 
7f6402f1f000-7f6402f22000 ---p 00000000 00:00 0 
7f6402f22000-7f6403020000 rw-p 00000000 00:00 0 
7f6403020000-7f6403023000 ---p 00000000 00:00 0 
7f6403023000-7f6403121000 rw-p 00000000 00:00 0 
7f6403121000-7f6403124000 ---p 00000000 00:00 0 
7f6403124000-7f6403222000 rw-p 00000000 00:00 0 
7f6403222000-7f6403225000 ---p 00000000 00:00 0 
7f6403225000-7f6403523000 rw-p 00000000 00:00 0 
7f6403523000-7f640352a000 r-xp 00000000 08:06 1573924                    /opt/android-studio/jre/jre/lib/amd64/libawt_headless.so
7f640352a000-7f6403729000 ---p 00007000 08:06 1573924                    /opt/android-studio/jre/jre/lib/amd64/libawt_headless.so
7f6403729000-7f640372a000 r--p 00006000 08:06 1573924                    /opt/android-studio/jre/jre/lib/amd64/libawt_headless.so
7f640372a000-7f640372b000 rw-p 00007000 08:06 1573924                    /opt/android-studio/jre/jre/lib/amd64/libawt_headless.so
7f640372b000-7f64037cc000 r-xp 00000000 08:06 1573914                    /opt/android-studio/jre/jre/lib/amd64/libawt.so
7f64037cc000-7f64039cb000 ---p 000a1000 08:06 1573914                    /opt/android-studio/jre/jre/lib/amd64/libawt.so
7f64039cb000-7f64039cc000 r--p 000a0000 08:06 1573914                    /opt/android-studio/jre/jre/lib/amd64/libawt.so
7f64039cc000-7f64039d7000 rw-p 000a1000 08:06 1573914                    /opt/android-studio/jre/jre/lib/amd64/libawt.so
7f64039d7000-7f6403bfc000 rw-p 00000000 00:00 0 
7f6403bfc000-7f6403bff000 ---p 00000000 00:00 0 
7f6403bff000-7f6403cfd000 rw-p 00000000 00:00 0 
7f6403cfd000-7f6403d00000 ---p 00000000 00:00 0 
7f6403d00000-7f6403dfe000 rw-p 00000000 00:00 0 
7f6403dfe000-7f6403e01000 ---p 00000000 00:00 0 
7f6403e01000-7f6403eff000 rw-p 00000000 00:00 0 
7f6403eff000-7f6403f02000 ---p 00000000 00:00 0 
7f6403f02000-7f6404000000 rw-p 00000000 00:00 0 
7f6404000000-7f64056ac000 rw-p 00000000 00:00 0 
7f64056ac000-7f6408000000 ---p 00000000 00:00 0 
7f6408042000-7f640805e000 r--s 00393000 08:06 1573979                    /opt/android-studio/jre/jre/lib/ext/cldrdata.jar
7f640805e000-7f6408068000 r--s 00116000 08:06 1573973                    /opt/android-studio/jre/jre/lib/ext/localedata.jar
7f6408068000-7f640806d000 r--s 002f9000 08:06 1573900                    /opt/android-studio/jre/jre/lib/charsets.jar
7f640806d000-7f6408070000 ---p 00000000 00:00 0 
7f6408070000-7f640816e000 rw-p 00000000 00:00 0 
7f640816e000-7f6408171000 ---p 00000000 00:00 0 
7f6408171000-7f64081a7000 rw-p 00000000 00:00 0 
7f64081a7000-7f64081aa000 ---p 00000000 00:00 0 
7f64081aa000-7f64081e0000 rw-p 00000000 00:00 0 
7f64081e0000-7f64081e3000 ---p 00000000 00:00 0 
7f64081e3000-7f64082e1000 rw-p 00000000 00:00 0 
7f64082e1000-7f64082e4000 ---p 00000000 00:00 0 
7f64082e4000-7f64085e2000 rw-p 00000000 00:00 0 
7f64085e2000-7f64085e5000 ---p 00000000 00:00 0 
7f64085e5000-7f64086e3000 rw-p 00000000 00:00 0 
7f64086e3000-7f64086e6000 ---p 00000000 00:00 0 
7f64086e6000-7f64089e4000 rw-p 00000000 00:00 0 
7f64089e4000-7f6408be4000 rw-p 00000000 00:00 0 
7f6408be4000-7f6408de4000 rw-p 00000000 00:00 0 
7f6408de4000-7f6408fe4000 rw-p 00000000 00:00 0 
7f6408fe4000-7f64091e4000 rw-p 00000000 00:00 0 
7f64091e4000-7f64093e4000 rw-p 00000000 00:00 0 
7f64093e4000-7f64095e4000 rw-p 00000000 00:00 0 
7f64095e4000-7f64095f6000 r--s 00345000 08:06 1573902                    /opt/android-studio/jre/jre/lib/resources.jar
7f64095f6000-7f64097f6000 rw-p 00000000 00:00 0 
7f64097f6000-7f64099f6000 rw-p 00000000 00:00 0 
7f64099f6000-7f64099f9000 r--s 00015000 08:06 1573901                    /opt/android-studio/jre/jre/lib/jce.jar
7f64099f9000-7f6409bf9000 rw-p 00000000 00:00 0 
7f6409bf9000-7f6409bfc000 ---p 00000000 00:00 0 
7f6409bfc000-7f6409efa000 rw-p 00000000 00:00 0 
7f6409efa000-7f640a0fa000 rw-p 00000000 00:00 0 
7f640a0fa000-7f640a2fa000 rw-p 00000000 00:00 0 
7f640a2fa000-7f640a305000 r--s 00081000 08:06 786887                     /home/iduma/.gradle/caches/jars-3/fc6e889a0f45cc9752787eb60f920103/trove4j-20160824.jar
7f640a305000-7f640a388000 r--s 00758000 08:06 786885                     /home/iduma/.gradle/caches/jars-3/b46ab84062ddfd52701cfe0a9718e764/intellij-core-26.0.1.jar
7f640a388000-7f640a38e000 r--s 00033000 08:06 786883                     /home/iduma/.gradle/caches/jars-3/f96c897d327ea500d64fe3af2833bd50/commons-codec-1.6.jar
7f640a38e000-7f640a390000 r--s 0000d000 08:06 786881                     /home/iduma/.gradle/caches/jars-3/ccc849edcf9fccd61ed937bf93ffe896/commons-logging-1.1.1.jar
7f640a390000-7f640a396000 r--s 00032000 08:06 786879                     /home/iduma/.gradle/caches/jars-3/72e344059d1923829968d0d38b0c3c72/httpcore-4.2.5.jar
7f640a396000-7f640a397000 r--s 00004000 08:06 786877                     /home/iduma/.gradle/caches/jars-3/3a4299d1ce3e273e7c03a9ccf5a1e333/annotations-12.0.jar
7f640a397000-7f640a398000 r--s 00000000 08:06 786875                     /home/iduma/.gradle/caches/jars-3/0e2fbc3b8c56d2975eca90c524790c13/animal-sniffer-annotations-1.14.jar
7f640a398000-7f640a39a000 r--s 00001000 08:06 786873                     /home/iduma/.gradle/caches/jars-3/ad41f8f3ac67c0323ce9eb1c20c8dc3f/j2objc-annotations-1.1.jar
7f640a39a000-7f640a39b000 r--s 00002000 08:06 786871                     /home/iduma/.gradle/caches/jars-3/9edb0f46b907c34c4718edabde6c791c/error_prone_annotations-2.0.18.jar
7f640a39b000-7f640a39e000 r--s 00006000 08:06 786869                     /home/iduma/.gradle/caches/jars-3/b58a9bc3bbba42132e4abc0bacae8da1/jsr305-1.3.9.jar
7f640a39e000-7f640a39f000 r--s 0000a000 08:06 786867                     /home/iduma/.gradle/caches/jars-3/5b8b36ed61fe92731031cca3c9b3a0b3/kxml2-2.3.0.jar
7f640a39f000-7f640a3a1000 r--s 00005000 08:06 786865                     /home/iduma/.gradle/caches/jars-3/f10e1e1978816198f2eb1189c974b440/httpmime-4.1.jar
7f640a3a1000-7f640a3ab000 r--s 00061000 08:06 786863                     /home/iduma/.gradle/caches/jars-3/bc4b2527f35dc983f759e8f85f3f8d52/httpclient-4.2.6.jar
7f640a3ab000-7f640a3b4000 r--s 00064000 08:06 786861                     /home/iduma/.gradle/caches/jars-3/fc37c717528c2a0d27f3e3621835f781/commons-compress-1.12.jar
7f640a3b4000-7f640a3b9000 r--s 0002e000 08:06 786859                     /home/iduma/.gradle/caches/jars-3/c5bcda7f6f4809e9c92270f99e51f154/gson-2.3.jar
7f640a3b9000-7f640a3c9000 r--s 000d6000 08:06 786857                     /home/iduma/.gradle/caches/jars-3/dbdb8caed2514263a34702cc763c6785/proguard-base-5.3.3.jar
7f640a3c9000-7f640a3cb000 r--s 00003000 08:06 786855                     /home/iduma/.gradle/caches/jars-3/01ab8600ebbfdcaf9b89b45c2b992e82/annotations-13.0.jar
7f640a3cb000-7f640a3cc000 r--s 00001000 08:06 786853                     /home/iduma/.gradle/caches/jars-3/dccac9b7f67766e57200b1770178f61c/annotations-26.0.1.jar
7f640a3cc000-7f640a3cf000 r--s 00033000 08:06 786851                     /home/iduma/.gradle/caches/jars-3/0ce03714647bf7bd3c78634c20ddbf38/juniversalchardet-1.0.3.jar
7f640a3cf000-7f640a3d3000 r--s 0002a000 08:06 786849                     /home/iduma/.gradle/caches/jars-3/9849af6d4b0409ba64061601342f385d/commons-io-2.4.jar
7f640a3d3000-7f640a3ea000 r--s 00154000 08:06 786847                     /home/iduma/.gradle/caches/jars-3/57adf9abd30c921d4ea1dfdcfe7b9efd/antlr4-4.5.3.jar
7f640a3ea000-7f640a3eb000 r--s 00003000 08:06 786845                     /home/iduma/.gradle/caches/jars-3/54a15dd332fd4c2e246ad396835dc0d2/baseLibrary-3.0.1.jar
7f640a3eb000-7f640a41b000 r--s 00245000 08:06 786843                     /home/iduma/.gradle/caches/jars-3/8e27cdebb49ba2f804f9403d90aaaac5/guava-22.0.jar
7f640a41b000-7f640a423000 r--s 000a8000 08:06 786841                     /home/iduma/.gradle/caches/jars-3/6cc57ce9ec0d90186f781694264d61bc/lombok-ast-0.2.3.jar
7f640a423000-7f640a427000 r--s 0002f000 08:06 786839                     /home/iduma/.gradle/caches/jars-3/505fcc8c47da308b2f1262f0ff3c65f1/jimfs-1.1.jar
7f640a427000-7f640a43a000 r--s 00241000 08:06 786837                     /home/iduma/.gradle/caches/jars-3/d8dc71eb6d91c966c45f7b594129e14a/ecj-4.6.1.jar
7f640a43a000-7f640a43b000 r--s 00003000 08:06 786835                     /home/iduma/.gradle/caches/jars-3/fdb8f5ebd6a086c4818336712b830716/json-simple-1.1.jar
7f640a43b000-7f640a560000 r--s 00f5d000 08:06 786833                     /home/iduma/.gradle/caches/jars-3/dfd566a90e18a0aa75879c33e0731ab8/fastutil-7.2.0.jar
7f640a560000-7f640a5ab000 r--s 002ff000 08:06 786831                     /home/iduma/.gradle/caches/jars-3/d3d44e9a7fcb4a86fb40775c385dd3d0/bcprov-jdk15on-1.56.jar
7f640a5ab000-7f640a5bc000 r--s 00097000 08:06 786829                     /home/iduma/.gradle/caches/jars-3/59ebb77d99c5ca0e24bb23272e0329dd/bcpkix-jdk15on-1.56.jar
7f640a5bc000-7f640a5be000 r--s 00002000 08:06 786827                     /home/iduma/.gradle/caches/jars-3/f268e5e8fc83bb846ac355d6a16b1f30/javawriter-2.5.0.jar
7f640a5be000-7f640a5c3000 r--s 0003b000 08:06 786825                     /home/iduma/.gradle/caches/jars-3/91bf67441f6ac57ccbb374f99f9ed0fc/apksig-3.0.1.jar
7f640a5c3000-7f640a5c6000 r--s 00024000 08:06 786823                     /home/iduma/.gradle/caches/jars-3/04183dcd1bde85515b23d1bbd46ea9bc/common-26.0.1.jar
7f640a5c6000-7f640a5c8000 r--s 00006000 08:06 786821                     /home/iduma/.gradle/caches/jars-3/a0ea702af2bdb16dfa1a50969b155dea/dvlib-26.0.1.jar
7f640a5c8000-7f640a5cb000 r--s 00014000 08:06 786819                     /home/iduma/.gradle/caches/jars-3/6abb718b4b844aa0386163f0c2f6eb72/layoutlib-api-26.0.1.jar
7f640a5cb000-7f640a5d0000 r--s 0004d000 08:06 786817                     /home/iduma/.gradle/caches/jars-3/65a80584522712b8832b7c1c03186c4b/ddmlib-26.0.1.jar
7f640a5d0000-7f640a5d1000 r--s 00003000 08:06 786815                     /home/iduma/.gradle/caches/jars-3/af01854c900e4906a368ef59064a245d/builder-test-api-3.0.1.jar
7f640a5d1000-7f640a5d4000 r--s 00007000 08:06 786813                     /home/iduma/.gradle/caches/jars-3/124ec36ab4edce0919b54d1123daa364/builder-model-3.0.1.jar
7f640a5d4000-7f640a5e3000 r--s 00130000 08:06 786811                     /home/iduma/.gradle/caches/jars-3/72ba1443c6adcea1f6ba21e12f0bb0fc/protobuf-java-3.0.0.jar
7f640a5e3000-7f640a5f6000 r--s 001a8000 08:06 786809                     /home/iduma/.gradle/caches/jars-3/a1cbdfb97e256e71fcbd29dc4584a785/protos-26.0.1.jar
7f640a5f6000-7f640a5f7000 r--s 00005000 08:06 786807                     /home/iduma/.gradle/caches/jars-3/ca5180624b528b15325a5d002dbfbb6d/shared-26.0.1.jar
7f640a5f7000-7f640a5f9000 r--s 00004000 08:06 786805                     /home/iduma/.gradle/caches/jars-3/07f12c2b6f66ca8d4d6bd02e9c9b060a/tracker-26.0.1.jar
7f640a5f9000-7f640a5fb000 r--s 00002000 08:06 786803                     /home/iduma/.gradle/caches/jars-3/e91624d2ed1c3b55eec9fd768ed13c1d/proguard-gradle-5.3.3.jar
7f640a5fb000-7f640a5fd000 r--s 0000f000 08:06 786801                     /home/iduma/.gradle/caches/jars-3/96760c32d36a5d7066e3ccf088bfd362/jopt-simple-4.9.jar
7f640a5fd000-7f640a601000 r--s 0001e000 08:06 786799                     /home/iduma/.gradle/caches/jars-3/0d3e95aba631209a078aeec58a76633d/org.jacoco.core-0.7.4.201502262128.jar
7f640a601000-7f640a604000 r--s 00020000 08:06 786797                     /home/iduma/.gradle/caches/jars-3/c72fc284d34f39eab57a4e3ba83405e9/org.jacoco.report-0.7.4.201502262128.jar
7f640a604000-7f640a606000 r--s 0000c000 08:06 786795                     /home/iduma/.gradle/caches/jars-3/9b0a36633c92c6e87e62c81734593183/asm-5.1.jar
7f640a606000-7f640a608000 r--s 00006000 08:06 786793                     /home/iduma/.gradle/caches/jars-3/50c8a7da333c41693b2b7ce95b6d9d89/asm-tree-5.1.jar
7f640a608000-7f640a609000 r--s 0000a000 08:06 786791                     /home/iduma/.gradle/caches/jars-3/c4f1f1d5a624f981d35a78d181e2c418/asm-util-5.1.jar
7f640a609000-7f640a60b000 r--s 0000a000 08:06 786789                     /home/iduma/.gradle/caches/jars-3/d37aa405961c464c627b1efe5def81b8/asm-commons-5.1.jar
7f640a60b000-7f640a60c000 r--s 00004000 08:06 786787                     /home/iduma/.gradle/caches/jars-3/2b2689d10a4425b1cb2d0654db2ea088/asm-analysis-5.1.jar
7f640a60c000-7f640a61b000 r--s 000c8000 08:06 786783                     /home/iduma/.gradle/caches/jars-3/af931fae44e009148423077fa09abbd1/kotlin-stdlib-1.1.3-2.jar
7f640a61b000-7f640a64d000 r--s 0021b000 08:06 786781                     /home/iduma/.gradle/caches/jars-3/24b2127528a18b338af82ff7ea236d45/kotlin-reflect-1.1.3-2.jar
7f640a64d000-7f640a653000 r--s 00030000 08:06 786779                     /home/iduma/.gradle/caches/jars-3/90ec49f8b88710e2876aefe447609abb/repository-26.0.1.jar
7f640a653000-7f640a65e000 r--s 0009b000 08:06 786777                     /home/iduma/.gradle/caches/jars-3/af771564c510a1c104220a8be892ab2d/sdklib-26.0.1.jar
7f640a65e000-7f640a66d000 r--s 000da000 08:06 786775                     /home/iduma/.gradle/caches/jars-3/50767da85151ce151711c301f4a0623c/sdk-common-26.0.1.jar
7f640a66d000-7f640a671000 r--s 00023000 08:06 786773                     /home/iduma/.gradle/caches/jars-3/186e268c3a12c0a405d658dabf9d64d2/manifest-merger-26.0.1.jar
7f640a671000-7f640a675000 r--s 0002e000 08:06 786771                     /home/iduma/.gradle/caches/jars-3/c519ce7b2f3637e909703f541c08c445/compilerCommon-3.0.1.jar
7f640a675000-7f640a677000 r--s 00003000 08:06 786769                     /home/iduma/.gradle/caches/jars-3/34cfdbf6cad3f54cc2f45521bf0374e7/gradle-api-3.0.1.jar
7f640a677000-7f640a686000 r--s 000cb000 08:06 786767                     /home/iduma/.gradle/caches/jars-3/e5c09abb4b0acf0785ecd8a8015ab959/uast-26.0.1.jar
7f640a686000-7f640a68d000 r--s 0007f000 08:06 786765                     /home/iduma/.gradle/caches/jars-3/b1f5a73634581e955e7f89376aea2d48/lint-api-26.0.1.jar
7f640a68d000-7f640a696000 r--s 000ff000 08:06 786763                     /home/iduma/.gradle/caches/jars-3/75e696a5531ca85e1fe447df83f74bd2/lint-checks-26.0.1.jar
7f640a696000-7f640a699000 r--s 00039000 08:06 786761                     /home/iduma/.gradle/caches/jars-3/7fa6c4fcdd1d81db4cc9c7439ce29486/lint-26.0.1.jar
7f640a699000-7f640a6c9000 r--s 01983000 08:06 786759                     /home/iduma/.gradle/caches/jars-3/add7f1627b730db059119a8274a10c21/builder-3.0.1.jar
7f640a6c9000-7f640a6ec000 r--s 0020b000 08:06 786757                     /home/iduma/.gradle/caches/jars-3/4adae2b762c8552c6e3aa2ded1493e4b/gradle-core-3.0.1.jar
7f640a6ec000-7f640a6ee000 r--s 0000f000 08:06 786755                     /home/iduma/.gradle/caches/jars-3/afd86a0d8507fd7f2e97461eaf9e4416/gradle-3.0.1.jar
7f640a6ee000-7f640a6f1000 ---p 00000000 00:00 0 
7f640a6f1000-7f640a7ef000 rw-p 00000000 00:00 0 
7f640a7ef000-7f640a7f2000 ---p 00000000 00:00 0 
7f640a7f2000-7f640aae6000 rw-p 00000000 00:00 0 
7f640aae6000-7f640aaf0000 ---p 00000000 00:00 0 
7f640aaf0000-7f640acf0000 rw-p 00000000 00:00 0 
7f640acf0000-7f640aef0000 rw-p 00000000 00:00 0 
7f640aef0000-7f640af60000 r--s 00643000 08:06 526101                     /home/iduma/.gradle/caches/jars-3/fd607a71f3d781451515f815d21ecd8e/groovy-all-2.4.6.jar
7f640af60000-7f640af6e000 r--s 000ca000 08:06 526095                     /home/iduma/.gradle/caches/jars-3/e0bd0005080c5c7e72a2b279cbd60369/kotlin-runtime.jar
7f640af6e000-7f640af73000 r--s 00034000 08:06 526097                     /home/iduma/.gradle/caches/jars-3/d447f2396a03dbc75b6d52fec5a488d6/gson-2.5.jar
7f640af73000-7f640b173000 rw-p 00000000 00:00 0 
7f640b173000-7f640b176000 ---p 00000000 00:00 0 
7f640b176000-7f640b474000 rw-p 00000000 00:00 0 
7f640b474000-7f640b674000 rw-p 00000000 00:00 0 
7f640b674000-7f640b874000 rw-p 00000000 00:00 0 
7f640b874000-7f640ba74000 rw-p 00000000 00:00 0 
7f640ba74000-7f640ba93000 r--s 0053d000 08:06 398279                     /home/iduma/.gradle/caches/jars-3/07dcf2f3f2bda71869cda3f75be96a82/sdk-tools.jar
7f640ba93000-7f640bad5000 r--s 00220000 08:06 268617                     /home/iduma/.gradle/caches/jars-3/929747bc6b973b44297e9c57df71598d/gradle-core-3.5.jar
7f640bad5000-7f640bafd000 r--s 001cf000 08:06 268613                     /home/iduma/.gradle/caches/jars-3/566e7e0f530f75a42eba4833ef84d88c/guava-jdk5-17.0.jar
7f640bafd000-7f640bb00000 ---p 00000000 00:00 0 
7f640bb00000-7f640bdfe000 rw-p 00000000 00:00 0 
7f640bdfe000-7f640be01000 ---p 00000000 00:00 0 
7f640be01000-7f640beff000 rw-p 00000000 00:00 0 
7f640beff000-7f640bf02000 ---p 00000000 00:00 0 
7f640bf02000-7f640c000000 rw-p 00000000 00:00 0 
7f640c000000-7f640c15c000 rw-p 00000000 00:00 0 
7f640c15c000-7f6410000000 ---p 00000000 00:00 0 
7f6410000000-7f6410288000 rw-p 00000000 00:00 0 
7f6410288000-7f6414000000 ---p 00000000 00:00 0 
7f6414000000-7f6414bcc000 rw-p 00000000 00:00 0 
7f6414bcc000-7f6418000000 ---p 00000000 00:00 0 
7f6418000000-7f64182a5000 rw-p 00000000 00:00 0 
7f64182a5000-7f641c000000 ---p 00000000 00:00 0 
7f641c000000-7f641c001000 r--s 00000000 08:06 786785                     /home/iduma/.gradle/caches/jars-3/5206138fb8a6b2ffbd31e140916c2100/transform-api-2.0.0-deprecated-use-gradle-api.jar
7f641c001000-7f641c007000 r--s 0008b000 08:06 526099                     /home/iduma/.gradle/caches/jars-3/12b60d252bcd68e30d8b20cdf4f7de06/gradle-tooling-extension-impl.jar
7f641c007000-7f641c009000 r--s 0000e000 08:06 398283                     /home/iduma/.gradle/caches/jars-3/749fa8fddbb60dbf5a9683c6d3a8f3e9/android-extensions-ide.jar
7f641c00a000-7f641c00b000 r--s 00003000 08:06 398277                     /home/iduma/.gradle/caches/jars-3/2405bbfe967ae4d56a908337251d2f0e/kotlin-gradle-tooling.jar
7f641c00b000-7f641c00c000 r--s 00002000 08:06 268625                     /home/iduma/.gradle/caches/jars-3/a5464f115a9bc6b52bb26e3cbeda18d3/external-system-rt.jar
7f641c00c000-7f641c00e000 r--s 0000c000 08:06 268623                     /home/iduma/.gradle/caches/jars-3/4bc057eb82a797154e6f5adb86778648/gradle-tooling-extension-api.jar
7f641c00e000-7f641c015000 r--s 0002a000 08:06 268621                     /home/iduma/.gradle/caches/jars-3/fff47aec37b967e571b648d1fc9c6db6/gradle-messaging-3.5.jar
7f641c015000-7f641c01a000 r--s 00041000 08:06 268619                     /home/iduma/.gradle/caches/jars-3/c0502f5c2cf6dfd52d250e1b7d027d24/commons-lang-2.6.jar
7f641c01a000-7f641c023000 r--s 00047000 08:06 268615                     /home/iduma/.gradle/caches/jars-3/11d06a5dce89fe5632250b7df00a3d57/gradle-base-services-3.5.jar
7f641c023000-7f641c031000 r--s 00043000 08:06 268611                     /home/iduma/.gradle/caches/jars-3/c0d1da18a547ef3a2ba66d3068ae6e09/gradle-tooling-api-3.5.jar
7f641c031000-7f641c0aa000 r--s 010fd000 08:06 1573873                    /opt/android-studio/jre/lib/tools.jar
7f641c0aa000-7f641c2aa000 rw-p 00000000 00:00 0 
7f641c2aa000-7f641c2ad000 ---p 00000000 00:00 0 
7f641c2ad000-7f641c3ab000 rw-p 00000000 00:00 0 
7f641c3ab000-7f641c3ae000 ---p 00000000 00:00 0 
7f641c3ae000-7f641c4ac000 rw-p 00000000 00:00 0 
7f641c4ac000-7f641c4af000 ---p 00000000 00:00 0 
7f641c4af000-7f641c5ad000 rw-p 00000000 00:00 0 
7f641c5ad000-7f641c5b0000 ---p 00000000 00:00 0 
7f641c5b0000-7f641c6ae000 rw-p 00000000 00:00 0 
7f641c6ae000-7f641c6b1000 ---p 00000000 00:00 0 
7f641c6b1000-7f641c7af000 rw-p 00000000 00:00 0 
7f641c7af000-7f641c7b2000 ---p 00000000 00:00 0 
7f641c7b2000-7f641c8b0000 rw-p 00000000 00:00 0 
7f641c8b0000-7f641c8b3000 ---p 00000000 00:00 0 
7f641c8b3000-7f641c9b1000 rw-p 00000000 00:00 0 
7f641c9b1000-7f641c9b8000 r--s 00000000 08:06 2888770                    /usr/lib/x86_64-linux-gnu/gconv/gconv-modules.cache
7f641c9b8000-7f641c9bb000 ---p 00000000 00:00 0 
7f641c9bb000-7f641cab9000 rw-p 00000000 00:00 0 
7f641cab9000-7f641cabe000 r--s 0009a000 08:06 1573998                    /opt/android-studio/jre/jre/lib/jsse.jar
7f641cabe000-7f641ccbe000 rw-p 00000000 00:00 0 
7f641ccbe000-7f641ccc7000 r-xp 00000000 08:06 1573951                    /opt/android-studio/jre/jre/lib/amd64/libmanagement.so
7f641ccc7000-7f641cec6000 ---p 00009000 08:06 1573951                    /opt/android-studio/jre/jre/lib/amd64/libmanagement.so
7f641cec6000-7f641cec7000 r--p 00008000 08:06 1573951                    /opt/android-studio/jre/jre/lib/amd64/libmanagement.so
7f641cec7000-7f641cec8000 rw-p 00009000 08:06 1573951                    /opt/android-studio/jre/jre/lib/amd64/libmanagement.so
7f641cec8000-7f641ceca000 r--s 00007000 08:06 263794                     /home/iduma/.gradle/wrapper/dists/gradle-4.1-all/bzyivzo6n839fup2jbap0tjew/gradle-4.1/lib/plugins/gradle-tooling-api-builders-4.1.jar
7f641ceca000-7f641cecd000 r--s 00009000 08:06 263804                     /home/iduma/.gradle/wrapper/dists/gradle-4.1-all/bzyivzo6n839fup2jbap0tjew/gradle-4.1/lib/plugins/gradle-testing-native-4.1.jar
7f641cecd000-7f641cecf000 r--s 00009000 08:06 263877                     /home/iduma/.gradle/wrapper/dists/gradle-4.1-all/bzyivzo6n839fup2jbap0tjew/gradle-4.1/lib/plugins/hamcrest-core-1.3.jar
7f641cecf000-7f641ced4000 r--s 00040000 08:06 263872                     /home/iduma/.gradle/wrapper/dists/gradle-4.1-all/bzyivzo6n839fup2jbap0tjew/gradle-4.1/lib/plugins/bsh-2.0b4.jar
7f641ced4000-7f641ced6000 r--s 00006000 08:06 263873                     /home/iduma/.gradle/wrapper/dists/gradle-4.1-all/bzyivzo6n839fup2jbap0tjew/gradle-4.1/lib/plugins/jcommander-1.12.jar
7f641ced6000-7f641cedc000 r--s 00033000 08:06 263874                     /home/iduma/.gradle/wrapper/dists/gradle-4.1-all/bzyivzo6n839fup2jbap0tjew/gradle-4.1/lib/plugins/snakeyaml-1.6.jar
7f641cedc000-7f641cee5000 r--s 00089000 08:06 263832                     /home/iduma/.gradle/wrapper/dists/gradle-4.1-all/bzyivzo6n839fup2jbap0tjew/gradle-4.1/lib/plugins/testng-6.3.1.jar
7f641cee5000-7f641ceed000 r--s 00045000 08:06 263833                     /home/iduma/.gradle/wrapper/dists/gradle-4.1-all/bzyivzo6n839fup2jbap0tjew/gradle-4.1/lib/plugins/junit-4.12.jar
7f641ceed000-7f641cef3000 r--s 0002e000 08:06 263800                     /home/iduma/.gradle/wrapper/dists/gradle-4.1-all/bzyivzo6n839fup2jbap0tjew/gradle-4.1/lib/plugins/gradle-testing-jvm-4.1.jar
7f641cef3000-7f641cef7000 r--s 00017000 08:06 263808                     /home/iduma/.gradle/wrapper/dists/gradle-4.1-all/bzyivzo6n839fup2jbap0tjew/gradle-4.1/lib/plugins/gradle-testing-base-4.1.jar
7f641cef7000-7f641cefe000 r--s 00038000 08:06 263828                     /home/iduma/.gradle/wrapper/dists/gradle-4.1-all/bzyivzo6n839fup2jbap0tjew/gradle-4.1/lib/plugins/bcpg-jdk15on-1.51.jar
7f641cefe000-7f641cf00000 r--s 0000c000 08:06 263779                     /home/iduma/.gradle/wrapper/dists/gradle-4.1-all/bzyivzo6n839fup2jbap0tjew/gradle-4.1/lib/plugins/gradle-signing-4.1.jar
7f641cf00000-7f641cf02000 r--s 00007000 08:06 263785                     /home/iduma/.gradle/wrapper/dists/gradle-4.1-all/bzyivzo6n839fup2jbap0tjew/gradle-4.1/lib/plugins/gradle-scala-4.1.jar
7f641cf02000-7f641cf03000 r--s 00004000 08:06 263816                     /home/iduma/.gradle/wrapper/dists/gradle-4.1-all/bzyivzo6n839fup2jbap0tjew/gradle-4.1/lib/plugins/gradle-resources-sftp-4.1.jar
7f641cf03000-7f641cf13000 r--s 00088000 08:06 263845                     /home/iduma/.gradle/wrapper/dists/gradle-4.1-all/bzyivzo6n839fup2jbap0tjew/gradle-4.1/lib/plugins/joda-time-2.8.2.jar
7f641cf13000-7f641cf24000 r--s 0010d000 08:06 263844                     /home/iduma/.gradle/wrapper/dists/gradle-4.1-all/bzyivzo6n839fup2jbap0tjew/gradle-4.1/lib/plugins/jackson-databind-2.6.6.jar
7f641cf24000-7f641cf27000 r--s 00009000 08:06 263843                     /home/iduma/.gradle/wrapper/dists/gradle-4.1-all/bzyivzo6n839fup2jbap0tjew/gradle-4.1/lib/plugins/jackson-annotations-2.6.6.jar
7f641cf27000-7f641cf2b000 r--s 0003c000 08:06 263842                     /home/iduma/.gradle/wrapper/dists/gradle-4.1-all/bzyivzo6n839fup2jbap0tjew/gradle-4.1/lib/plugins/jackson-core-2.6.6.jar
7f641cf2b000-7f641cf39000 r--s 00087000 08:06 263841                     /home/iduma/.gradle/wrapper/dists/gradle-4.1-all/bzyivzo6n839fup2jbap0tjew/gradle-4.1/lib/plugins/aws-java-sdk-core-1.11.6.jar
7f641cf39000-7f641cf40000 r--s 00057000 08:06 263840                     /home/iduma/.gradle/wrapper/dists/gradle-4.1-all/bzyivzo6n839fup2jbap0tjew/gradle-4.1/lib/plugins/aws-java-sdk-kms-1.11.6.jar
7f641cf40000-7f641cf4d000 r--s 0008e000 08:06 263839                     /home/iduma/.gradle/wrapper/dists/gradle-4.1-all/bzyivzo6n839fup2jbap0tjew/gradle-4.1/lib/plugins/aws-java-sdk-s3-1.11.6.jar
7f641cf4d000-7f641cf4f000 r--s 00004000 08:06 263813                     /home/iduma/.gradle/wrapper/dists/gradle-4.1-all/bzyivzo6n839fup2jbap0tjew/gradle-4.1/lib/plugins/gradle-resources-s3-4.1.jar
7f641cf4f000-7f641cf51000 r--s 00010000 08:06 263809                     /home/iduma/.gradle/wrapper/dists/gradle-4.1-all/bzyivzo6n839fup2jbap0tjew/gradle-4.1/lib/plugins/gradle-reporting-4.1.jar
7f641cf51000-7f641cf53000 r--s 00002000 08:06 263810                     /home/iduma/.gradle/wrapper/dists/gradle-4.1-all/bzyivzo6n839fup2jbap0tjew/gradle-4.1/lib/plugins/gradle-publish-4.1.jar
7f641cf53000-7f641cf55000 r--s 00009000 08:06 263821                     /home/iduma/.gradle/wrapper/dists/gradle-4.1-all/bzyivzo6n839fup2jbap0tjew/gradle-4.1/lib/plugins/commons-cli-1.2.jar
7f641cf55000-7f641cf5b000 r--s 00036000 08:06 263793                     /home/iduma/.gradle/wrapper/dists/gradle-4.1-all/bzyivzo6n839fup2jbap0tjew/gradle-4.1/lib/plugins/gradle-plugins-4.1.jar
7f641cf5b000-7f641cf5d000 r--s 00009000 08:06 263780                     /home/iduma/.gradle/wrapper/dists/gradle-4.1-all/bzyivzo6n839fup2jbap0tjew/gradle-4.1/lib/plugins/gradle-plugin-development-4.1.jar
7f641cf5d000-7f641cf63000 r--s 0002b000 08:06 263788                     /home/iduma/.gradle/wrapper/dists/gradle-4.1-all/bzyivzo6n839fup2jbap0tjew/gradle-4.1/lib/plugins/gradle-platform-play-4.1.jar
7f641cf63000-7f641cf72000 r--s 0005b000 08:06 263806                     /home/iduma/.gradle/wrapper/dists/gradle-4.1-all/bzyivzo6n839fup2jbap0tjew/gradle-4.1/lib/plugins/gradle-platform-native-4.1.jar
7f641cf72000-7f641cf76000 r--s 0001b000 08:06 263803                     /home/iduma/.gradle/wrapper/dists/gradle-4.1-all/bzyivzo6n839fup2jbap0tjew/gradle-4.1/lib/plugins/gradle-platform-jvm-4.1.jar
7f641cf76000-7f641cf7e000 r--s 00027000 08:06 263811                     /home/iduma/.gradle/wrapper/dists/gradle-4.1-all/bzyivzo6n839fup2jbap0tjew/gradle-4.1/lib/plugins/gradle-platform-base-4.1.jar
7f641cf7e000-7f641cfa6000 r--s 0021c000 08:06 263822                     /home/iduma/.gradle/wrapper/dists/gradle-4.1-all/bzyivzo6n839fup2jbap0tjew/gradle-4.1/lib/plugins/biz.aQute.bndlib-3.2.0.jar
7f641cfa6000-7f641cfa7000 r--s 00004000 08:06 263778                     /home/iduma/.gradle/wrapper/dists/gradle-4.1-all/bzyivzo6n839fup2jbap0tjew/gradle-4.1/lib/plugins/gradle-osgi-4.1.jar
7f641cfa7000-7f641cfaa000 r--s 0000c000 08:06 263825                     /home/iduma/.gradle/wrapper/dists/gradle-4.1-all/bzyivzo6n839fup2jbap0tjew/gradle-4.1/lib/plugins/pmaven-groovy-0.8-20100325.jar
7f641cfaa000-7f641cfab000 r--s 00004000 08:06 263824                     /home/iduma/.gradle/wrapper/dists/gradle-4.1-all/bzyivzo6n839fup2jbap0tjew/gradle-4.1/lib/plugins/pmaven-common-0.8-20100325.jar
7f641cfab000-7f641cfb1000 r--s 00023000 08:06 263781                     /home/iduma/.gradle/wrapper/dists/gradle-4.1-all/bzyivzo6n839fup2jbap0tjew/gradle-4.1/lib/plugins/gradle-maven-4.1.jar
7f641cfb1000-7f641cfb4000 r--s 0000b000 08:06 263799                     /home/iduma/.gradle/wrapper/dists/gradle-4.1-all/bzyivzo6n839fup2jbap0tjew/gradle-4.1/lib/plugins/gradle-language-scala-4.1.jar
7f641cfb4000-7f641cfbb000 r--s 00020000 08:06 263805                     /home/iduma/.gradle/wrapper/dists/gradle-4.1-all/bzyivzo6n839fup2jbap0tjew/gradle-4.1/lib/plugins/gradle-language-native-4.1.jar
7f641cfbb000-7f641cfbd000 r--s 00005000 08:06 263802                     /home/iduma/.gradle/wrapper/dists/gradle-4.1-all/bzyivzo6n839fup2jbap0tjew/gradle-4.1/lib/plugins/gradle-language-jvm-4.1.jar
7f641cfbd000-7f641cfc4000 r--s 0002f000 08:06 263801                     /home/iduma/.gradle/wrapper/dists/gradle-4.1-all/bzyivzo6n839fup2jbap0tjew/gradle-4.1/lib/plugins/gradle-language-java-4.1.jar
7f641cfc4000-7f641cfc7000 r--s 0000a000 08:06 263798                     /home/iduma/.gradle/wrapper/dists/gradle-4.1-all/bzyivzo6n839fup2jbap0tjew/gradle-4.1/lib/plugins/gradle-language-groovy-4.1.jar
7f641cfc7000-7f641cfce000 r--s 00035000 08:06 263831                     /home/iduma/.gradle/wrapper/dists/gradle-4.1-all/bzyivzo6n839fup2jbap0tjew/gradle-4.1/lib/plugins/simple-4.1.21.jar
7f641cfce000-7f641cfda000 r--s 00100000 08:06 263829                     /home/iduma/.gradle/wrapper/dists/gradle-4.1-all/bzyivzo6n839fup2jbap0tjew/gradle-4.1/lib/plugins/rhino-1.7R3.jar
7f641cfda000-7f641cfde000 r--s 00012000 08:06 263789                     /home/iduma/.gradle/wrapper/dists/gradle-4.1-all/bzyivzo6n839fup2jbap0tjew/gradle-4.1/lib/plugins/gradle-javascript-4.1.jar
7f641cfde000-7f641cfe1000 r--s 00011000 08:06 263791                     /home/iduma/.gradle/wrapper/dists/gradle-4.1-all/bzyivzo6n839fup2jbap0tjew/gradle-4.1/lib/plugins/gradle-jacoco-4.1.jar
7f641cfe1000-7f641cfe4000 r--s 0000e000 08:06 263790                     /home/iduma/.gradle/wrapper/dists/gradle-4.1-all/bzyivzo6n839fup2jbap0tjew/gradle-4.1/lib/plugins/gradle-ivy-4.1.jar
7f641cfe4000-7f641cfe5000 r--s 00002000 08:06 263782                     /home/iduma/.gradle/wrapper/dists/gradle-4.1-all/bzyivzo6n839fup2jbap0tjew/gradle-4.1/lib/plugins/gradle-ide-play-4.1.jar
7f641cfe5000-7f641cfe8000 r--s 00013000 08:06 263783                     /home/iduma/.gradle/wrapper/dists/gradle-4.1-all/bzyivzo6n839fup2jbap0tjew/gradle-4.1/lib/plugins/gradle-ide-native-4.1.jar
7f641cfe8000-7f641cff2000 r--s 00054000 08:06 263784                     /home/iduma/.gradle/wrapper/dists/gradle-4.1-all/bzyivzo6n839fup2jbap0tjew/gradle-4.1/lib/plugins/gradle-ide-4.1.jar
7f641cff2000-7f641cff4000 r--s 00007000 08:06 263787                     /home/iduma/.gradle/wrapper/dists/gradle-4.1-all/bzyivzo6n839fup2jbap0tjew/gradle-4.1/lib/plugins/gradle-ear-4.1.jar
7f641cff4000-7f641cff6000 r--s 00005000 08:06 263819                     /home/iduma/.gradle/wrapper/dists/gradle-4.1-all/bzyivzo6n839fup2jbap0tjew/gradle-4.1/lib/plugins/jatl-0.2.2.jar
7f641cff6000-7f641cffd000 r--s 00038000 08:06 263807                     /home/iduma/.gradle/wrapper/dists/gradle-4.1-all/bzyivzo6n839fup2jbap0tjew/gradle-4.1/lib/plugins/gradle-diagnostics-4.1.jar
7f641cffd000-7f641cfff000 r--s 0000b000 08:06 263796                     /home/iduma/.gradle/wrapper/dists/gradle-4.1-all/bzyivzo6n839fup2jbap0tjew/gradle-4.1/lib/plugins/gradle-composite-builds-4.1.jar
7f641cfff000-7f6420000000 rw-p 00000000 00:00 0 
7f6420000000-7f642179a000 rw-p 00000000 00:00 0 
7f642179a000-7f6424000000 ---p 00000000 00:00 0 
7f6424000000-7f64241f7000 rw-p 00000000 00:00 0 
7f64241f7000-7f6428000000 ---p 00000000 00:00 0 
7f6428000000-7f6428202000 rw-p 00000000 00:00 0 
7f6428202000-7f642c000000 ---p 00000000 00:00 0 
7f642c000000-7f642e949000 rw-p 00000000 00:00 0 
7f642e949000-7f6430000000 ---p 00000000 00:00 0 
7f6430000000-7f643099d000 rw-p 00000000 00:00 0 
7f643099d000-7f6434000000 ---p 00000000 00:00 0 
7f6434000000-7f6434048000 rw-p 00000000 00:00 0 
7f6434048000-7f6438000000 ---p 00000000 00:00 0 
7f6438000000-7f6438afd000 rw-p 00000000 00:00 0 
7f6438afd000-7f643c000000 ---p 00000000 00:00 0 
7f643c000000-7f643c317000 rw-p 00000000 00:00 0 
7f643c317000-7f6440000000 ---p 00000000 00:00 0 
7f6440000000-7f64400de000 rw-p 00000000 00:00 0 
7f64400de000-7f6444000000 ---p 00000000 00:00 0 
7f6444000000-7f6444005000 r--s 00025000 08:06 263776                     /home/iduma/.gradle/wrapper/dists/gradle-4.1-all/bzyivzo6n839fup2jbap0tjew/gradle-4.1/lib/plugins/gradle-code-quality-4.1.jar
7f6444005000-7f644400a000 r--s 00022000 08:06 263792                     /home/iduma/.gradle/wrapper/dists/gradle-4.1-all/bzyivzo6n839fup2jbap0tjew/gradle-4.1/lib/plugins/gradle-build-init-4.1.jar
7f644400a000-7f6444010000 r--s 0008e000 08:06 263786                     /home/iduma/.gradle/wrapper/dists/gradle-4.1-all/bzyivzo6n839fup2jbap0tjew/gradle-4.1/lib/plugins/gradle-build-comparison-4.1.jar
7f6444010000-7f6444011000 r--s 00002000 08:06 263814                     /home/iduma/.gradle/wrapper/dists/gradle-4.1-all/bzyivzo6n839fup2jbap0tjew/gradle-4.1/lib/plugins/gradle-build-cache-http-4.1.jar
7f6444011000-7f6444013000 r--s 00008000 08:06 263777                     /home/iduma/.gradle/wrapper/dists/gradle-4.1-all/bzyivzo6n839fup2jbap0tjew/gradle-4.1/lib/plugins/gradle-antlr-4.1.jar
7f6444013000-7f6444015000 r--s 00004000 08:06 263797                     /home/iduma/.gradle/wrapper/dists/gradle-4.1-all/bzyivzo6n839fup2jbap0tjew/gradle-4.1/lib/plugins/gradle-announce-4.1.jar
7f6444015000-7f6444017000 r--s 00008000 08:06 263474                     /home/iduma/.gradle/wrapper/dists/gradle-4.1-all/bzyivzo6n839fup2jbap0tjew/gradle-4.1/lib/gradle-kotlin-dsl-tooling-builders-0.10.3.jar
7f6444017000-7f644401a000 r--s 0001c000 08:06 263835                     /home/iduma/.gradle/wrapper/dists/gradle-4.1-all/bzyivzo6n839fup2jbap0tjew/gradle-4.1/lib/plugins/nekohtml-1.9.14.jar
7f644401a000-7f6444022000 r--s 00028000 08:06 263876                     /home/iduma/.gradle/wrapper/dists/gradle-4.1-all/bzyivzo6n839fup2jbap0tjew/gradle-4.1/lib/plugins/xml-apis-1.3.04.jar
7f6444022000-7f644403a000 r--s 00115000 08:06 263836                     /home/iduma/.gradle/wrapper/dists/gradle-4.1-all/bzyivzo6n839fup2jbap0tjew/gradle-4.1/lib/plugins/xercesImpl-2.9.1.jar
7f644403a000-7f6444040000 r--s 0005b000 08:06 263834                     /home/iduma/.gradle/wrapper/dists/gradle-4.1-all/bzyivzo6n839fup2jbap0tjew/gradle-4.1/lib/plugins/jcifs-1.3.17.jar
7f6444040000-7f6444047000 r--s 00049000 08:06 263875                     /home/iduma/.gradle/wrapper/dists/gradle-4.1-all/bzyivzo6n839fup2jbap0tjew/gradle-4.1/lib/plugins/httpcore-4.4.4.jar
7f6444047000-7f644404d000 r--s 00033000 08:06 263827                     /home/iduma/.gradle/wrapper/dists/gradle-4.1-all/bzyivzo6n839fup2jbap0tjew/gradle-4.1/lib/plugins/commons-codec-1.6.jar
7f644404d000-7f644405a000 r--s 000a4000 08:06 263820                     /home/iduma/.gradle/wrapper/dists/gradle-4.1-all/bzyivzo6n839fup2jbap0tjew/gradle-4.1/lib/plugins/httpclient-4.4.1.jar
7f644405a000-7f644405c000 r--s 0000b000 08:06 263815                     /home/iduma/.gradle/wrapper/dists/gradle-4.1-all/bzyivzo6n839fup2jbap0tjew/gradle-4.1/lib/plugins/gradle-resources-http-4.1.jar
7f644405c000-7f6444060000 r--s 00017000 08:06 263812                     /home/iduma/.gradle/wrapper/dists/gradle-4.1-all/bzyivzo6n839fup2jbap0tjew/gradle-4.1/lib/plugins/gradle-plugin-use-4.1.jar
7f6444060000-7f6444061000 r--s 00000000 08:06 263480                     /home/iduma/.gradle/wrapper/dists/gradle-4.1-all/bzyivzo6n839fup2jbap0tjew/gradle-4.1/lib/gradle-runtime-api-info-4.1.jar
7f6444061000-7f6444062000 r--s 00000000 08:06 263483                     /home/iduma/.gradle/wrapper/dists/gradle-4.1-all/bzyivzo6n839fup2jbap0tjew/gradle-4.1/lib/gradle-installation-beacon-4.1.jar
7f6444062000-7f64440a2000 r--s 00277000 08:06 263847                     /home/iduma/.gradle/wrapper/dists/gradle-4.1-all/bzyivzo6n839fup2jbap0tjew/gradle-4.1/lib/plugins/bcprov-jdk15on-1.51.jar
7f64440a2000-7f64440a6000 r--s 0001d000 08:06 263846                     /home/iduma/.gradle/wrapper/dists/gradle-4.1-all/bzyivzo6n839fup2jbap0tjew/gradle-4.1/lib/plugins/xbean-reflect-3.4.jar
7f64440a6000-7f64440a8000 r--s 0000a000 08:06 263848                     /home/iduma/.gradle/wrapper/dists/gradle-4.1-all/bzyivzo6n839fup2jbap0tjew/gradle-4.1/lib/plugins/maven-settings-3.0.4.jar
7f64440a8000-7f64440ab000 r--s 00008000 08:06 263849                     /home/iduma/.gradle/wrapper/dists/gradle-4.1-all/bzyivzo6n839fup2jbap0tjew/gradle-4.1/lib/plugins/maven-settings-builder-3.0.4.jar
7f64440ab000-7f64440af000 r--s 00033000 08:06 263850                     /home/iduma/.gradle/wrapper/dists/gradle-4.1-all/bzyivzo6n839fup2jbap0tjew/gradle-4.1/lib/plugins/plexus-utils-2.0.6.jar
7f64440af000-7f64440b1000 r--s 0000d000 08:06 263851                     /home/iduma/.gradle/wrapper/dists/gradle-4.1-all/bzyivzo6n839fup2jbap0tjew/gradle-4.1/lib/plugins/plexus-interpolation-1.14.jar
7f64440b1000-7f64440b3000 r--s 00000000 08:06 263826                     /home/iduma/.gradle/wrapper/dists/gradle-4.1-all/bzyivzo6n839fup2jbap0tjew/gradle-4.1/lib/plugins/plexus-component-annotations-1.5.5.jar
7f64440b3000-7f64440ba000 r--s 0002e000 08:06 263852                     /home/iduma/.gradle/wrapper/dists/gradle-4.1-all/bzyivzo6n839fup2jbap0tjew/gradle-4.1/lib/plugins/plexus-container-default-1.5.5.jar
7f64440ba000-7f64440bc000 r--s 0000a000 08:06 263853                     /home/iduma/.gradle/wrapper/dists/gradle-4.1-all/bzyivzo6n839fup2jbap0tjew/gradle-4.1/lib/plugins/plexus-classworlds-2.4.jar
7f64440bc000-7f64440be000 r--s 00002000 08:06 263854                     /home/iduma/.gradle/wrapper/dists/gradle-4.1-all/bzyivzo6n839fup2jbap0tjew/gradle-4.1/lib/plugins/plexus-cipher-1.7.jar
7f64440be000-7f64440bf000 r--s 00006000 08:06 263855                     /home/iduma/.gradle/wrapper/dists/gradle-4.1-all/bzyivzo6n839fup2jbap0tjew/gradle-4.1/lib/plugins/plexus-sec-dispatcher-1.3.jar
7f64440bf000-7f64440c5000 r--s 0003f000 08:06 263856                     /home/iduma/.gradle/wrapper/dists/gradle-4.1-all/bzyivzo6n839fup2jbap0tjew/gradle-4.1/lib/plugins/maven-compat-3.0.4.jar
7f64440c5000-7f64440c9000 r--s 00021000 08:06 263857                     /home/iduma/.gradle/wrapper/dists/gradle-4.1-all/bzyivzo6n839fup2jbap0tjew/gradle-4.1/lib/plugins/maven-model-builder-3.0.4.jar
7f64440c9000-7f64440cb000 r--s 00026000 08:06 263858                     /home/iduma/.gradle/wrapper/dists/gradle-4.1-all/bzyivzo6n839fup2jbap0tjew/gradle-4.1/lib/plugins/maven-model-3.0.4.jar
7f64440cb000-7f64440cd000 r--s 0000b000 08:06 263859                     /home/iduma/.gradle/wrapper/dists/gradle-4.1-all/bzyivzo6n839fup2jbap0tjew/gradle-4.1/lib/plugins/maven-artifact-3.0.4.jar
7f64440cd000-7f64440cf000 r--s 00006000 08:06 263860                     /home/iduma/.gradle/wrapper/dists/gradle-4.1-all/bzyivzo6n839fup2jbap0tjew/gradle-4.1/lib/plugins/maven-repository-metadata-3.0.4.jar
7f64440cf000-7f64440d1000 r--s 0000b000 08:06 263861                     /home/iduma/.gradle/wrapper/dists/gradle-4.1-all/bzyivzo6n839fup2jbap0tjew/gradle-4.1/lib/plugins/maven-plugin-api-3.0.4.jar
7f64440d1000-7f64440d3000 r--s 0000c000 08:06 263862                     /home/iduma/.gradle/wrapper/dists/gradle-4.1-all/bzyivzo6n839fup2jbap0tjew/gradle-4.1/lib/plugins/maven-aether-provider-3.0.4.jar
7f64440d3000-7f64440d4000 r--s 00002000 08:06 263863                     /home/iduma/.gradle/wrapper/dists/gradle-4.1-all/bzyivzo6n839fup2jbap0tjew/gradle-4.1/lib/plugins/wagon-file-2.4.jar
7f64440d4000-7f64440d5000 r--s 00002000 08:06 263864                     /home/iduma/.gradle/wrapper/dists/gradle-4.1-all/bzyivzo6n839fup2jbap0tjew/gradle-4.1/lib/plugins/wagon-http-2.4.jar
7f64440d5000-7f64440d7000 r--s 0000b000 08:06 263865                     /home/iduma/.gradle/wrapper/dists/gradle-4.1-all/bzyivzo6n839fup2jbap0tjew/gradle-4.1/lib/plugins/wagon-provider-api-2.4.jar
7f64440d7000-7f64440d8000 r--s 00007000 08:06 263866                     /home/iduma/.gradle/wrapper/dists/gradle-4.1-all/bzyivzo6n839fup2jbap0tjew/gradle-4.1/lib/plugins/wagon-http-shared4-2.4.jar
7f64440d8000-7f64440db000 r--s 00013000 08:06 263867                     /home/iduma/.gradle/wrapper/dists/gradle-4.1-all/bzyivzo6n839fup2jbap0tjew/gradle-4.1/lib/plugins/aether-api-1.13.1.jar
7f64440db000-7f64440de000 r--s 0001d000 08:06 263868                     /home/iduma/.gradle/wrapper/dists/gradle-4.1-all/bzyivzo6n839fup2jbap0tjew/gradle-4.1/lib/plugins/aether-impl-1.13.1.jar
7f64440de000-7f64440e2000 r--s 0001c000 08:06 263870                     /home/iduma/.gradle/wrapper/dists/gradle-4.1-all/bzyivzo6n839fup2jbap0tjew/gradle-4.1/lib/plugins/aether-util-1.13.1.jar
7f64440e2000-7f64440e4000 r--s 00006000 08:06 263871                     /home/iduma/.gradle/wrapper/dists/gradle-4.1-all/bzyivzo6n839fup2jbap0tjew/gradle-4.1/lib/plugins/aether-connector-wagon-1.13.1.jar
7f64440e4000-7f64440f0000 r--s 0007d000 08:06 263823                     /home/iduma/.gradle/wrapper/dists/gradle-4.1-all/bzyivzo6n839fup2jbap0tjew/gradle-4.1/lib/plugins/maven-core-3.0.4.jar
7f64440f0000-7f64440f5000 r--s 00034000 08:06 263830                     /home/iduma/.gradle/wrapper/dists/gradle-4.1-all/bzyivzo6n839fup2jbap0tjew/gradle-4.1/lib/plugins/gson-2.7.jar
7f64440f5000-7f6444119000 r--s 0011a000 08:06 263818                     /home/iduma/.gradle/wrapper/dists/gradle-4.1-all/bzyivzo6n839fup2jbap0tjew/gradle-4.1/lib/plugins/gradle-dependency-management-4.1.jar
7f6444119000-7f644412f000 r-xp 00000000 08:06 2363897                    /lib/x86_64-linux-gnu/libgcc_s.so.1
7f644412f000-7f644432e000 ---p 00016000 08:06 2363897                    /lib/x86_64-linux-gnu/libgcc_s.so.1
7f644432e000-7f644432f000 rw-p 00015000 08:06 2363897                    /lib/x86_64-linux-gnu/libgcc_s.so.1
7f644432f000-7f64444a1000 r-xp 00000000 08:06 2624513                    /usr/lib/x86_64-linux-gnu/libstdc++.so.6.0.21
7f64444a1000-7f64446a1000 ---p 00172000 08:06 2624513                    /usr/lib/x86_64-linux-gnu/libstdc++.so.6.0.21
7f64446a1000-7f64446ab000 r--p 00172000 08:06 2624513                    /usr/lib/x86_64-linux-gnu/libstdc++.so.6.0.21
7f64446ab000-7f64446ad000 rw-p 0017c000 08:06 2624513                    /usr/lib/x86_64-linux-gnu/libstdc++.so.6.0.21
7f64446ad000-7f64446b1000 rw-p 00000000 00:00 0 
7f64446b1000-7f64446b2000 r--s 00003000 08:06 263869                     /home/iduma/.gradle/wrapper/dists/gradle-4.1-all/bzyivzo6n839fup2jbap0tjew/gradle-4.1/lib/plugins/aether-spi-1.13.1.jar
7f64446b2000-7f64446b7000 r--s 00040000 08:06 263838                     /home/iduma/.gradle/wrapper/dists/gradle-4.1-all/bzyivzo6n839fup2jbap0tjew/gradle-4.1/lib/plugins/jsch-0.1.54.jar
7f64446b7000-7f64446c6000 r--s 000d9000 08:06 263837                     /home/iduma/.gradle/wrapper/dists/gradle-4.1-all/bzyivzo6n839fup2jbap0tjew/gradle-4.1/lib/plugins/ivy-2.2.0.jar
7f64446c6000-7f64446c9000 r--s 0000d000 08:06 263817                     /home/iduma/.gradle/wrapper/dists/gradle-4.1-all/bzyivzo6n839fup2jbap0tjew/gradle-4.1/lib/plugins/gradle-workers-4.1.jar
7f64446c9000-7f64446ce000 r-xp 00000000 08:06 268586                     /home/iduma/.gradle/native/25/linux-amd64/libnative-platform.so
7f64446ce000-7f64448cd000 ---p 00005000 08:06 268586                     /home/iduma/.gradle/native/25/linux-amd64/libnative-platform.so
7f64448cd000-7f64448ce000 rw-p 00004000 08:06 268586                     /home/iduma/.gradle/native/25/linux-amd64/libnative-platform.so
7f64448ce000-7f64448df000 r-xp 00000000 08:06 1573943                    /opt/android-studio/jre/jre/lib/amd64/libnio.so
7f64448df000-7f6444ade000 ---p 00011000 08:06 1573943                    /opt/android-studio/jre/jre/lib/amd64/libnio.so
7f6444ade000-7f6444adf000 r--p 00010000 08:06 1573943                    /opt/android-studio/jre/jre/lib/amd64/libnio.so
7f6444adf000-7f6444ae0000 rw-p 00011000 08:06 1573943                    /opt/android-studio/jre/jre/lib/amd64/libnio.so
7f6444ae0000-7f6444af6000 r-xp 00000000 08:06 1573945                    /opt/android-studio/jre/jre/lib/amd64/libnet.so
7f6444af6000-7f6444cf6000 ---p 00016000 08:06 1573945                    /opt/android-studio/jre/jre/lib/amd64/libnet.so
7f6444cf6000-7f6444cf7000 r--p 00016000 08:06 1573945                    /opt/android-studio/jre/jre/lib/amd64/libnet.so
7f6444cf7000-7f6444cf8000 rw-p 00017000 08:06 1573945                    /opt/android-studio/jre/jre/lib/amd64/libnet.so
7f6444cf8000-7f6444cf9000 r--s 00006000 08:06 263482                     /home/iduma/.gradle/wrapper/dists/gradle-4.1-all/bzyivzo6n839fup2jbap0tjew/gradle-4.1/lib/gradle-wrapper-4.1.jar
7f6444cf9000-7f6444d06000 r--s 00043000 08:06 263481                     /home/iduma/.gradle/wrapper/dists/gradle-4.1-all/bzyivzo6n839fup2jbap0tjew/gradle-4.1/lib/gradle-tooling-api-4.1.jar
7f6444d06000-7f6444d15000 r--s 000c8000 08:06 263478                     /home/iduma/.gradle/wrapper/dists/gradle-4.1-all/bzyivzo6n839fup2jbap0tjew/gradle-4.1/lib/kotlin-stdlib-1.1.3-2.jar
7f6444d15000-7f6444d47000 r--s 0021b000 08:06 263477                     /home/iduma/.gradle/wrapper/dists/gradle-4.1-all/bzyivzo6n839fup2jbap0tjew/gradle-4.1/lib/kotlin-reflect-1.1.3-2.jar
7f6444d47000-7f6444efe000 r--s 01786000 08:06 263476                     /home/iduma/.gradle/wrapper/dists/gradle-4.1-all/bzyivzo6n839fup2jbap0tjew/gradle-4.1/lib/kotlin-compiler-embeddable-1.1.3-2.jar
7f6444efe000-7f6444eff000 r--s 00000000 08:06 263475                     /home/iduma/.gradle/wrapper/dists/gradle-4.1-all/bzyivzo6n839fup2jbap0tjew/gradle-4.1/lib/gradle-kotlin-dsl-tooling-models-0.10.3.jar
7f6444eff000-7f6444f00000 r--s 00001000 08:06 263473                     /home/iduma/.gradle/wrapper/dists/gradle-4.1-all/bzyivzo6n839fup2jbap0tjew/gradle-4.1/lib/gradle-kotlin-dsl-compiler-plugin-0.10.3.jar
7f6444f00000-7f6444f02000 r--s 00003000 08:06 263471                     /home/iduma/.gradle/wrapper/dists/gradle-4.1-all/bzyivzo6n839fup2jbap0tjew/gradle-4.1/lib/annotations-13.0.jar
7f6444f02000-7f6444f0c000 r--s 00073000 08:06 263472                     /home/iduma/.gradle/wrapper/dists/gradle-4.1-all/bzyivzo6n839fup2jbap0tjew/gradle-4.1/lib/gradle-kotlin-dsl-0.10.3.jar
7f6444f0c000-7f6444f11000 r--s 00013000 08:06 263712                     /home/iduma/.gradle/wrapper/dists/gradle-4.1-all/bzyivzo6n839fup2jbap0tjew/gradle-4.1/lib/gradle-resources-4.1.jar
7f6444f11000-7f6444f13000 r--s 00005000 08:06 263738                     /home/iduma/.gradle/wrapper/dists/gradle-4.1-all/bzyivzo6n839fup2jbap0tjew/gradle-4.1/lib/gradle-cli-4.1.jar
7f6444f13000-7f6444f15000 r--s 00003000 08:06 263745                     /home/iduma/.gradle/wrapper/dists/gradle-4.1-all/bzyivzo6n839fup2jbap0tjew/gradle-4.1/lib/jcl-over-slf4j-1.7.10.jar
7f6444f15000-7f6444f16000 r--s 00005000 08:06 263744                     /home/iduma/.gradle/wrapper/dists/gradle-4.1-all/bzyivzo6n839fup2jbap0tjew/gradle-4.1/lib/log4j-over-slf4j-1.7.10.jar
7f6444f16000-7f6444f18000 r--s 00000000 08:06 263743                     /home/iduma/.gradle/wrapper/dists/gradle-4.1-all/bzyivzo6n839fup2jbap0tjew/gradle-4.1/lib/jul-to-slf4j-1.7.10.jar
7f6444f18000-7f6444f1f000 r--s 0002c000 08:06 263488                     /home/iduma/.gradle/wrapper/dists/gradle-4.1-all/bzyivzo6n839fup2jbap0tjew/gradle-4.1/lib/gradle-logging-4.1.jar
7f6444f1f000-7f6444f2f000 r--s 00082000 08:06 263734                     /home/iduma/.gradle/wrapper/dists/gradle-4.1-all/bzyivzo6n839fup2jbap0tjew/gradle-4.1/lib/gradle-model-core-4.1.jar
7f6444f2f000-7f6444f31000 r--s 00006000 08:06 263735                     /home/iduma/.gradle/wrapper/dists/gradle-4.1-all/bzyivzo6n839fup2jbap0tjew/gradle-4.1/lib/gradle-base-services-groovy-4.1.jar
7f6444f31000-7f6444f33000 r--s 00007000 08:06 263733                     /home/iduma/.gradle/wrapper/dists/gradle-4.1-all/bzyivzo6n839fup2jbap0tjew/gradle-4.1/lib/gradle-model-groovy-4.1.jar
7f6444f33000-7f6444f34000 r--s 00002000 08:06 263756                     /home/iduma/.gradle/wrapper/dists/gradle-4.1-all/bzyivzo6n839fup2jbap0tjew/gradle-4.1/lib/gradle-docs-4.1.jar
7f6444f34000-7f6444f41000 r--s 00083000 08:06 263754                     /home/iduma/.gradle/wrapper/dists/gradle-4.1-all/bzyivzo6n839fup2jbap0tjew/gradle-4.1/lib/commons-collections-3.2.2.jar
7f6444f41000-7f6444f42000 r--s 00000000 08:06 263753                     /home/iduma/.gradle/wrapper/dists/gradle-4.1-all/bzyivzo6n839fup2jbap0tjew/gradle-4.1/lib/javax.inject-1.jar
7f6444f42000-7f6444fb2000 r--s 00645000 08:06 263751                     /home/iduma/.gradle/wrapper/dists/gradle-4.1-all/bzyivzo6n839fup2jbap0tjew/gradle-4.1/lib/groovy-all-2.4.11.jar
7f6444fb2000-7f6444fb5000 r--s 00023000 08:06 263757                     /home/iduma/.gradle/wrapper/dists/gradle-4.1-all/bzyivzo6n839fup2jbap0tjew/gradle-4.1/lib/jansi-1.14.jar
7f6444fb5000-7f6444fb6000 r--s 00004000 08:06 263759                     /home/iduma/.gradle/wrapper/dists/gradle-4.1-all/bzyivzo6n839fup2jbap0tjew/gradle-4.1/lib/native-platform-freebsd-amd64-libcpp-0.14.jar
7f6444fb6000-7f6444fb7000 r--s 00004000 08:06 263760                     /home/iduma/.gradle/wrapper/dists/gradle-4.1-all/bzyivzo6n839fup2jbap0tjew/gradle-4.1/lib/native-platform-freebsd-amd64-libstdcpp-0.14.jar
7f6444fb7000-7f6444fb8000 r--s 00004000 08:06 263761                     /home/iduma/.gradle/wrapper/dists/gradle-4.1-all/bzyivzo6n839fup2jbap0tjew/gradle-4.1/lib/native-platform-freebsd-i386-libcpp-0.14.jar
7f6444fb8000-7f6444fb9000 r--s 00003000 08:06 263762                     /home/iduma/.gradle/wrapper/dists/gradle-4.1-all/bzyivzo6n839fup2jbap0tjew/gradle-4.1/lib/native-platform-freebsd-i386-libstdcpp-0.14.jar
7f6444fb9000-7f6444fba000 r--s 00002000 08:06 263763                     /home/iduma/.gradle/wrapper/dists/gradle-4.1-all/bzyivzo6n839fup2jbap0tjew/gradle-4.1/lib/native-platform-linux-amd64-0.14.jar
7f6444fba000-7f6444fbb000 r--s 00002000 08:06 263764                     /home/iduma/.gradle/wrapper/dists/gradle-4.1-all/bzyivzo6n839fup2jbap0tjew/gradle-4.1/lib/native-platform-linux-i386-0.14.jar
7f6444fbb000-7f6444fbd000 r--s 00002000 08:06 263765                     /home/iduma/.gradle/wrapper/dists/gradle-4.1-all/bzyivzo6n839fup2jbap0tjew/gradle-4.1/lib/native-platform-osx-amd64-0.14.jar
7f6444fbd000-7f6444fbe000 r--s 00003000 08:06 263766                     /home/iduma/.gradle/wrapper/dists/gradle-4.1-all/bzyivzo6n839fup2jbap0tjew/gradle-4.1/lib/native-platform-osx-i386-0.14.jar
7f6444fbe000-7f6444fc0000 r--s 0000b000 08:06 263767                     /home/iduma/.gradle/wrapper/dists/gradle-4.1-all/bzyivzo6n839fup2jbap0tjew/gradle-4.1/lib/native-platform-windows-amd64-0.14.jar
7f6444fc0000-7f6444fc1000 r--s 0000b000 08:06 263768                     /home/iduma/.gradle/wrapper/dists/gradle-4.1-all/bzyivzo6n839fup2jbap0tjew/gradle-4.1/lib/native-platform-windows-i386-0.14.jar
7f6444fc1000-7f6444fc2000 r--s 00001000 08:06 263769                     /home/iduma/.gradle/wrapper/dists/gradle-4.1-all/bzyivzo6n839fup2jbap0tjew/gradle-4.1/lib/native-platform-linux-amd64-ncurses5-0.14.jar
7f6444fc2000-7f6444fc3000 r--s 00001000 08:06 263770                     /home/iduma/.gradle/wrapper/dists/gradle-4.1-all/bzyivzo6n839fup2jbap0tjew/gradle-4.1/lib/native-platform-linux-amd64-ncurses6-0.14.jar
7f6444fc3000-7f6444fc7000 r--s 00012000 08:06 263755                     /home/iduma/.gradle/wrapper/dists/gradle-4.1-all/bzyivzo6n839fup2jbap0tjew/gradle-4.1/lib/native-platform-0.14.jar
7f6444fc7000-7f6444fca000 r--s 0000c000 08:06 263732                     /home/iduma/.gradle/wrapper/dists/gradle-4.1-all/bzyivzo6n839fup2jbap0tjew/gradle-4.1/lib/gradle-native-4.1.jar
7f6444fca000-7f6444fcc000 r--s 0000f000 08:06 263740                     /home/iduma/.gradle/wrapper/dists/gradle-4.1-all/bzyivzo6n839fup2jbap0tjew/gradle-4.1/lib/reflectasm-1.07-shaded.jar
7f6444fcc000-7f6444fce000 r--s 00000000 08:06 263773                     /home/iduma/.gradle/wrapper/dists/gradle-4.1-all/bzyivzo6n839fup2jbap0tjew/gradle-4.1/lib/minlog-1.2.jar
7f6444fce000-7f6444fd0000 r--s 00007000 08:06 263774                     /home/iduma/.gradle/wrapper/dists/gradle-4.1-all/bzyivzo6n839fup2jbap0tjew/gradle-4.1/lib/objenesis-1.2.jar
7f6444fd0000-7f6444fd4000 r--s 00026000 08:06 263739                     /home/iduma/.gradle/wrapper/dists/gradle-4.1-all/bzyivzo6n839fup2jbap0tjew/gradle-4.1/lib/kryo-2.20.jar
7f6444fd4000-7f6444ffc000 r--s 001cf000 08:06 263747                     /home/iduma/.gradle/wrapper/dists/gradle-4.1-all/bzyivzo6n839fup2jbap0tjew/gradle-4.1/lib/guava-jdk5-17.0.jar
7f6444ffc000-7f644501b000 r--s 001d1000 08:06 263752                     /home/iduma/.gradle/wrapper/dists/gradle-4.1-all/bzyivzo6n839fup2jbap0tjew/gradle-4.1/lib/ant-1.9.6.jar
7f644501b000-7f644501c000 ---p 00000000 00:00 0 
7f644501c000-7f644511c000 rw-p 00000000 00:00 0 
7f644511c000-7f644511f000 ---p 00000000 00:00 0 
7f644511f000-7f644521d000 rw-p 00000000 00:00 0 
7f644521d000-7f6445220000 ---p 00000000 00:00 0 
7f6445220000-7f644531e000 rw-p 00000000 00:00 0 
7f644531e000-7f6445321000 ---p 00000000 00:00 0 
7f6445321000-7f644541f000 rw-p 00000000 00:00 0 
7f644541f000-7f6445422000 ---p 00000000 00:00 0 
7f6445422000-7f6445520000 rw-p 00000000 00:00 0 
7f6445520000-7f64457f8000 r--p 00000000 08:06 2625246                    /usr/lib/locale/locale-archive
7f64457f8000-7f64457fb000 ---p 00000000 00:00 0 
7f64457fb000-7f64458f9000 rw-p 00000000 00:00 0 
7f64458f9000-7f64458fc000 ---p 00000000 00:00 0 
7f64458fc000-7f64459fa000 rw-p 00000000 00:00 0 
7f64459fa000-7f64459fb000 ---p 00000000 00:00 0 
7f64459fb000-7f6449000000 rw-p 00000000 00:00 0 
7f6449000000-7f644c980000 rwxp 00000000 00:00 0 
7f644c980000-7f6458000000 ---p 00000000 00:00 0 
7f6458000000-7f6458dc0000 rw-p 00000000 00:00 0 
7f6458dc0000-7f645c000000 ---p 00000000 00:00 0 
7f645c000000-7f645c001000 r--s 00001000 08:06 263771                     /home/iduma/.gradle/wrapper/dists/gradle-4.1-all/bzyivzo6n839fup2jbap0tjew/gradle-4.1/lib/native-platform-linux-i386-ncurses5-0.14.jar
7f645c001000-7f645c007000 r--s 0002b000 08:06 263736                     /home/iduma/.gradle/wrapper/dists/gradle-4.1-all/bzyivzo6n839fup2jbap0tjew/gradle-4.1/lib/gradle-messaging-4.1.jar
7f645c007000-7f645c009000 r--s 00006000 08:06 263489                     /home/iduma/.gradle/wrapper/dists/gradle-4.1-all/bzyivzo6n839fup2jbap0tjew/gradle-4.1/lib/gradle-process-services-4.1.jar
7f645c009000-7f645c00e000 r--s 00041000 08:06 263749                     /home/iduma/.gradle/wrapper/dists/gradle-4.1-all/bzyivzo6n839fup2jbap0tjew/gradle-4.1/lib/commons-lang-2.6.jar
7f645c00e000-7f645c058000 r--s 00253000 08:06 263484                     /home/iduma/.gradle/wrapper/dists/gradle-4.1-all/bzyivzo6n839fup2jbap0tjew/gradle-4.1/lib/gradle-core-4.1.jar
7f645c058000-7f645c4ec000 rw-p 00000000 00:00 0 
7f645c4ec000-7f645c6bc000 r--s 03c46000 08:06 1573899                    /opt/android-studio/jre/jre/lib/rt.jar
7f645c6bc000-7f645d232000 rw-p 00000000 00:00 0 
7f645d232000-7f645d233000 ---p 00000000 00:00 0 
7f645d233000-7f645d333000 rw-p 00000000 00:00 0 
7f645d333000-7f645d334000 ---p 00000000 00:00 0 
7f645d334000-7f645d494000 rw-p 00000000 00:00 0 
7f645d494000-7f645d634000 ---p 00000000 00:00 0 
7f645d634000-7f645d694000 rw-p 00000000 00:00 0 
7f645d694000-7f645d834000 ---p 00000000 00:00 0 
7f645d834000-7f645d933000 rw-p 00000000 00:00 0 
7f645d933000-7f645d934000 ---p 00000000 00:00 0 
7f645d934000-7f645da1b000 rw-p 00000000 00:00 0 
7f645da1b000-7f645dcf5000 ---p 00000000 00:00 0 
7f645dcf5000-7f645dd0f000 r-xp 00000000 08:06 1573920                    /opt/android-studio/jre/jre/lib/amd64/libzip.so
7f645dd0f000-7f645df0f000 ---p 0001a000 08:06 1573920                    /opt/android-studio/jre/jre/lib/amd64/libzip.so
7f645df0f000-7f645df10000 r--p 0001a000 08:06 1573920                    /opt/android-studio/jre/jre/lib/amd64/libzip.so
7f645df10000-7f645df11000 rw-p 0001b000 08:06 1573920                    /opt/android-studio/jre/jre/lib/amd64/libzip.so
7f645df11000-7f645df1c000 r-xp 00000000 08:06 2359392                    /lib/x86_64-linux-gnu/libnss_files-2.23.so
7f645df1c000-7f645e11b000 ---p 0000b000 08:06 2359392                    /lib/x86_64-linux-gnu/libnss_files-2.23.so
7f645e11b000-7f645e11c000 r--p 0000a000 08:06 2359392                    /lib/x86_64-linux-gnu/libnss_files-2.23.so
7f645e11c000-7f645e11d000 rw-p 0000b000 08:06 2359392                    /lib/x86_64-linux-gnu/libnss_files-2.23.so
7f645e11d000-7f645e123000 rw-p 00000000 00:00 0 
7f645e123000-7f645e12e000 r-xp 00000000 08:06 2363876                    /lib/x86_64-linux-gnu/libnss_nis-2.23.so
7f645e12e000-7f645e32d000 ---p 0000b000 08:06 2363876                    /lib/x86_64-linux-gnu/libnss_nis-2.23.so
7f645e32d000-7f645e32e000 r--p 0000a000 08:06 2363876                    /lib/x86_64-linux-gnu/libnss_nis-2.23.so
7f645e32e000-7f645e32f000 rw-p 0000b000 08:06 2363876                    /lib/x86_64-linux-gnu/libnss_nis-2.23.so
7f645e32f000-7f645e345000 r-xp 00000000 08:06 2359310                    /lib/x86_64-linux-gnu/libnsl-2.23.so
7f645e345000-7f645e544000 ---p 00016000 08:06 2359310                    /lib/x86_64-linux-gnu/libnsl-2.23.so
7f645e544000-7f645e545000 r--p 00015000 08:06 2359310                    /lib/x86_64-linux-gnu/libnsl-2.23.so
7f645e545000-7f645e546000 rw-p 00016000 08:06 2359310                    /lib/x86_64-linux-gnu/libnsl-2.23.so
7f645e546000-7f645e548000 rw-p 00000000 00:00 0 
7f645e548000-7f645e550000 r-xp 00000000 08:06 2359387                    /lib/x86_64-linux-gnu/libnss_compat-2.23.so
7f645e550000-7f645e74f000 ---p 00008000 08:06 2359387                    /lib/x86_64-linux-gnu/libnss_compat-2.23.so
7f645e74f000-7f645e750000 r--p 00007000 08:06 2359387                    /lib/x86_64-linux-gnu/libnss_compat-2.23.so
7f645e750000-7f645e751000 rw-p 00008000 08:06 2359387                    /lib/x86_64-linux-gnu/libnss_compat-2.23.so
7f645e751000-7f645e77e000 r-xp 00000000 08:06 1573919                    /opt/android-studio/jre/jre/lib/amd64/libjava.so
7f645e77e000-7f645e97d000 ---p 0002d000 08:06 1573919                    /opt/android-studio/jre/jre/lib/amd64/libjava.so
7f645e97d000-7f645e97e000 r--p 0002c000 08:06 1573919                    /opt/android-studio/jre/jre/lib/amd64/libjava.so
7f645e97e000-7f645e980000 rw-p 0002d000 08:06 1573919                    /opt/android-studio/jre/jre/lib/amd64/libjava.so
7f645e980000-7f645e990000 r-xp 00000000 08:06 1573925                    /opt/android-studio/jre/jre/lib/amd64/libverify.so
7f645e990000-7f645eb8f000 ---p 00010000 08:06 1573925                    /opt/android-studio/jre/jre/lib/amd64/libverify.so
7f645eb8f000-7f645eb91000 r--p 0000f000 08:06 1573925                    /opt/android-studio/jre/jre/lib/amd64/libverify.so
7f645eb91000-7f645eb92000 rw-p 00011000 08:06 1573925                    /opt/android-studio/jre/jre/lib/amd64/libverify.so
7f645eb92000-7f645eb99000 r-xp 00000000 08:06 2363877                    /lib/x86_64-linux-gnu/librt-2.23.so
7f645eb99000-7f645ed98000 ---p 00007000 08:06 2363877                    /lib/x86_64-linux-gnu/librt-2.23.so
7f645ed98000-7f645ed99000 r--p 00006000 08:06 2363877                    /lib/x86_64-linux-gnu/librt-2.23.so
7f645ed99000-7f645ed9a000 rw-p 00007000 08:06 2363877                    /lib/x86_64-linux-gnu/librt-2.23.so
7f645ed9a000-7f645eea2000 r-xp 00000000 08:06 2359301                    /lib/x86_64-linux-gnu/libm-2.23.so
7f645eea2000-7f645f0a1000 ---p 00108000 08:06 2359301                    /lib/x86_64-linux-gnu/libm-2.23.so
7f645f0a1000-7f645f0a2000 r--p 00107000 08:06 2359301                    /lib/x86_64-linux-gnu/libm-2.23.so
7f645f0a2000-7f645f0a3000 rw-p 00108000 08:06 2359301                    /lib/x86_64-linux-gnu/libm-2.23.so
7f645f0a3000-7f645fc9b000 r-xp 00000000 08:06 1573929                    /opt/android-studio/jre/jre/lib/amd64/server/libjvm.so
7f645fc9b000-7f645fe9b000 ---p 00bf8000 08:06 1573929                    /opt/android-studio/jre/jre/lib/amd64/server/libjvm.so
7f645fe9b000-7f645ff3a000 r--p 00bf8000 08:06 1573929                    /opt/android-studio/jre/jre/lib/amd64/server/libjvm.so
7f645ff3a000-7f645ff63000 rw-p 00c97000 08:06 1573929                    /opt/android-studio/jre/jre/lib/amd64/server/libjvm.so
7f645ff63000-7f645ffa7000 rw-p 00000000 00:00 0 
7f645ffa7000-7f645ffbf000 r-xp 00000000 08:06 2359321                    /lib/x86_64-linux-gnu/libpthread-2.23.so
7f645ffbf000-7f64601be000 ---p 00018000 08:06 2359321                    /lib/x86_64-linux-gnu/libpthread-2.23.so
7f64601be000-7f64601bf000 r--p 00017000 08:06 2359321                    /lib/x86_64-linux-gnu/libpthread-2.23.so
7f64601bf000-7f64601c0000 rw-p 00018000 08:06 2359321                    /lib/x86_64-linux-gnu/libpthread-2.23.so
7f64601c0000-7f64601c4000 rw-p 00000000 00:00 0 
7f64601c4000-7f64601c7000 r-xp 00000000 08:06 2359381                    /lib/x86_64-linux-gnu/libdl-2.23.so
7f64601c7000-7f64603c6000 ---p 00003000 08:06 2359381                    /lib/x86_64-linux-gnu/libdl-2.23.so
7f64603c6000-7f64603c7000 r--p 00002000 08:06 2359381                    /lib/x86_64-linux-gnu/libdl-2.23.so
7f64603c7000-7f64603c8000 rw-p 00003000 08:06 2359381                    /lib/x86_64-linux-gnu/libdl-2.23.so
7f64603c8000-7f6460588000 r-xp 00000000 08:06 2359379                    /lib/x86_64-linux-gnu/libc-2.23.so
7f6460588000-7f6460788000 ---p 001c0000 08:06 2359379                    /lib/x86_64-linux-gnu/libc-2.23.so
7f6460788000-7f646078c000 r--p 001c0000 08:06 2359379                    /lib/x86_64-linux-gnu/libc-2.23.so
7f646078c000-7f646078e000 rw-p 001c4000 08:06 2359379                    /lib/x86_64-linux-gnu/libc-2.23.so
7f646078e000-7f6460792000 rw-p 00000000 00:00 0 
7f6460792000-7f64607a8000 r-xp 00000000 08:06 1573868                    /opt/android-studio/jre/lib/amd64/jli/libjli.so
7f64607a8000-7f64609a7000 ---p 00016000 08:06 1573868                    /opt/android-studio/jre/lib/amd64/jli/libjli.so
7f64609a7000-7f64609a8000 r--p 00015000 08:06 1573868                    /opt/android-studio/jre/lib/amd64/jli/libjli.so
7f64609a8000-7f64609a9000 rw-p 00016000 08:06 1573868                    /opt/android-studio/jre/lib/amd64/jli/libjli.so
7f64609a9000-7f64609cf000 r-xp 00000000 08:06 2359313                    /lib/x86_64-linux-gnu/ld-2.23.so
7f64609cf000-7f64609d0000 r--s 00001000 08:06 263772                     /home/iduma/.gradle/wrapper/dists/gradle-4.1-all/bzyivzo6n839fup2jbap0tjew/gradle-4.1/lib/native-platform-linux-i386-ncurses6-0.14.jar
7f64609d0000-7f64609d2000 r--s 00000000 08:06 263486                     /home/iduma/.gradle/wrapper/dists/gradle-4.1-all/bzyivzo6n839fup2jbap0tjew/gradle-4.1/lib/gradle-jvm-services-4.1.jar
7f64609d2000-7f64609d3000 r--s 00000000 08:06 263750                     /home/iduma/.gradle/wrapper/dists/gradle-4.1-all/bzyivzo6n839fup2jbap0tjew/gradle-4.1/lib/jcip-annotations-1.0.jar
7f64609d3000-7f64609d6000 r--s 00006000 08:06 263748                     /home/iduma/.gradle/wrapper/dists/gradle-4.1-all/bzyivzo6n839fup2jbap0tjew/gradle-4.1/lib/jsr305-1.3.9.jar
7f64609d6000-7f64609da000 r--s 00027000 08:06 263742                     /home/iduma/.gradle/wrapper/dists/gradle-4.1-all/bzyivzo6n839fup2jbap0tjew/gradle-4.1/lib/commons-io-2.2.jar
7f64609da000-7f64609e2000 r--s 000bd000 08:06 263741                     /home/iduma/.gradle/wrapper/dists/gradle-4.1-all/bzyivzo6n839fup2jbap0tjew/gradle-4.1/lib/asm-debug-all-6.0_ALPHA.jar
7f64609e2000-7f64609ee000 r--s 00053000 08:06 263737                     /home/iduma/.gradle/wrapper/dists/gradle-4.1-all/bzyivzo6n839fup2jbap0tjew/gradle-4.1/lib/gradle-base-services-4.1.jar
7f64609ee000-7f6460ab0000 rw-p 00000000 00:00 0 
7f6460ab0000-7f6460ab3000 ---p 00000000 00:00 0 
7f6460ab3000-7f6460bb5000 rw-p 00000000 00:00 0 
7f6460bb5000-7f6460bb6000 r--s 00007000 08:06 263746                     /home/iduma/.gradle/wrapper/dists/gradle-4.1-all/bzyivzo6n839fup2jbap0tjew/gradle-4.1/lib/slf4j-api-1.7.10.jar
7f6460bb6000-7f6460bb7000 r--s 00004000 08:06 263758                     /home/iduma/.gradle/wrapper/dists/gradle-4.1-all/bzyivzo6n839fup2jbap0tjew/gradle-4.1/lib/ant-launcher-1.9.6.jar
7f6460bb7000-7f6460bc3000 r--s 0005c000 08:06 263479                     /home/iduma/.gradle/wrapper/dists/gradle-4.1-all/bzyivzo6n839fup2jbap0tjew/gradle-4.1/lib/gradle-launcher-4.1.jar
7f6460bc3000-7f6460bcb000 rw-s 00000000 08:06 3287665                    /tmp/hsperfdata_iduma/5901
7f6460bcb000-7f6460bcc000 rw-p 00000000 00:00 0 
7f6460bcc000-7f6460bcd000 ---p 00000000 00:00 0 
7f6460bcd000-7f6460bce000 rw-p 00000000 00:00 0 
7f6460bce000-7f6460bcf000 r--p 00025000 08:06 2359313                    /lib/x86_64-linux-gnu/ld-2.23.so
7f6460bcf000-7f6460bd0000 rw-p 00026000 08:06 2359313                    /lib/x86_64-linux-gnu/ld-2.23.so
7f6460bd0000-7f6460bd1000 rw-p 00000000 00:00 0 
7ffc1af97000-7ffc1afb8000 rw-p 00000000 00:00 0                          [stack]
7ffc1afca000-7ffc1afcd000 r--p 00000000 00:00 0                          [vvar]
7ffc1afcd000-7ffc1afcf000 r-xp 00000000 00:00 0                          [vdso]
ffffffffff600000-ffffffffff601000 r-xp 00000000 00:00 0                  [vsyscall]

VM Arguments:
jvm_args: -Xmx1536m -Dfile.encoding=UTF-8 -Duser.country=NG -Duser.language=en -Duser.variant 
java_command: org.gradle.launcher.daemon.bootstrap.GradleDaemon 4.1
java_class_path (initial): /home/iduma/.gradle/wrapper/dists/gradle-4.1-all/bzyivzo6n839fup2jbap0tjew/gradle-4.1/lib/gradle-launcher-4.1.jar
Launcher Type: SUN_STANDARD

Environment Variables:
JAVA_HOME=/usr/lib/jvm/java-8-oracle
PATH=/usr/local/sbin:/usr/local/bin:/usr/sbin:/usr/bin:/sbin:/bin:/usr/games:/usr/local/games:/snap/bin:/usr/lib/jvm/java-8-oracle/bin:/usr/lib/jvm/java-8-oracle/db/bin:/usr/lib/jvm/java-8-oracle/jre/bin
LD_LIBRARY_PATH=/opt/android-studio/bin:
SHELL=/bin/bash
DISPLAY=:0

Signal Handlers:
SIGSEGV: [libjvm.so+0x9ebc60], sa_mask[0]=11111111011111111101111111111110, sa_flags=SA_RESTART|SA_SIGINFO
SIGBUS: [libjvm.so+0x9ebc60], sa_mask[0]=11111111011111111101111111111110, sa_flags=SA_RESTART|SA_SIGINFO
SIGFPE: [libjvm.so+0x84cf60], sa_mask[0]=11111111011111111101111111111110, sa_flags=SA_RESTART|SA_SIGINFO
SIGPIPE: [libjvm.so+0x84cf60], sa_mask[0]=11111111011111111101111111111110, sa_flags=SA_RESTART|SA_SIGINFO
SIGXFSZ: [libjvm.so+0x84cf60], sa_mask[0]=11111111011111111101111111111110, sa_flags=SA_RESTART|SA_SIGINFO
SIGILL: [libjvm.so+0x84cf60], sa_mask[0]=11111111011111111101111111111110, sa_flags=SA_RESTART|SA_SIGINFO
SIGUSR1: SIG_DFL, sa_mask[0]=00000000000000000000000000000000, sa_flags=none
SIGUSR2: [libjvm.so+0x84ce30], sa_mask[0]=00100000000000000000000000000000, sa_flags=SA_RESTART|SA_SIGINFO
SIGHUP: [libjvm.so+0x84d020], sa_mask[0]=11111111011111111101111111111110, sa_flags=SA_RESTART|SA_SIGINFO
SIGINT: [libjvm.so+0x84d020], sa_mask[0]=11111111011111111101111111111110, sa_flags=SA_RESTART|SA_SIGINFO
SIGTERM: [libjvm.so+0x84d020], sa_mask[0]=11111111011111111101111111111110, sa_flags=SA_RESTART|SA_SIGINFO
SIGQUIT: [libjvm.so+0x84d020], sa_mask[0]=11111111011111111101111111111110, sa_flags=SA_RESTART|SA_SIGINFO


---------------  S Y S T E M  ---------------

OS:DISTRIB_ID=Ubuntu
DISTRIB_RELEASE=16.04
DISTRIB_CODENAME=xenial
DISTRIB_DESCRIPTION="Ubuntu 16.04 LTS"

uname:Linux 4.4.0-116-generic #140-Ubuntu SMP Mon Feb 12 21:23:04 UTC 2018 x86_64
libc:glibc 2.23 NPTL 2.23 
rlimit: STACK 8192k, CORE 0k, NPROC 23291, NOFILE 1048576, AS infinity
load average:3.62 2.83 1.95

/proc/meminfo:
MemTotal:        6003280 kB
MemFree:          502272 kB
MemAvailable:     461636 kB
Buffers:           10088 kB
Cached:           420140 kB
SwapCached:        55896 kB
Active:          4133100 kB
Inactive:        1182152 kB
Active(anon):    4062196 kB
Inactive(anon):  1117940 kB
Active(file):      70904 kB
Inactive(file):    64212 kB
Unevictable:          32 kB
Mlocked:              32 kB
SwapTotal:       3003388 kB
SwapFree:        1361316 kB
Dirty:             20760 kB
Writeback:             0 kB
AnonPages:       4846764 kB
Mapped:           136404 kB
Shmem:            294984 kB
Slab:              78104 kB
SReclaimable:      43356 kB
SUnreclaim:        34748 kB
KernelStack:       10560 kB
PageTables:        48656 kB
NFS_Unstable:          0 kB
Bounce:                0 kB
WritebackTmp:          0 kB
CommitLimit:     6005028 kB
Committed_AS:   12087624 kB
VmallocTotal:   34359738367 kB
VmallocUsed:           0 kB
VmallocChunk:          0 kB
HardwareCorrupted:     0 kB
AnonHugePages:   2369536 kB
CmaTotal:              0 kB
CmaFree:               0 kB
HugePages_Total:       0
HugePages_Free:        0
HugePages_Rsvd:        0
HugePages_Surp:        0
Hugepagesize:       2048 kB
DirectMap4k:      151292 kB
DirectMap2M:     6033408 kB


CPU:total 2 (initial active 2) (2 cores per cpu, 1 threads per core) family 6 model 58 stepping 9, cmov, cx8, fxsr, mmx, sse, sse2, sse3, ssse3, sse4.1, sse4.2, popcnt, clmul, erms, tsc, tscinvbit, tscinv

/proc/cpuinfo:
processor	: 0
vendor_id	: GenuineIntel
cpu family	: 6
model		: 58
model name	: Intel(R) Pentium(R) CPU 2020M @ 2.40GHz
stepping	: 9
microcode	: 0x17
cpu MHz		: 2400.000
cache size	: 2048 KB
physical id	: 0
siblings	: 2
core id		: 0
cpu cores	: 2
apicid		: 0
initial apicid	: 0
fpu		: yes
fpu_exception	: yes
cpuid level	: 13
wp		: yes
flags		: fpu vme de pse tsc msr pae mce cx8 apic sep mtrr pge mca cmov pat pse36 clflush dts acpi mmx fxsr sse sse2 ss ht tm pbe syscall nx rdtscp lm constant_tsc arch_perfmon pebs bts rep_good nopl xtopology nonstop_tsc aperfmperf eagerfpu pni pclmulqdq dtes64 monitor ds_cpl vmx est tm2 ssse3 cx16 xtpr pdcm pcid sse4_1 sse4_2 x2apic popcnt tsc_deadline_timer xsave lahf_lm epb retpoline kaiser tpr_shadow vnmi flexpriority ept vpid fsgsbase smep erms xsaveopt dtherm arat pln pts
bugs		: cpu_meltdown spectre_v1 spectre_v2
bogomips	: 4789.00
clflush size	: 64
cache_alignment	: 64
address sizes	: 36 bits physical, 48 bits virtual
power management:

processor	: 1
vendor_id	: GenuineIntel
cpu family	: 6
model		: 58
model name	: Intel(R) Pentium(R) CPU 2020M @ 2.40GHz
stepping	: 9
microcode	: 0x17
cpu MHz		: 2399.906
cache size	: 2048 KB
physical id	: 0
siblings	: 2
core id		: 1
cpu cores	: 2
apicid		: 2
initial apicid	: 2
fpu		: yes
fpu_exception	: yes
cpuid level	: 13
wp		: yes
flags		: fpu vme de pse tsc msr pae mce cx8 apic sep mtrr pge mca cmov pat pse36 clflush dts acpi mmx fxsr sse sse2 ss ht tm pbe syscall nx rdtscp lm constant_tsc arch_perfmon pebs bts rep_good nopl xtopology nonstop_tsc aperfmperf eagerfpu pni pclmulqdq dtes64 monitor ds_cpl vmx est tm2 ssse3 cx16 xtpr pdcm pcid sse4_1 sse4_2 x2apic popcnt tsc_deadline_timer xsave lahf_lm epb retpoline kaiser tpr_shadow vnmi flexpriority ept vpid fsgsbase smep erms xsaveopt dtherm arat pln pts
bugs		: cpu_meltdown spectre_v1 spectre_v2
bogomips	: 4789.00
clflush size	: 64
cache_alignment	: 64
address sizes	: 36 bits physical, 48 bits virtual
power management:



Memory: 4k page, physical 6003280k(502272k free), swap 3003388k(1361316k free)

vm_info: OpenJDK 64-Bit Server VM (25.152-b01) for linux-amd64 JRE (1.8.0_152-release-915-b01), built by "builder" with gcc 4.8.4

time: Fri Apr  6 20:53:00 2018
elapsed time: 14938 seconds (0d 4h 8m 58s)

