#
# A fatal error has been detected by the Java Runtime Environment:
#
#  SIGBUS (0x7) at pc=0x00007f5470f2dd3b, pid=7639, tid=0x00007f5452d07700
#
# JRE version: OpenJDK Runtime Environment (8.0_152-b01) (build 1.8.0_152-release-915-b01)
# Java VM: OpenJDK 64-Bit Server VM (25.152-b01 mixed mode linux-amd64 compressed oops)
# Problematic frame:
# V  [libjvm.so+0x4ccd3b]  Dependencies::DepStream::argument(int)+0xab
#
# Failed to write core dump. Core dumps have been disabled. To enable core dumping, try "ulimit -c unlimited" before starting Java again
#
# If you would like to submit a bug report, please visit:
#   http://bugreport.java.com/bugreport/crash.jsp
#

---------------  T H R E A D  ---------------

Current thread (0x00007f546c0b7000):  JavaThread "C1 CompilerThread1" daemon [_thread_in_vm, id=7651, stack(0x00007f5452c07000,0x00007f5452d08000)]

siginfo: si_signo: 7 (SIGBUS), si_code: 2 (BUS_ADRERR), si_addr: 0x00007f541b890bd0

Registers:
RAX=0x00007f541b890bc8, RBX=0x00007f5452d06aa0, RCX=0x00000000000034a8, RDX=0x0000000000000006
RSP=0x00007f5452d06a80, RBP=0x00007f5452d06a90, RSI=0x000000000000002b, RDI=0x00007f5452d06aa0
R8 =0x00007f543c0ae4c0, R9 =0x00007f543c0ae400, R10=0x00007f545de966eb, R11=0x00007f545de966c8
R12=0x0000000000000000, R13=0x00007f545de96b90, R14=0x0000000000000000, R15=0x0000000000000001
RIP=0x00007f5470f2dd3b, EFLAGS=0x0000000000010246, CSGSFS=0x0000000000000033, ERR=0x0000000000000004
  TRAPNO=0x000000000000000e

Top of Stack: (sp=0x00007f5452d06a80)
0x00007f5452d06a80:   00007f5452d06aa0 0000000100016f60
0x00007f5452d06a90:   00007f5452d06b00 00007f547127c9d0
0x00007f5452d06aa0:   00007f545de96b90 0000000000000000
0x00007f5452d06ab0:   00007f545de9cc50 00007f5400000015
0x00007f5452d06ac0:   0000000000000006 00007f540000002b
0x00007f5452d06ad0:   00007f5471932470 00007f545de96b90
0x00007f5452d06ae0:   00007f546c006180 00007f546c006380
0x00007f5452d06af0:   00007f5471932470 00007f545de96b90
0x00007f5452d06b00:   00007f5452d06bb0 00007f547127f6aa
0x00007f5452d06b10:   00007f545de96ef0 00007f545de96c70
0x00007f5452d06b20:   00007f545de96f00 00007f545de96f20
0x00007f5452d06b30:   00007f54580f7210 00007f546c0b7000
0x00007f5452d06b40:   00007f545de99f80 00007f545de9a020
0x00007f5452d06b50:   00007f54718f2430 0000000000000000
0x00007f5452d06b60:   00007f545de967f5 00007f5452d06ba0
0x00007f5452d06b70:   00007ffe179f5c2a 00007f5452d06bd0
0x00007f5452d06b80:   00007f5452d06bb0 00007f545de96b90
0x00007f5452d06b90:   00007f546c007480 00007f546c0b7000
0x00007f5452d06ba0:   00007f546c006180 0000000000000b20
0x00007f5452d06bb0:   00007f5452d06bf0 00007f54713b652c
0x00007f5452d06bc0:   00007f545de96b90 00007f546c006180
0x00007f5452d06bd0:   00007f5471931c00 0000000000000286
0x00007f5452d06be0:   00007f545de9cf90 00007f546c006180
0x00007f5452d06bf0:   00007f5452d06d00 00007f54713b6e91
0x00007f5452d06c00:   0000000000000000 0000000000000000
0x00007f5452d06c10:   00007f5452d06c18 2020203231343931
0x00007f5452d06c20:   2020203320202020 6176616a20202020
0x00007f5452d06c30:   72742e6c6d782e78 00000000000003d8
0x00007f5452d06c40:   00007f546c01cbb8 00007f546c01c810
0x00007f5452d06c50:   00007f546c01c790 00007f546c01c7d0
0x00007f5452d06c60:   00007f546c006180 000003c6000a7c41
0x00007f5452d06c70:   000005030c9e6549 00007f5470d26e1b 

Instructions: (pc=0x00007f5470f2dd3b)
0x00007f5470f2dd1b:   fa 06 74 1c 31 c0 eb a5 0f 1f 44 00 00 48 8b 47
0x00007f5470f2dd2b:   08 48 8b 78 60 48 83 c7 28 e8 d7 a5 37 00 eb 88
0x00007f5470f2dd3b:   48 8b 40 08 48 8b 40 08 48 8b 40 18 e9 7c ff ff
0x00007f5470f2dd4b:   ff 0f 1f 40 00 48 8b 07 48 63 f6 48 63 74 b7 24 

Register to memory mapping:

RAX=
[error occurred during error reporting (printing register info), id 0x7]

Stack: [0x00007f5452c07000,0x00007f5452d08000],  sp=0x00007f5452d06a80,  free space=1022k
Native frames: (J=compiled Java code, j=interpreted, Vv=VM code, C=native code)
V  [libjvm.so+0x4ccd3b]  Dependencies::DepStream::argument(int)+0xab
V  [libjvm.so+0x81b9d0]  nmethod::flush_dependencies(BoolObjectClosure*) [clone .part.165]+0x50
V  [libjvm.so+0x81e6aa]  nmethod::make_not_entrant_or_zombie(unsigned int)+0x4aa
V  [libjvm.so+0x95552c]  NMethodSweeper::process_nmethod(nmethod*)+0x14c
V  [libjvm.so+0x955e91]  NMethodSweeper::sweep_code_cache()+0x501
V  [libjvm.so+0x9562a6]  NMethodSweeper::possibly_sweep()+0xb6
V  [libjvm.so+0x46cad5]  CompileQueue::get()+0x15
V  [libjvm.so+0x47263e]  CompileBroker::compiler_thread_loop()+0x19e
V  [libjvm.so+0x996db8]  JavaThread::thread_main_inner()+0xd8
V  [libjvm.so+0x84e792]  java_start(Thread*)+0xf2
C  [libpthread.so.0+0x76ba]  start_thread+0xca


---------------  P R O C E S S  ---------------

Java Threads: ( => current thread )
  0x00007f541c071800 JavaThread "build operations Thread 2" [_thread_blocked, id=10095, stack(0x00007f5419a10000,0x00007f5419b11000)]
  0x00007f541c06c000 JavaThread "build operations" [_thread_blocked, id=10094, stack(0x00007f541939a000,0x00007f541949b000)]
  0x00007f541c08b000 JavaThread "Cache worker for Artifact transforms cache (/home/iduma/.gradle/caches/transforms-1)" [_thread_blocked, id=10093, stack(0x00007f5418f96000,0x00007f5419097000)]
  0x00007f541c011000 JavaThread "Cache worker for file hash cache (/home/iduma/Documents/MedManager2/.gradle/4.1/fileHashes)" [_thread_blocked, id=10091, stack(0x00007f5418a95000,0x00007f5418b96000)]
  0x00007f541c010000 JavaThread "Stdin handler" [_thread_blocked, id=10089, stack(0x00007f541990f000,0x00007f5419a10000)]
  0x00007f541c00f800 JavaThread "Asynchronous log dispatcher for DefaultDaemonConnection: socket connection from /127.0.0.1:40603 to /127.0.0.1:40134" [_thread_blocked, id=10088, stack(0x00007f541960e000,0x00007f541970f000)]
  0x00007f5420006800 JavaThread "Daemon worker Thread 12" [_thread_blocked, id=10087, stack(0x00007f5450c69000,0x00007f5450d6a000)]
  0x00007f5420008000 JavaThread "Cancel handler" [_thread_blocked, id=10086, stack(0x00007f542c2fc000,0x00007f542c3fd000)]
  0x00007f5420004000 JavaThread "Handler for socket connection from /127.0.0.1:40603 to /127.0.0.1:40134" [_thread_in_native, id=10085, stack(0x00007f542c6fe000,0x00007f542c7ff000)]
  0x00007f5424043800 JavaThread "Daemon Thread 12" [_thread_blocked, id=10084, stack(0x00007f545116e000,0x00007f545126f000)]
  0x00007f5414d76800 JavaThread "Memory manager" [_thread_blocked, id=7676, stack(0x00007f541b946000,0x00007f541ba47000)]
  0x00007f5414190000 JavaThread "File lock request listener" [_thread_in_native, id=7668, stack(0x00007f5450867000,0x00007f5450968000)]
  0x00007f5414193800 JavaThread "Cache worker for file hash cache (/home/iduma/.gradle/caches/4.1/fileHashes)" [_thread_blocked, id=7667, stack(0x00007f5450968000,0x00007f5450a69000)]
  0x00007f546c157000 JavaThread "Daemon periodic checks" [_thread_blocked, id=7658, stack(0x00007f545126f000,0x00007f5451370000)]
  0x00007f546c12a000 JavaThread "Incoming local TCP Connector on port 40603" [_thread_in_native, id=7657, stack(0x00007f5451377000,0x00007f5451478000)]
  0x00007f546c0c2000 JavaThread "Service Thread" daemon [_thread_blocked, id=7652, stack(0x00007f5452b06000,0x00007f5452c07000)]
=>0x00007f546c0b7000 JavaThread "C1 CompilerThread1" daemon [_thread_in_vm, id=7651, stack(0x00007f5452c07000,0x00007f5452d08000)]
  0x00007f546c0b4000 JavaThread "C2 CompilerThread0" daemon [_thread_in_vm, id=7650, stack(0x00007f5452d08000,0x00007f5452e09000)]
  0x00007f546c0b2800 JavaThread "Signal Dispatcher" daemon [_thread_blocked, id=7649, stack(0x00007f5452e09000,0x00007f5452f0a000)]
  0x00007f546c080000 JavaThread "Finalizer" daemon [_thread_blocked, id=7648, stack(0x00007f54531e2000,0x00007f54532e3000)]
  0x00007f546c07b800 JavaThread "Reference Handler" daemon [_thread_blocked, id=7647, stack(0x00007f54532e3000,0x00007f54533e4000)]
  0x00007f546c00a800 JavaThread "main" [_thread_blocked, id=7643, stack(0x00007f547246e000,0x00007f547256f000)]

Other Threads:
  0x00007f546c074000 VMThread [stack: 0x00007f54533e4000,0x00007f54534e5000] [id=7646]
  0x00007f546c0c4000 WatcherThread [stack: 0x00007f5452a05000,0x00007f5452b06000] [id=7653]

VM state:synchronizing (normal execution)

VM Mutex/Monitor currently owned by a thread:  ([mutex/lock_event])
[0x00007f546c006180] CodeCache_lock - owner thread: 0x00007f546c0b7000
[0x00007f546c006e00] Threads_lock - owner thread: 0x00007f546c074000
[0x00007f546c007480] CompiledIC_lock - owner thread: 0x00007f546c0b7000

Heap:
 PSYoungGen      total 215040K, used 122813K [0x00000000e0000000, 0x00000000ee780000, 0x0000000100000000)
  eden space 195072K, 59% used [0x00000000e0000000,0x00000000e71ac348,0x00000000ebe80000)
  from space 19968K, 32% used [0x00000000ed400000,0x00000000eda430c0,0x00000000ee780000)
  to   space 20992K, 0% used [0x00000000ebe80000,0x00000000ebe80000,0x00000000ed300000)
 ParOldGen       total 97280K, used 66123K [0x00000000a0000000, 0x00000000a5f00000, 0x00000000e0000000)
  object space 97280K, 67% used [0x00000000a0000000,0x00000000a4092c80,0x00000000a5f00000)
 Metaspace       used 79689K, capacity 85088K, committed 85336K, reserved 1124352K
  class space    used 10036K, capacity 11273K, committed 11392K, reserved 1048576K

Card table byte_map: [0x00007f545bee3000,0x00007f545c1e4000] byte_map_base: 0x00007f545b9e3000

Marking Bits: (ParMarkBitMap*) 0x00007f54719363e0
 Begin Bits: [0x00007f5458be2000, 0x00007f545a3e2000)
 End Bits:   [0x00007f545a3e2000, 0x00007f545bbe2000)

Polling page: 0x00007f547258a000

CodeCache: size=245760Kb used=49950Kb max_used=49969Kb free=195809Kb
 bounds [0x00007f545c5a4000, 0x00007f545f6c4000, 0x00007f546b5a4000]
 total_blobs=16292 nmethods=15456 adapters=748
 compilation: enabled

Compilation events (10 events):
Event: 5510.648 Thread 0x00007f546c0b7000 19410       2       com.google.common.collect.ImmutableSet$Builder::add (6 bytes)
Event: 5510.648 Thread 0x00007f546c0b7000 nmethod 19410 0x00007f545d607710 code [0x00007f545d607880, 0x00007f545d607a08]
Event: 5510.651 Thread 0x00007f546c0b7000 19411       2       com.android.repository.api.SchemaModule$SchemaModuleVersion::getXsd (15 bytes)
Event: 5510.652 Thread 0x00007f546c0b7000 nmethod 19411 0x00007f545f69a810 code [0x00007f545f69a9e0, 0x00007f545f69ad38]
Event: 5510.652 Thread 0x00007f546c0b4000 nmethod 19357 0x00007f545f6be0d0 code [0x00007f545f6be380, 0x00007f545f6c02d0]
Event: 5510.652 Thread 0x00007f546c0b4000 19362       4       com.google.common.collect.ImmutableMap::containsKey (14 bytes)
Event: 5510.654 Thread 0x00007f546c0b7000 19412       3       javax.xml.transform.stream.StreamSource::<init> (10 bytes)
Event: 5510.655 Thread 0x00007f546c0b7000 nmethod 19412 0x00007f545da457d0 code [0x00007f545da45940, 0x00007f545da45b70]
Event: 5510.656 Thread 0x00007f546c0b4000 nmethod 19362 0x00007f545da0bbd0 code [0x00007f545da0bd40, 0x00007f545da0bf58]
Event: 5510.656 Thread 0x00007f546c0b4000 19386       4       java.util.Vector::<init> (7 bytes)

GC Heap History (10 events):
Event: 4793.312 GC heap before
{Heap before GC invocations=43 (full 3):
 PSYoungGen      total 132096K, used 116108K [0x00000000e0000000, 0x00000000eb080000, 0x0000000100000000)
  eden space 108544K, 99% used [0x00000000e0000000,0x00000000e6984aa8,0x00000000e6a00000)
  from space 23552K, 34% used [0x00000000e6a00000,0x00000000e71de8e8,0x00000000e8100000)
  to   space 23040K, 0% used [0x00000000e9a00000,0x00000000e9a00000,0x00000000eb080000)
 ParOldGen       total 97280K, used 64526K [0x00000000a0000000, 0x00000000a5f00000, 0x00000000e0000000)
  object space 97280K, 66% used [0x00000000a0000000,0x00000000a3f03bc0,0x00000000a5f00000)
 Metaspace       used 75706K, capacity 80532K, committed 80728K, reserved 1120256K
  class space    used 9560K, capacity 10600K, committed 10624K, reserved 1048576K
Event: 4793.335 GC heap after
Heap after GC invocations=43 (full 3):
 PSYoungGen      total 156672K, used 6947K [0x00000000e0000000, 0x00000000eaf80000, 0x0000000100000000)
  eden space 134656K, 0% used [0x00000000e0000000,0x00000000e0000000,0x00000000e8380000)
  from space 22016K, 31% used [0x00000000e9a00000,0x00000000ea0c8d50,0x00000000eaf80000)
  to   space 22528K, 0% used [0x00000000e8380000,0x00000000e8380000,0x00000000e9980000)
 ParOldGen       total 97280K, used 65255K [0x00000000a0000000, 0x00000000a5f00000, 0x00000000e0000000)
  object space 97280K, 67% used [0x00000000a0000000,0x00000000a3fb9f10,0x00000000a5f00000)
 Metaspace       used 75706K, capacity 80532K, committed 80728K, reserved 1120256K
  class space    used 9560K, capacity 10600K, committed 10624K, reserved 1048576K
}
Event: 4993.844 GC heap before
{Heap before GC invocations=44 (full 3):
 PSYoungGen      total 156672K, used 141603K [0x00000000e0000000, 0x00000000eaf80000, 0x0000000100000000)
  eden space 134656K, 100% used [0x00000000e0000000,0x00000000e8380000,0x00000000e8380000)
  from space 22016K, 31% used [0x00000000e9a00000,0x00000000ea0c8d50,0x00000000eaf80000)
  to   space 22528K, 0% used [0x00000000e8380000,0x00000000e8380000,0x00000000e9980000)
 ParOldGen       total 97280K, used 65255K [0x00000000a0000000, 0x00000000a5f00000, 0x00000000e0000000)
  object space 97280K, 67% used [0x00000000a0000000,0x00000000a3fb9f10,0x00000000a5f00000)
 Metaspace       used 75775K, capacity 80652K, committed 80856K, reserved 1120256K
  class space    used 9571K, capacity 10640K, committed 10752K, reserved 1048576K
Event: 4993.851 GC heap after
Heap after GC invocations=44 (full 3):
 PSYoungGen      total 157184K, used 1392K [0x00000000e0000000, 0x00000000ecc00000, 0x0000000100000000)
  eden space 134656K, 0% used [0x00000000e0000000,0x00000000e0000000,0x00000000e8380000)
  from space 22528K, 6% used [0x00000000e8380000,0x00000000e84dc020,0x00000000e9980000)
  to   space 23040K, 0% used [0x00000000eb580000,0x00000000eb580000,0x00000000ecc00000)
 ParOldGen       total 97280K, used 65983K [0x00000000a0000000, 0x00000000a5f00000, 0x00000000e0000000)
  object space 97280K, 67% used [0x00000000a0000000,0x00000000a406fc70,0x00000000a5f00000)
 Metaspace       used 75775K, capacity 80652K, committed 80856K, reserved 1120256K
  class space    used 9571K, capacity 10640K, committed 10752K, reserved 1048576K
}
Event: 4995.127 GC heap before
{Heap before GC invocations=45 (full 3):
 PSYoungGen      total 157184K, used 136048K [0x00000000e0000000, 0x00000000ecc00000, 0x0000000100000000)
  eden space 134656K, 100% used [0x00000000e0000000,0x00000000e8380000,0x00000000e8380000)
  from space 22528K, 6% used [0x00000000e8380000,0x00000000e84dc020,0x00000000e9980000)
  to   space 23040K, 0% used [0x00000000eb580000,0x00000000eb580000,0x00000000ecc00000)
 ParOldGen       total 97280K, used 65983K [0x00000000a0000000, 0x00000000a5f00000, 0x00000000e0000000)
  object space 97280K, 67% used [0x00000000a0000000,0x00000000a406fc70,0x00000000a5f00000)
 Metaspace       used 75843K, capacity 80660K, committed 80856K, reserved 1120256K
  class space    used 9572K, capacity 10640K, committed 10752K, reserved 1048576K
Event: 4995.194 GC heap after
Heap after GC invocations=45 (full 3):
 PSYoungGen      total 183808K, used 9920K [0x00000000e0000000, 0x00000000eca00000, 0x0000000100000000)
  eden space 162816K, 0% used [0x00000000e0000000,0x00000000e0000000,0x00000000e9f00000)
  from space 20992K, 47% used [0x00000000eb580000,0x00000000ebf30050,0x00000000eca00000)
  to   space 22016K, 0% used [0x00000000e9f00000,0x00000000e9f00000,0x00000000eb480000)
 ParOldGen       total 97280K, used 66075K [0x00000000a0000000, 0x00000000a5f00000, 0x00000000e0000000)
  object space 97280K, 67% used [0x00000000a0000000,0x00000000a4086c80,0x00000000a5f00000)
 Metaspace       used 75843K, capacity 80660K, committed 80856K, reserved 1120256K
  class space    used 9572K, capacity 10640K, committed 10752K, reserved 1048576K
}
Event: 5052.747 GC heap before
{Heap before GC invocations=46 (full 3):
 PSYoungGen      total 183808K, used 172736K [0x00000000e0000000, 0x00000000eca00000, 0x0000000100000000)
  eden space 162816K, 100% used [0x00000000e0000000,0x00000000e9f00000,0x00000000e9f00000)
  from space 20992K, 47% used [0x00000000eb580000,0x00000000ebf30050,0x00000000eca00000)
  to   space 22016K, 0% used [0x00000000e9f00000,0x00000000e9f00000,0x00000000eb480000)
 ParOldGen       total 97280K, used 66075K [0x00000000a0000000, 0x00000000a5f00000, 0x00000000e0000000)
  object space 97280K, 67% used [0x00000000a0000000,0x00000000a4086c80,0x00000000a5f00000)
 Metaspace       used 75965K, capacity 80924K, committed 81112K, reserved 1120256K
  class space    used 9584K, capacity 10682K, committed 10752K, reserved 1048576K
Event: 5052.762 GC heap after
Heap after GC invocations=46 (full 3):
 PSYoungGen      total 184832K, used 4593K [0x00000000e0000000, 0x00000000ee900000, 0x0000000100000000)
  eden space 162816K, 0% used [0x00000000e0000000,0x00000000e0000000,0x00000000e9f00000)
  from space 22016K, 20% used [0x00000000e9f00000,0x00000000ea37c450,0x00000000eb480000)
  to   space 21504K, 0% used [0x00000000ed400000,0x00000000ed400000,0x00000000ee900000)
 ParOldGen       total 97280K, used 66083K [0x00000000a0000000, 0x00000000a5f00000, 0x00000000e0000000)
  object space 97280K, 67% used [0x00000000a0000000,0x00000000a4088c80,0x00000000a5f00000)
 Metaspace       used 75965K, capacity 80924K, committed 81112K, reserved 1120256K
  class space    used 9584K, capacity 10682K, committed 10752K, reserved 1048576K
}
Event: 5054.045 GC heap before
{Heap before GC invocations=47 (full 3):
 PSYoungGen      total 184832K, used 167180K [0x00000000e0000000, 0x00000000ee900000, 0x0000000100000000)
  eden space 162816K, 99% used [0x00000000e0000000,0x00000000e9ec6e50,0x00000000e9f00000)
  from space 22016K, 20% used [0x00000000e9f00000,0x00000000ea37c450,0x00000000eb480000)
  to   space 21504K, 0% used [0x00000000ed400000,0x00000000ed400000,0x00000000ee900000)
 ParOldGen       total 97280K, used 66083K [0x00000000a0000000, 0x00000000a5f00000, 0x00000000e0000000)
  object space 97280K, 67% used [0x00000000a0000000,0x00000000a4088c80,0x00000000a5f00000)
 Metaspace       used 76016K, capacity 80988K, committed 81112K, reserved 1120256K
  class space    used 9585K, capacity 10682K, committed 10752K, reserved 1048576K
Event: 5054.076 GC heap after
Heap after GC invocations=47 (full 3):
 PSYoungGen      total 215040K, used 6412K [0x00000000e0000000, 0x00000000ee780000, 0x0000000100000000)
  eden space 195072K, 0% used [0x00000000e0000000,0x00000000e0000000,0x00000000ebe80000)
  from space 19968K, 32% used [0x00000000ed400000,0x00000000eda430c0,0x00000000ee780000)
  to   space 20992K, 0% used [0x00000000ebe80000,0x00000000ebe80000,0x00000000ed300000)
 ParOldGen       total 97280K, used 66123K [0x00000000a0000000, 0x00000000a5f00000, 0x00000000e0000000)
  object space 97280K, 67% used [0x00000000a0000000,0x00000000a4092c80,0x00000000a5f00000)
 Metaspace       used 76016K, capacity 80988K, committed 81112K, reserved 1120256K
  class space    used 9585K, capacity 10682K, committed 10752K, reserved 1048576K
}

Deoptimization events (10 events):
Event: 5509.022 Thread 0x00007f5420006800 Uncommon trap: reason=bimorphic action=maybe_recompile pc=0x00007f545cd77d64 method=java.util.Hashtable.get(Ljava/lang/Object;)Ljava/lang/Object; @ 6
Event: 5509.022 Thread 0x00007f5420006800 Uncommon trap: reason=bimorphic action=maybe_recompile pc=0x00007f545cd77d64 method=java.util.Hashtable.get(Ljava/lang/Object;)Ljava/lang/Object; @ 6
Event: 5509.023 Thread 0x00007f5420006800 Uncommon trap: reason=bimorphic action=maybe_recompile pc=0x00007f545cd77d64 method=java.util.Hashtable.get(Ljava/lang/Object;)Ljava/lang/Object; @ 6
Event: 5509.026 Thread 0x00007f5420006800 Uncommon trap: reason=bimorphic action=maybe_recompile pc=0x00007f545cd77d64 method=java.util.Hashtable.get(Ljava/lang/Object;)Ljava/lang/Object; @ 6
Event: 5509.078 Thread 0x00007f5420006800 Uncommon trap: reason=unstable_if action=reinterpret pc=0x00007f545edafaa4 method=java.net.URI$Parser.parse(Z)V @ 39
Event: 5509.078 Thread 0x00007f5420006800 Uncommon trap: reason=unstable_if action=reinterpret pc=0x00007f545edb35b0 method=java.net.URI$Parser.parseHierarchical(II)I @ 10
Event: 5509.246 Thread 0x00007f5420006800 Uncommon trap: reason=bimorphic action=maybe_recompile pc=0x00007f545ee9c40c method=java.util.Hashtable.addEntry(ILjava/lang/Object;Ljava/lang/Object;I)V @ 38
Event: 5509.246 Thread 0x00007f5420006800 Uncommon trap: reason=bimorphic action=maybe_recompile pc=0x00007f545d5ddd8c method=java.util.Hashtable.addEntry(ILjava/lang/Object;Ljava/lang/Object;I)V @ 38
Event: 5510.310 Thread 0x00007f5420006800 Uncommon trap: reason=unstable_if action=reinterpret pc=0x00007f545dd154b8 method=sun.nio.fs.UnixDirectoryStream$UnixDirectoryIterator.isSelfOrParent([B)Z @ 17
Event: 5510.353 Thread 0x00007f5420006800 Uncommon trap: reason=unstable_if action=reinterpret pc=0x00007f545ef9e5e8 method=com.google.common.collect.ImmutableSet.construct(I[Ljava/lang/Object;)Lcom/google/common/collect/ImmutableSet; @ 146

Classes redefined (0 events):
No events

Internal exceptions (10 events):
Event: 5510.351 Thread 0x00007f5420006800 Exception <a 'sun/nio/fs/UnixException'> (0x00000000e6623360) thrown at [/ssd/Android/AOSP-openjdk-git/jdk8u/hotspot/src/share/vm/prims/jni.cpp, line 709]
Event: 5510.352 Thread 0x00007f5420006800 Exception <a 'sun/nio/fs/UnixException'> (0x00000000e66258f0) thrown at [/ssd/Android/AOSP-openjdk-git/jdk8u/hotspot/src/share/vm/prims/jni.cpp, line 709]
Event: 5510.352 Thread 0x00007f5420006800 Exception <a 'sun/nio/fs/UnixException'> (0x00000000e6626bf0) thrown at [/ssd/Android/AOSP-openjdk-git/jdk8u/hotspot/src/share/vm/prims/jni.cpp, line 709]
Event: 5510.352 Thread 0x00007f5420006800 Exception <a 'sun/nio/fs/UnixException'> (0x00000000e6629620) thrown at [/ssd/Android/AOSP-openjdk-git/jdk8u/hotspot/src/share/vm/prims/jni.cpp, line 709]
Event: 5510.352 Thread 0x00007f5420006800 Exception <a 'sun/nio/fs/UnixException'> (0x00000000e662a900) thrown at [/ssd/Android/AOSP-openjdk-git/jdk8u/hotspot/src/share/vm/prims/jni.cpp, line 709]
Event: 5510.352 Thread 0x00007f5420006800 Exception <a 'sun/nio/fs/UnixException'> (0x00000000e662c518) thrown at [/ssd/Android/AOSP-openjdk-git/jdk8u/hotspot/src/share/vm/prims/jni.cpp, line 709]
Event: 5510.352 Thread 0x00007f5420006800 Exception <a 'sun/nio/fs/UnixException'> (0x00000000e662d918) thrown at [/ssd/Android/AOSP-openjdk-git/jdk8u/hotspot/src/share/vm/prims/jni.cpp, line 709]
Event: 5510.353 Thread 0x00007f5420006800 Exception <a 'sun/nio/fs/UnixException'> (0x00000000e662f698) thrown at [/ssd/Android/AOSP-openjdk-git/jdk8u/hotspot/src/share/vm/prims/jni.cpp, line 709]
Event: 5510.353 Thread 0x00007f5420006800 Exception <a 'sun/nio/fs/UnixException'> (0x00000000e6630b00) thrown at [/ssd/Android/AOSP-openjdk-git/jdk8u/hotspot/src/share/vm/prims/jni.cpp, line 709]
Event: 5510.886 Thread 0x00007f5414d76800 Exception <a 'java/io/IOException'> (0x00000000e128dfa0) thrown at [/ssd/Android/AOSP-openjdk-git/jdk8u/hotspot/src/share/vm/prims/jni.cpp, line 709]

Events (10 events):
Event: 5510.606 Executing VM operation: RevokeBias
Event: 5510.606 Executing VM operation: RevokeBias done
Event: 5510.606 Executing VM operation: RevokeBias
Event: 5510.607 Executing VM operation: RevokeBias done
Event: 5510.609 Thread 0x00007f546c0b4000 flushing nmethod 0x00007f545c7f1010
Event: 5510.638 Thread 0x00007f546c0b7000 flushing nmethod 0x00007f545cfaf210
Event: 5510.647 Thread 0x00007f546c0b7000 flushing nmethod 0x00007f545d6073d0
Event: 5510.649 Thread 0x00007f546c0b7000 flushing nmethod 0x00007f545da0b510
Event: 5510.652 Thread 0x00007f546c0b7000 flushing nmethod 0x00007f545da457d0
Event: 5510.656 Thread 0x00007f546c0b7000 flushing nmethod 0x00007f545de22f10


Dynamic libraries:
00400000-00401000 r-xp 00000000 08:06 1573820                            /opt/android-studio/jre/bin/java
00600000-00601000 r--p 00000000 08:06 1573820                            /opt/android-studio/jre/bin/java
00601000-00602000 rw-p 00001000 08:06 1573820                            /opt/android-studio/jre/bin/java
00c3b000-00d58000 rw-p 00000000 00:00 0                                  [heap]
a0000000-a5f00000 rw-p 00000000 00:00 0 
a5f00000-e0000000 ---p 00000000 00:00 0 
e0000000-ee780000 rw-p 00000000 00:00 0 
ee780000-100000000 ---p 00000000 00:00 0 
100000000-100b20000 rw-p 00000000 00:00 0 
100b20000-140000000 ---p 00000000 00:00 0 
7f5414000000-7f5415424000 rw-p 00000000 00:00 0 
7f5415424000-7f5418000000 ---p 00000000 00:00 0 
7f5418007000-7f5418047000 rw-p 00000000 00:00 0 
7f5418047000-7f5418207000 ---p 00000000 00:00 0 
7f5418207000-7f5418407000 rw-p 00000000 00:00 0 
7f5418407000-7f5418477000 r--s 00643000 08:06 526101                     /home/iduma/.gradle/caches/jars-3/fd607a71f3d781451515f815d21ecd8e/groovy-all-2.4.6.jar
7f5418477000-7f541847c000 r--s 00034000 08:06 526097                     /home/iduma/.gradle/caches/jars-3/d447f2396a03dbc75b6d52fec5a488d6/gson-2.5.jar
7f541847c000-7f5418482000 r--s 0008b000 08:06 526099                     /home/iduma/.gradle/caches/jars-3/12b60d252bcd68e30d8b20cdf4f7de06/gradle-tooling-extension-impl.jar
7f5418482000-7f5418490000 r--s 000ca000 08:06 526095                     /home/iduma/.gradle/caches/jars-3/e0bd0005080c5c7e72a2b279cbd60369/kotlin-runtime.jar
7f5418490000-7f5418492000 r--s 0000e000 08:06 398283                     /home/iduma/.gradle/caches/jars-3/749fa8fddbb60dbf5a9683c6d3a8f3e9/android-extensions-ide.jar
7f5418492000-7f5418493000 r--s 00000000 08:06 398281                     /home/iduma/.gradle/caches/jars-3/be363fcec6fce25e79fe7d68a2750e91/gradle-appengine-builder-model-0.1.0.jar
7f5418493000-7f5418494000 r--s 00003000 08:06 398277                     /home/iduma/.gradle/caches/jars-3/2405bbfe967ae4d56a908337251d2f0e/kotlin-gradle-tooling.jar
7f5418494000-7f5418495000 r--s 00002000 08:06 268625                     /home/iduma/.gradle/caches/jars-3/a5464f115a9bc6b52bb26e3cbeda18d3/external-system-rt.jar
7f5418495000-7f5418695000 rw-p 00000000 00:00 0 
7f5418695000-7f5418895000 rw-p 00000000 00:00 0 
7f5418895000-7f5418a95000 rw-p 00000000 00:00 0 
7f5418a95000-7f5418a98000 ---p 00000000 00:00 0 
7f5418a98000-7f5418d96000 rw-p 00000000 00:00 0 
7f5418d96000-7f5418f96000 rw-p 00000000 00:00 0 
7f5418f96000-7f5418f99000 ---p 00000000 00:00 0 
7f5418f99000-7f5419097000 rw-p 00000000 00:00 0 
7f5419097000-7f541909a000 ---p 00000000 00:00 0 
7f541909a000-7f5419198000 rw-p 00000000 00:00 0 
7f5419198000-7f541919b000 ---p 00000000 00:00 0 
7f541919b000-7f5419299000 rw-p 00000000 00:00 0 
7f5419299000-7f541929c000 ---p 00000000 00:00 0 
7f541929c000-7f541939a000 rw-p 00000000 00:00 0 
7f541939a000-7f541939d000 ---p 00000000 00:00 0 
7f541939d000-7f541949b000 rw-p 00000000 00:00 0 
7f541949b000-7f541949e000 ---p 00000000 00:00 0 
7f541949e000-7f54194d4000 rw-p 00000000 00:00 0 
7f54194d4000-7f54194d7000 ---p 00000000 00:00 0 
7f54194d7000-7f541950d000 rw-p 00000000 00:00 0 
7f541950d000-7f5419510000 ---p 00000000 00:00 0 
7f5419510000-7f541960e000 rw-p 00000000 00:00 0 
7f541960e000-7f5419611000 ---p 00000000 00:00 0 
7f5419611000-7f541990f000 rw-p 00000000 00:00 0 
7f541990f000-7f5419912000 ---p 00000000 00:00 0 
7f5419912000-7f5419a10000 rw-p 00000000 00:00 0 
7f5419a10000-7f5419a13000 ---p 00000000 00:00 0 
7f5419a13000-7f5419d11000 rw-p 00000000 00:00 0 
7f5419d11000-7f5419f11000 rw-p 00000000 00:00 0 
7f5419f11000-7f541a111000 rw-p 00000000 00:00 0 
7f541a111000-7f541a114000 ---p 00000000 00:00 0 
7f541a114000-7f541a412000 rw-p 00000000 00:00 0 
7f541a412000-7f541a612000 rw-p 00000000 00:00 0 
7f541a612000-7f541a631000 r--s 0053d000 08:06 398279                     /home/iduma/.gradle/caches/jars-3/07dcf2f3f2bda71869cda3f75be96a82/sdk-tools.jar
7f541a631000-7f541a831000 rw-p 00000000 00:00 0 
7f541a831000-7f541a834000 ---p 00000000 00:00 0 
7f541a834000-7f541a932000 rw-p 00000000 00:00 0 
7f541a932000-7f541a935000 ---p 00000000 00:00 0 
7f541a935000-7f541aa33000 rw-p 00000000 00:00 0 
7f541aa33000-7f541aa36000 ---p 00000000 00:00 0 
7f541aa36000-7f541ad34000 rw-p 00000000 00:00 0 
7f541ad34000-7f541af34000 rw-p 00000000 00:00 0 
7f541af34000-7f541b134000 rw-p 00000000 00:00 0 
7f541b134000-7f541b334000 rw-p 00000000 00:00 0 
7f541b334000-7f541b346000 r--s 00345000 08:06 1573902                    /opt/android-studio/jre/jre/lib/resources.jar
7f541b346000-7f541b546000 rw-p 00000000 00:00 0 
7f541b546000-7f541b746000 rw-p 00000000 00:00 0 
7f541b746000-7f541b946000 rw-p 00000000 00:00 0 
7f541b946000-7f541b949000 ---p 00000000 00:00 0 
7f541b949000-7f541bc47000 rw-p 00000000 00:00 0 
7f541bc47000-7f541be3d000 rw-p 00000000 00:00 0 
7f541be3d000-7f541be47000 ---p 00000000 00:00 0 
7f541be47000-7f541be52000 r--s 00081000 08:06 786887                     /home/iduma/.gradle/caches/jars-3/fc6e889a0f45cc9752787eb60f920103/trove4j-20160824.jar
7f541be52000-7f541bed5000 r--s 00758000 08:06 786885                     /home/iduma/.gradle/caches/jars-3/b46ab84062ddfd52701cfe0a9718e764/intellij-core-26.0.1.jar
7f541bed5000-7f541bedb000 r--s 00033000 08:06 786883                     /home/iduma/.gradle/caches/jars-3/f96c897d327ea500d64fe3af2833bd50/commons-codec-1.6.jar
7f541bedb000-7f541c000000 r--s 00f5d000 08:06 786833                     /home/iduma/.gradle/caches/jars-3/dfd566a90e18a0aa75879c33e0731ab8/fastutil-7.2.0.jar
7f541c000000-7f541c2c7000 rw-p 00000000 00:00 0 
7f541c2c7000-7f5420000000 ---p 00000000 00:00 0 
7f5420000000-7f5420287000 rw-p 00000000 00:00 0 
7f5420287000-7f5424000000 ---p 00000000 00:00 0 
7f5424000000-7f5424a9e000 rw-p 00000000 00:00 0 
7f5424a9e000-7f5428000000 ---p 00000000 00:00 0 
7f5428000000-7f5428124000 rw-p 00000000 00:00 0 
7f5428124000-7f542c000000 ---p 00000000 00:00 0 
7f542c000000-7f542c002000 r--s 0000c000 08:06 268623                     /home/iduma/.gradle/caches/jars-3/4bc057eb82a797154e6f5adb86778648/gradle-tooling-extension-api.jar
7f542c002000-7f542c005000 r--s 00015000 08:06 1573901                    /opt/android-studio/jre/jre/lib/jce.jar
7f542c005000-7f542c007000 r--s 0000d000 08:06 786881                     /home/iduma/.gradle/caches/jars-3/ccc849edcf9fccd61ed937bf93ffe896/commons-logging-1.1.1.jar
7f542c007000-7f542c00d000 r--s 00032000 08:06 786879                     /home/iduma/.gradle/caches/jars-3/72e344059d1923829968d0d38b0c3c72/httpcore-4.2.5.jar
7f542c00d000-7f542c00e000 r--s 00004000 08:06 786877                     /home/iduma/.gradle/caches/jars-3/3a4299d1ce3e273e7c03a9ccf5a1e333/annotations-12.0.jar
7f542c00e000-7f542c00f000 r--s 00000000 08:06 786875                     /home/iduma/.gradle/caches/jars-3/0e2fbc3b8c56d2975eca90c524790c13/animal-sniffer-annotations-1.14.jar
7f542c00f000-7f542c011000 r--s 00001000 08:06 786873                     /home/iduma/.gradle/caches/jars-3/ad41f8f3ac67c0323ce9eb1c20c8dc3f/j2objc-annotations-1.1.jar
7f542c011000-7f542c012000 r--s 00002000 08:06 786871                     /home/iduma/.gradle/caches/jars-3/9edb0f46b907c34c4718edabde6c791c/error_prone_annotations-2.0.18.jar
7f542c012000-7f542c015000 r--s 00006000 08:06 786869                     /home/iduma/.gradle/caches/jars-3/b58a9bc3bbba42132e4abc0bacae8da1/jsr305-1.3.9.jar
7f542c015000-7f542c016000 r--s 0000a000 08:06 786867                     /home/iduma/.gradle/caches/jars-3/5b8b36ed61fe92731031cca3c9b3a0b3/kxml2-2.3.0.jar
7f542c016000-7f542c018000 r--s 00005000 08:06 786865                     /home/iduma/.gradle/caches/jars-3/f10e1e1978816198f2eb1189c974b440/httpmime-4.1.jar
7f542c018000-7f542c022000 r--s 00061000 08:06 786863                     /home/iduma/.gradle/caches/jars-3/bc4b2527f35dc983f759e8f85f3f8d52/httpclient-4.2.6.jar
7f542c022000-7f542c02b000 r--s 00064000 08:06 786861                     /home/iduma/.gradle/caches/jars-3/fc37c717528c2a0d27f3e3621835f781/commons-compress-1.12.jar
7f542c02b000-7f542c030000 r--s 0002e000 08:06 786859                     /home/iduma/.gradle/caches/jars-3/c5bcda7f6f4809e9c92270f99e51f154/gson-2.3.jar
7f542c030000-7f542c040000 r--s 000d6000 08:06 786857                     /home/iduma/.gradle/caches/jars-3/dbdb8caed2514263a34702cc763c6785/proguard-base-5.3.3.jar
7f542c040000-7f542c042000 r--s 00003000 08:06 786855                     /home/iduma/.gradle/caches/jars-3/01ab8600ebbfdcaf9b89b45c2b992e82/annotations-13.0.jar
7f542c042000-7f542c043000 r--s 00001000 08:06 786853                     /home/iduma/.gradle/caches/jars-3/dccac9b7f67766e57200b1770178f61c/annotations-26.0.1.jar
7f542c043000-7f542c046000 r--s 00033000 08:06 786851                     /home/iduma/.gradle/caches/jars-3/0ce03714647bf7bd3c78634c20ddbf38/juniversalchardet-1.0.3.jar
7f542c046000-7f542c04a000 r--s 0002a000 08:06 786849                     /home/iduma/.gradle/caches/jars-3/9849af6d4b0409ba64061601342f385d/commons-io-2.4.jar
7f542c04a000-7f542c061000 r--s 00154000 08:06 786847                     /home/iduma/.gradle/caches/jars-3/57adf9abd30c921d4ea1dfdcfe7b9efd/antlr4-4.5.3.jar
7f542c061000-7f542c062000 r--s 00003000 08:06 786845                     /home/iduma/.gradle/caches/jars-3/54a15dd332fd4c2e246ad396835dc0d2/baseLibrary-3.0.1.jar
7f542c062000-7f542c092000 r--s 00245000 08:06 786843                     /home/iduma/.gradle/caches/jars-3/8e27cdebb49ba2f804f9403d90aaaac5/guava-22.0.jar
7f542c092000-7f542c09a000 r--s 000a8000 08:06 786841                     /home/iduma/.gradle/caches/jars-3/6cc57ce9ec0d90186f781694264d61bc/lombok-ast-0.2.3.jar
7f542c09a000-7f542c09e000 r--s 0002f000 08:06 786839                     /home/iduma/.gradle/caches/jars-3/505fcc8c47da308b2f1262f0ff3c65f1/jimfs-1.1.jar
7f542c09e000-7f542c0b1000 r--s 00241000 08:06 786837                     /home/iduma/.gradle/caches/jars-3/d8dc71eb6d91c966c45f7b594129e14a/ecj-4.6.1.jar
7f542c0b1000-7f542c0fc000 r--s 002ff000 08:06 786831                     /home/iduma/.gradle/caches/jars-3/d3d44e9a7fcb4a86fb40775c385dd3d0/bcprov-jdk15on-1.56.jar
7f542c0fc000-7f542c2fc000 rw-p 00000000 00:00 0 
7f542c2fc000-7f542c2ff000 ---p 00000000 00:00 0 
7f542c2ff000-7f542c3fd000 rw-p 00000000 00:00 0 
7f542c3fd000-7f542c400000 ---p 00000000 00:00 0 
7f542c400000-7f542c6fe000 rw-p 00000000 00:00 0 
7f542c6fe000-7f542c701000 ---p 00000000 00:00 0 
7f542c701000-7f542c9ff000 rw-p 00000000 00:00 0 
7f542c9ff000-7f542cbff000 rw-p 00000000 00:00 0 
7f542cbff000-7f542cdff000 rw-p 00000000 00:00 0 
7f542cdff000-7f542cfff000 rw-p 00000000 00:00 0 
7f542cfff000-7f5430000000 rw-p 00000000 00:00 0 
7f5430000000-7f54310a2000 rw-p 00000000 00:00 0 
7f54310a2000-7f5434000000 ---p 00000000 00:00 0 
7f5434000000-7f543407f000 rw-p 00000000 00:00 0 
7f543407f000-7f5438000000 ---p 00000000 00:00 0 
7f5438000000-7f5438a6a000 rw-p 00000000 00:00 0 
7f5438a6a000-7f543c000000 ---p 00000000 00:00 0 
7f543c000000-7f543e49c000 rw-p 00000000 00:00 0 
7f543e49c000-7f5440000000 ---p 00000000 00:00 0 
7f5440000000-7f544019a000 rw-p 00000000 00:00 0 
7f544019a000-7f5444000000 ---p 00000000 00:00 0 
7f5444000000-7f54441af000 rw-p 00000000 00:00 0 
7f54441af000-7f5448000000 ---p 00000000 00:00 0 
7f5448000000-7f5448ae5000 rw-p 00000000 00:00 0 
7f5448ae5000-7f544c000000 ---p 00000000 00:00 0 
7f544c000000-7f544cb4c000 rw-p 00000000 00:00 0 
7f544cb4c000-7f5450000000 ---p 00000000 00:00 0 
7f5450000000-7f5450001000 r--s 00003000 08:06 786835                     /home/iduma/.gradle/caches/jars-3/fdb8f5ebd6a086c4818336712b830716/json-simple-1.1.jar
7f5450001000-7f5450012000 r--s 00097000 08:06 786829                     /home/iduma/.gradle/caches/jars-3/59ebb77d99c5ca0e24bb23272e0329dd/bcpkix-jdk15on-1.56.jar
7f5450012000-7f5450014000 r--s 00002000 08:06 786827                     /home/iduma/.gradle/caches/jars-3/f268e5e8fc83bb846ac355d6a16b1f30/javawriter-2.5.0.jar
7f5450014000-7f5450019000 r--s 0003b000 08:06 786825                     /home/iduma/.gradle/caches/jars-3/91bf67441f6ac57ccbb374f99f9ed0fc/apksig-3.0.1.jar
7f5450019000-7f545001c000 r--s 00024000 08:06 786823                     /home/iduma/.gradle/caches/jars-3/04183dcd1bde85515b23d1bbd46ea9bc/common-26.0.1.jar
7f545001c000-7f545001e000 r--s 00006000 08:06 786821                     /home/iduma/.gradle/caches/jars-3/a0ea702af2bdb16dfa1a50969b155dea/dvlib-26.0.1.jar
7f545001e000-7f5450021000 r--s 00014000 08:06 786819                     /home/iduma/.gradle/caches/jars-3/6abb718b4b844aa0386163f0c2f6eb72/layoutlib-api-26.0.1.jar
7f5450021000-7f5450026000 r--s 0004d000 08:06 786817                     /home/iduma/.gradle/caches/jars-3/65a80584522712b8832b7c1c03186c4b/ddmlib-26.0.1.jar
7f5450026000-7f5450027000 r--s 00003000 08:06 786815                     /home/iduma/.gradle/caches/jars-3/af01854c900e4906a368ef59064a245d/builder-test-api-3.0.1.jar
7f5450027000-7f545002a000 r--s 00007000 08:06 786813                     /home/iduma/.gradle/caches/jars-3/124ec36ab4edce0919b54d1123daa364/builder-model-3.0.1.jar
7f545002a000-7f5450039000 r--s 00130000 08:06 786811                     /home/iduma/.gradle/caches/jars-3/72ba1443c6adcea1f6ba21e12f0bb0fc/protobuf-java-3.0.0.jar
7f5450039000-7f545004c000 r--s 001a8000 08:06 786809                     /home/iduma/.gradle/caches/jars-3/a1cbdfb97e256e71fcbd29dc4584a785/protos-26.0.1.jar
7f545004c000-7f545004d000 r--s 00005000 08:06 786807                     /home/iduma/.gradle/caches/jars-3/ca5180624b528b15325a5d002dbfbb6d/shared-26.0.1.jar
7f545004d000-7f545004f000 r--s 00004000 08:06 786805                     /home/iduma/.gradle/caches/jars-3/07f12c2b6f66ca8d4d6bd02e9c9b060a/tracker-26.0.1.jar
7f545004f000-7f5450051000 r--s 00002000 08:06 786803                     /home/iduma/.gradle/caches/jars-3/e91624d2ed1c3b55eec9fd768ed13c1d/proguard-gradle-5.3.3.jar
7f5450051000-7f5450053000 r--s 0000f000 08:06 786801                     /home/iduma/.gradle/caches/jars-3/96760c32d36a5d7066e3ccf088bfd362/jopt-simple-4.9.jar
7f5450053000-7f5450057000 r--s 0001e000 08:06 786799                     /home/iduma/.gradle/caches/jars-3/0d3e95aba631209a078aeec58a76633d/org.jacoco.core-0.7.4.201502262128.jar
7f5450057000-7f545005a000 r--s 00020000 08:06 786797                     /home/iduma/.gradle/caches/jars-3/c72fc284d34f39eab57a4e3ba83405e9/org.jacoco.report-0.7.4.201502262128.jar
7f545005a000-7f545005c000 r--s 0000c000 08:06 786795                     /home/iduma/.gradle/caches/jars-3/9b0a36633c92c6e87e62c81734593183/asm-5.1.jar
7f545005c000-7f545005e000 r--s 00006000 08:06 786793                     /home/iduma/.gradle/caches/jars-3/50c8a7da333c41693b2b7ce95b6d9d89/asm-tree-5.1.jar
7f545005e000-7f5450060000 r--s 0000a000 08:06 786789                     /home/iduma/.gradle/caches/jars-3/d37aa405961c464c627b1efe5def81b8/asm-commons-5.1.jar
7f5450060000-7f545006f000 r--s 000c8000 08:06 786783                     /home/iduma/.gradle/caches/jars-3/af931fae44e009148423077fa09abbd1/kotlin-stdlib-1.1.3-2.jar
7f545006f000-7f54500a1000 r--s 0021b000 08:06 786781                     /home/iduma/.gradle/caches/jars-3/24b2127528a18b338af82ff7ea236d45/kotlin-reflect-1.1.3-2.jar
7f54500a1000-7f54500a7000 r--s 00030000 08:06 786779                     /home/iduma/.gradle/caches/jars-3/90ec49f8b88710e2876aefe447609abb/repository-26.0.1.jar
7f54500a7000-7f54500b2000 r--s 0009b000 08:06 786777                     /home/iduma/.gradle/caches/jars-3/af771564c510a1c104220a8be892ab2d/sdklib-26.0.1.jar
7f54500b2000-7f54502b2000 rw-p 00000000 00:00 0 
7f54502b2000-7f545032b000 r--s 010fd000 08:06 1573873                    /opt/android-studio/jre/lib/tools.jar
7f545032b000-7f545032c000 r--s 0000a000 08:06 786791                     /home/iduma/.gradle/caches/jars-3/c4f1f1d5a624f981d35a78d181e2c418/asm-util-5.1.jar
7f545032c000-7f545032d000 r--s 00004000 08:06 786787                     /home/iduma/.gradle/caches/jars-3/2b2689d10a4425b1cb2d0654db2ea088/asm-analysis-5.1.jar
7f545032d000-7f545032e000 r--s 00000000 08:06 786785                     /home/iduma/.gradle/caches/jars-3/5206138fb8a6b2ffbd31e140916c2100/transform-api-2.0.0-deprecated-use-gradle-api.jar
7f545032e000-7f545033d000 r--s 000da000 08:06 786775                     /home/iduma/.gradle/caches/jars-3/50767da85151ce151711c301f4a0623c/sdk-common-26.0.1.jar
7f545033d000-7f5450341000 r--s 00023000 08:06 786773                     /home/iduma/.gradle/caches/jars-3/186e268c3a12c0a405d658dabf9d64d2/manifest-merger-26.0.1.jar
7f5450341000-7f5450345000 r--s 0002e000 08:06 786771                     /home/iduma/.gradle/caches/jars-3/c519ce7b2f3637e909703f541c08c445/compilerCommon-3.0.1.jar
7f5450345000-7f5450347000 r--s 00003000 08:06 786769                     /home/iduma/.gradle/caches/jars-3/34cfdbf6cad3f54cc2f45521bf0374e7/gradle-api-3.0.1.jar
7f5450347000-7f5450356000 r--s 000cb000 08:06 786767                     /home/iduma/.gradle/caches/jars-3/e5c09abb4b0acf0785ecd8a8015ab959/uast-26.0.1.jar
7f5450356000-7f545035d000 r--s 0007f000 08:06 786765                     /home/iduma/.gradle/caches/jars-3/b1f5a73634581e955e7f89376aea2d48/lint-api-26.0.1.jar
7f545035d000-7f5450366000 r--s 000ff000 08:06 786763                     /home/iduma/.gradle/caches/jars-3/75e696a5531ca85e1fe447df83f74bd2/lint-checks-26.0.1.jar
7f5450366000-7f5450369000 r--s 00039000 08:06 786761                     /home/iduma/.gradle/caches/jars-3/7fa6c4fcdd1d81db4cc9c7439ce29486/lint-26.0.1.jar
7f5450369000-7f5450399000 r--s 01983000 08:06 786759                     /home/iduma/.gradle/caches/jars-3/add7f1627b730db059119a8274a10c21/builder-3.0.1.jar
7f5450399000-7f54503bc000 r--s 0020b000 08:06 786757                     /home/iduma/.gradle/caches/jars-3/4adae2b762c8552c6e3aa2ded1493e4b/gradle-core-3.0.1.jar
7f54503bc000-7f54503be000 r--s 0000f000 08:06 786755                     /home/iduma/.gradle/caches/jars-3/afd86a0d8507fd7f2e97461eaf9e4416/gradle-3.0.1.jar
7f54503be000-7f54504d9000 r--s 02008000 08:06 789092                     /home/iduma/.gradle/caches/jars-3/9955734f77abc673a38c7cd4c0214af5/android.jar
7f54504d9000-7f54504e0000 r--s 0002a000 08:06 268621                     /home/iduma/.gradle/caches/jars-3/fff47aec37b967e571b648d1fc9c6db6/gradle-messaging-3.5.jar
7f54504e0000-7f54504e5000 r--s 00041000 08:06 268619                     /home/iduma/.gradle/caches/jars-3/c0502f5c2cf6dfd52d250e1b7d027d24/commons-lang-2.6.jar
7f54504e5000-7f5450527000 r--s 00220000 08:06 268617                     /home/iduma/.gradle/caches/jars-3/929747bc6b973b44297e9c57df71598d/gradle-core-3.5.jar
7f5450527000-7f5450530000 r--s 00047000 08:06 268615                     /home/iduma/.gradle/caches/jars-3/11d06a5dce89fe5632250b7df00a3d57/gradle-base-services-3.5.jar
7f5450530000-7f5450558000 r--s 001cf000 08:06 268613                     /home/iduma/.gradle/caches/jars-3/566e7e0f530f75a42eba4833ef84d88c/guava-jdk5-17.0.jar
7f5450558000-7f5450566000 r--s 00043000 08:06 268611                     /home/iduma/.gradle/caches/jars-3/c0d1da18a547ef3a2ba66d3068ae6e09/gradle-tooling-api-3.5.jar
7f5450566000-7f5450569000 ---p 00000000 00:00 0 
7f5450569000-7f5450867000 rw-p 00000000 00:00 0 
7f5450867000-7f545086a000 ---p 00000000 00:00 0 
7f545086a000-7f5450968000 rw-p 00000000 00:00 0 
7f5450968000-7f545096b000 ---p 00000000 00:00 0 
7f545096b000-7f5450c69000 rw-p 00000000 00:00 0 
7f5450c69000-7f5450c6c000 ---p 00000000 00:00 0 
7f5450c6c000-7f5450d6a000 rw-p 00000000 00:00 0 
7f5450d6a000-7f5450d6d000 ---p 00000000 00:00 0 
7f5450d6d000-7f5450e6b000 rw-p 00000000 00:00 0 
7f5450e6b000-7f5450e6e000 ---p 00000000 00:00 0 
7f5450e6e000-7f5450f6c000 rw-p 00000000 00:00 0 
7f5450f6c000-7f5450f6f000 ---p 00000000 00:00 0 
7f5450f6f000-7f545106d000 rw-p 00000000 00:00 0 
7f545106d000-7f5451070000 ---p 00000000 00:00 0 
7f5451070000-7f545116e000 rw-p 00000000 00:00 0 
7f545116e000-7f5451171000 ---p 00000000 00:00 0 
7f5451171000-7f545126f000 rw-p 00000000 00:00 0 
7f545126f000-7f5451272000 ---p 00000000 00:00 0 
7f5451272000-7f5451370000 rw-p 00000000 00:00 0 
7f5451370000-7f5451377000 r--s 00000000 08:06 2888770                    /usr/lib/x86_64-linux-gnu/gconv/gconv-modules.cache
7f5451377000-7f545137a000 ---p 00000000 00:00 0 
7f545137a000-7f5451478000 rw-p 00000000 00:00 0 
7f5451478000-7f545147d000 r--s 0009a000 08:06 1573998                    /opt/android-studio/jre/jre/lib/jsse.jar
7f545147d000-7f545167d000 rw-p 00000000 00:00 0 
7f545167d000-7f5451686000 r-xp 00000000 08:06 1573951                    /opt/android-studio/jre/jre/lib/amd64/libmanagement.so
7f5451686000-7f5451885000 ---p 00009000 08:06 1573951                    /opt/android-studio/jre/jre/lib/amd64/libmanagement.so
7f5451885000-7f5451886000 r--p 00008000 08:06 1573951                    /opt/android-studio/jre/jre/lib/amd64/libmanagement.so
7f5451886000-7f5451887000 rw-p 00009000 08:06 1573951                    /opt/android-studio/jre/jre/lib/amd64/libmanagement.so
7f5451887000-7f5451889000 r--s 00007000 08:06 263794                     /home/iduma/.gradle/wrapper/dists/gradle-4.1-all/bzyivzo6n839fup2jbap0tjew/gradle-4.1/lib/plugins/gradle-tooling-api-builders-4.1.jar
7f5451889000-7f545188c000 r--s 00009000 08:06 263804                     /home/iduma/.gradle/wrapper/dists/gradle-4.1-all/bzyivzo6n839fup2jbap0tjew/gradle-4.1/lib/plugins/gradle-testing-native-4.1.jar
7f545188c000-7f545188e000 r--s 00009000 08:06 263877                     /home/iduma/.gradle/wrapper/dists/gradle-4.1-all/bzyivzo6n839fup2jbap0tjew/gradle-4.1/lib/plugins/hamcrest-core-1.3.jar
7f545188e000-7f5451893000 r--s 00040000 08:06 263872                     /home/iduma/.gradle/wrapper/dists/gradle-4.1-all/bzyivzo6n839fup2jbap0tjew/gradle-4.1/lib/plugins/bsh-2.0b4.jar
7f5451893000-7f5451895000 r--s 00006000 08:06 263873                     /home/iduma/.gradle/wrapper/dists/gradle-4.1-all/bzyivzo6n839fup2jbap0tjew/gradle-4.1/lib/plugins/jcommander-1.12.jar
7f5451895000-7f545189b000 r--s 00033000 08:06 263874                     /home/iduma/.gradle/wrapper/dists/gradle-4.1-all/bzyivzo6n839fup2jbap0tjew/gradle-4.1/lib/plugins/snakeyaml-1.6.jar
7f545189b000-7f54518a4000 r--s 00089000 08:06 263832                     /home/iduma/.gradle/wrapper/dists/gradle-4.1-all/bzyivzo6n839fup2jbap0tjew/gradle-4.1/lib/plugins/testng-6.3.1.jar
7f54518a4000-7f54518ac000 r--s 00045000 08:06 263833                     /home/iduma/.gradle/wrapper/dists/gradle-4.1-all/bzyivzo6n839fup2jbap0tjew/gradle-4.1/lib/plugins/junit-4.12.jar
7f54518ac000-7f54518b2000 r--s 0002e000 08:06 263800                     /home/iduma/.gradle/wrapper/dists/gradle-4.1-all/bzyivzo6n839fup2jbap0tjew/gradle-4.1/lib/plugins/gradle-testing-jvm-4.1.jar
7f54518b2000-7f54518b6000 r--s 00017000 08:06 263808                     /home/iduma/.gradle/wrapper/dists/gradle-4.1-all/bzyivzo6n839fup2jbap0tjew/gradle-4.1/lib/plugins/gradle-testing-base-4.1.jar
7f54518b6000-7f54518bd000 r--s 00038000 08:06 263828                     /home/iduma/.gradle/wrapper/dists/gradle-4.1-all/bzyivzo6n839fup2jbap0tjew/gradle-4.1/lib/plugins/bcpg-jdk15on-1.51.jar
7f54518bd000-7f54518bf000 r--s 0000c000 08:06 263779                     /home/iduma/.gradle/wrapper/dists/gradle-4.1-all/bzyivzo6n839fup2jbap0tjew/gradle-4.1/lib/plugins/gradle-signing-4.1.jar
7f54518bf000-7f54518c1000 r--s 00007000 08:06 263785                     /home/iduma/.gradle/wrapper/dists/gradle-4.1-all/bzyivzo6n839fup2jbap0tjew/gradle-4.1/lib/plugins/gradle-scala-4.1.jar
7f54518c1000-7f54518c2000 r--s 00004000 08:06 263816                     /home/iduma/.gradle/wrapper/dists/gradle-4.1-all/bzyivzo6n839fup2jbap0tjew/gradle-4.1/lib/plugins/gradle-resources-sftp-4.1.jar
7f54518c2000-7f54518d2000 r--s 00088000 08:06 263845                     /home/iduma/.gradle/wrapper/dists/gradle-4.1-all/bzyivzo6n839fup2jbap0tjew/gradle-4.1/lib/plugins/joda-time-2.8.2.jar
7f54518d2000-7f54518e3000 r--s 0010d000 08:06 263844                     /home/iduma/.gradle/wrapper/dists/gradle-4.1-all/bzyivzo6n839fup2jbap0tjew/gradle-4.1/lib/plugins/jackson-databind-2.6.6.jar
7f54518e3000-7f54518e6000 r--s 00009000 08:06 263843                     /home/iduma/.gradle/wrapper/dists/gradle-4.1-all/bzyivzo6n839fup2jbap0tjew/gradle-4.1/lib/plugins/jackson-annotations-2.6.6.jar
7f54518e6000-7f54518ea000 r--s 0003c000 08:06 263842                     /home/iduma/.gradle/wrapper/dists/gradle-4.1-all/bzyivzo6n839fup2jbap0tjew/gradle-4.1/lib/plugins/jackson-core-2.6.6.jar
7f54518ea000-7f54518f8000 r--s 00087000 08:06 263841                     /home/iduma/.gradle/wrapper/dists/gradle-4.1-all/bzyivzo6n839fup2jbap0tjew/gradle-4.1/lib/plugins/aws-java-sdk-core-1.11.6.jar
7f54518f8000-7f54518ff000 r--s 00057000 08:06 263840                     /home/iduma/.gradle/wrapper/dists/gradle-4.1-all/bzyivzo6n839fup2jbap0tjew/gradle-4.1/lib/plugins/aws-java-sdk-kms-1.11.6.jar
7f54518ff000-7f545190c000 r--s 0008e000 08:06 263839                     /home/iduma/.gradle/wrapper/dists/gradle-4.1-all/bzyivzo6n839fup2jbap0tjew/gradle-4.1/lib/plugins/aws-java-sdk-s3-1.11.6.jar
7f545190c000-7f545190e000 r--s 00004000 08:06 263813                     /home/iduma/.gradle/wrapper/dists/gradle-4.1-all/bzyivzo6n839fup2jbap0tjew/gradle-4.1/lib/plugins/gradle-resources-s3-4.1.jar
7f545190e000-7f5451910000 r--s 00010000 08:06 263809                     /home/iduma/.gradle/wrapper/dists/gradle-4.1-all/bzyivzo6n839fup2jbap0tjew/gradle-4.1/lib/plugins/gradle-reporting-4.1.jar
7f5451910000-7f5451912000 r--s 00002000 08:06 263810                     /home/iduma/.gradle/wrapper/dists/gradle-4.1-all/bzyivzo6n839fup2jbap0tjew/gradle-4.1/lib/plugins/gradle-publish-4.1.jar
7f5451912000-7f5451914000 r--s 00009000 08:06 263821                     /home/iduma/.gradle/wrapper/dists/gradle-4.1-all/bzyivzo6n839fup2jbap0tjew/gradle-4.1/lib/plugins/commons-cli-1.2.jar
7f5451914000-7f545191a000 r--s 00036000 08:06 263793                     /home/iduma/.gradle/wrapper/dists/gradle-4.1-all/bzyivzo6n839fup2jbap0tjew/gradle-4.1/lib/plugins/gradle-plugins-4.1.jar
7f545191a000-7f545191c000 r--s 00009000 08:06 263780                     /home/iduma/.gradle/wrapper/dists/gradle-4.1-all/bzyivzo6n839fup2jbap0tjew/gradle-4.1/lib/plugins/gradle-plugin-development-4.1.jar
7f545191c000-7f5451922000 r--s 0002b000 08:06 263788                     /home/iduma/.gradle/wrapper/dists/gradle-4.1-all/bzyivzo6n839fup2jbap0tjew/gradle-4.1/lib/plugins/gradle-platform-play-4.1.jar
7f5451922000-7f5451931000 r--s 0005b000 08:06 263806                     /home/iduma/.gradle/wrapper/dists/gradle-4.1-all/bzyivzo6n839fup2jbap0tjew/gradle-4.1/lib/plugins/gradle-platform-native-4.1.jar
7f5451931000-7f5451935000 r--s 0001b000 08:06 263803                     /home/iduma/.gradle/wrapper/dists/gradle-4.1-all/bzyivzo6n839fup2jbap0tjew/gradle-4.1/lib/plugins/gradle-platform-jvm-4.1.jar
7f5451935000-7f545193d000 r--s 00027000 08:06 263811                     /home/iduma/.gradle/wrapper/dists/gradle-4.1-all/bzyivzo6n839fup2jbap0tjew/gradle-4.1/lib/plugins/gradle-platform-base-4.1.jar
7f545193d000-7f5451965000 r--s 0021c000 08:06 263822                     /home/iduma/.gradle/wrapper/dists/gradle-4.1-all/bzyivzo6n839fup2jbap0tjew/gradle-4.1/lib/plugins/biz.aQute.bndlib-3.2.0.jar
7f5451965000-7f5451966000 r--s 00004000 08:06 263778                     /home/iduma/.gradle/wrapper/dists/gradle-4.1-all/bzyivzo6n839fup2jbap0tjew/gradle-4.1/lib/plugins/gradle-osgi-4.1.jar
7f5451966000-7f5451969000 r--s 0000c000 08:06 263825                     /home/iduma/.gradle/wrapper/dists/gradle-4.1-all/bzyivzo6n839fup2jbap0tjew/gradle-4.1/lib/plugins/pmaven-groovy-0.8-20100325.jar
7f5451969000-7f545196a000 r--s 00004000 08:06 263824                     /home/iduma/.gradle/wrapper/dists/gradle-4.1-all/bzyivzo6n839fup2jbap0tjew/gradle-4.1/lib/plugins/pmaven-common-0.8-20100325.jar
7f545196a000-7f5451970000 r--s 00023000 08:06 263781                     /home/iduma/.gradle/wrapper/dists/gradle-4.1-all/bzyivzo6n839fup2jbap0tjew/gradle-4.1/lib/plugins/gradle-maven-4.1.jar
7f5451970000-7f5451973000 r--s 0000b000 08:06 263799                     /home/iduma/.gradle/wrapper/dists/gradle-4.1-all/bzyivzo6n839fup2jbap0tjew/gradle-4.1/lib/plugins/gradle-language-scala-4.1.jar
7f5451973000-7f545197a000 r--s 00020000 08:06 263805                     /home/iduma/.gradle/wrapper/dists/gradle-4.1-all/bzyivzo6n839fup2jbap0tjew/gradle-4.1/lib/plugins/gradle-language-native-4.1.jar
7f545197a000-7f545197c000 r--s 00005000 08:06 263802                     /home/iduma/.gradle/wrapper/dists/gradle-4.1-all/bzyivzo6n839fup2jbap0tjew/gradle-4.1/lib/plugins/gradle-language-jvm-4.1.jar
7f545197c000-7f5451983000 r--s 0002f000 08:06 263801                     /home/iduma/.gradle/wrapper/dists/gradle-4.1-all/bzyivzo6n839fup2jbap0tjew/gradle-4.1/lib/plugins/gradle-language-java-4.1.jar
7f5451983000-7f5451986000 r--s 0000a000 08:06 263798                     /home/iduma/.gradle/wrapper/dists/gradle-4.1-all/bzyivzo6n839fup2jbap0tjew/gradle-4.1/lib/plugins/gradle-language-groovy-4.1.jar
7f5451986000-7f545198d000 r--s 00035000 08:06 263831                     /home/iduma/.gradle/wrapper/dists/gradle-4.1-all/bzyivzo6n839fup2jbap0tjew/gradle-4.1/lib/plugins/simple-4.1.21.jar
7f545198d000-7f5451999000 r--s 00100000 08:06 263829                     /home/iduma/.gradle/wrapper/dists/gradle-4.1-all/bzyivzo6n839fup2jbap0tjew/gradle-4.1/lib/plugins/rhino-1.7R3.jar
7f5451999000-7f545199d000 r--s 00012000 08:06 263789                     /home/iduma/.gradle/wrapper/dists/gradle-4.1-all/bzyivzo6n839fup2jbap0tjew/gradle-4.1/lib/plugins/gradle-javascript-4.1.jar
7f545199d000-7f54519a0000 r--s 00011000 08:06 263791                     /home/iduma/.gradle/wrapper/dists/gradle-4.1-all/bzyivzo6n839fup2jbap0tjew/gradle-4.1/lib/plugins/gradle-jacoco-4.1.jar
7f54519a0000-7f54519a3000 r--s 0000e000 08:06 263790                     /home/iduma/.gradle/wrapper/dists/gradle-4.1-all/bzyivzo6n839fup2jbap0tjew/gradle-4.1/lib/plugins/gradle-ivy-4.1.jar
7f54519a3000-7f54519a4000 r--s 00002000 08:06 263782                     /home/iduma/.gradle/wrapper/dists/gradle-4.1-all/bzyivzo6n839fup2jbap0tjew/gradle-4.1/lib/plugins/gradle-ide-play-4.1.jar
7f54519a4000-7f54519a7000 r--s 00013000 08:06 263783                     /home/iduma/.gradle/wrapper/dists/gradle-4.1-all/bzyivzo6n839fup2jbap0tjew/gradle-4.1/lib/plugins/gradle-ide-native-4.1.jar
7f54519a7000-7f54519b1000 r--s 00054000 08:06 263784                     /home/iduma/.gradle/wrapper/dists/gradle-4.1-all/bzyivzo6n839fup2jbap0tjew/gradle-4.1/lib/plugins/gradle-ide-4.1.jar
7f54519b1000-7f54519b3000 r--s 00007000 08:06 263787                     /home/iduma/.gradle/wrapper/dists/gradle-4.1-all/bzyivzo6n839fup2jbap0tjew/gradle-4.1/lib/plugins/gradle-ear-4.1.jar
7f54519b3000-7f54519b5000 r--s 00005000 08:06 263819                     /home/iduma/.gradle/wrapper/dists/gradle-4.1-all/bzyivzo6n839fup2jbap0tjew/gradle-4.1/lib/plugins/jatl-0.2.2.jar
7f54519b5000-7f54519bc000 r--s 00038000 08:06 263807                     /home/iduma/.gradle/wrapper/dists/gradle-4.1-all/bzyivzo6n839fup2jbap0tjew/gradle-4.1/lib/plugins/gradle-diagnostics-4.1.jar
7f54519bc000-7f54519be000 r--s 0000b000 08:06 263796                     /home/iduma/.gradle/wrapper/dists/gradle-4.1-all/bzyivzo6n839fup2jbap0tjew/gradle-4.1/lib/plugins/gradle-composite-builds-4.1.jar
7f54519be000-7f54519c3000 r--s 00025000 08:06 263776                     /home/iduma/.gradle/wrapper/dists/gradle-4.1-all/bzyivzo6n839fup2jbap0tjew/gradle-4.1/lib/plugins/gradle-code-quality-4.1.jar
7f54519c3000-7f54519c8000 r--s 00022000 08:06 263792                     /home/iduma/.gradle/wrapper/dists/gradle-4.1-all/bzyivzo6n839fup2jbap0tjew/gradle-4.1/lib/plugins/gradle-build-init-4.1.jar
7f54519c8000-7f54519ce000 r--s 0008e000 08:06 263786                     /home/iduma/.gradle/wrapper/dists/gradle-4.1-all/bzyivzo6n839fup2jbap0tjew/gradle-4.1/lib/plugins/gradle-build-comparison-4.1.jar
7f54519ce000-7f54519cf000 r--s 00002000 08:06 263814                     /home/iduma/.gradle/wrapper/dists/gradle-4.1-all/bzyivzo6n839fup2jbap0tjew/gradle-4.1/lib/plugins/gradle-build-cache-http-4.1.jar
7f54519cf000-7f54519d1000 r--s 00008000 08:06 263777                     /home/iduma/.gradle/wrapper/dists/gradle-4.1-all/bzyivzo6n839fup2jbap0tjew/gradle-4.1/lib/plugins/gradle-antlr-4.1.jar
7f54519d1000-7f54519d3000 r--s 00004000 08:06 263797                     /home/iduma/.gradle/wrapper/dists/gradle-4.1-all/bzyivzo6n839fup2jbap0tjew/gradle-4.1/lib/plugins/gradle-announce-4.1.jar
7f54519d3000-7f54519d5000 r--s 00008000 08:06 263474                     /home/iduma/.gradle/wrapper/dists/gradle-4.1-all/bzyivzo6n839fup2jbap0tjew/gradle-4.1/lib/gradle-kotlin-dsl-tooling-builders-0.10.3.jar
7f54519d5000-7f54519d8000 r--s 0001c000 08:06 263835                     /home/iduma/.gradle/wrapper/dists/gradle-4.1-all/bzyivzo6n839fup2jbap0tjew/gradle-4.1/lib/plugins/nekohtml-1.9.14.jar
7f54519d8000-7f54519e0000 r--s 00028000 08:06 263876                     /home/iduma/.gradle/wrapper/dists/gradle-4.1-all/bzyivzo6n839fup2jbap0tjew/gradle-4.1/lib/plugins/xml-apis-1.3.04.jar
7f54519e0000-7f54519f8000 r--s 00115000 08:06 263836                     /home/iduma/.gradle/wrapper/dists/gradle-4.1-all/bzyivzo6n839fup2jbap0tjew/gradle-4.1/lib/plugins/xercesImpl-2.9.1.jar
7f54519f8000-7f54519fe000 r--s 0005b000 08:06 263834                     /home/iduma/.gradle/wrapper/dists/gradle-4.1-all/bzyivzo6n839fup2jbap0tjew/gradle-4.1/lib/plugins/jcifs-1.3.17.jar
7f54519fe000-7f5451a05000 r--s 00049000 08:06 263875                     /home/iduma/.gradle/wrapper/dists/gradle-4.1-all/bzyivzo6n839fup2jbap0tjew/gradle-4.1/lib/plugins/httpcore-4.4.4.jar
7f5451a05000-7f5451a0b000 r--s 00033000 08:06 263827                     /home/iduma/.gradle/wrapper/dists/gradle-4.1-all/bzyivzo6n839fup2jbap0tjew/gradle-4.1/lib/plugins/commons-codec-1.6.jar
7f5451a0b000-7f5451a18000 r--s 000a4000 08:06 263820                     /home/iduma/.gradle/wrapper/dists/gradle-4.1-all/bzyivzo6n839fup2jbap0tjew/gradle-4.1/lib/plugins/httpclient-4.4.1.jar
7f5451a18000-7f5451a1a000 r--s 0000b000 08:06 263815                     /home/iduma/.gradle/wrapper/dists/gradle-4.1-all/bzyivzo6n839fup2jbap0tjew/gradle-4.1/lib/plugins/gradle-resources-http-4.1.jar
7f5451a1a000-7f5451a1e000 r--s 00017000 08:06 263812                     /home/iduma/.gradle/wrapper/dists/gradle-4.1-all/bzyivzo6n839fup2jbap0tjew/gradle-4.1/lib/plugins/gradle-plugin-use-4.1.jar
7f5451a1e000-7f5451a1f000 r--s 00000000 08:06 263480                     /home/iduma/.gradle/wrapper/dists/gradle-4.1-all/bzyivzo6n839fup2jbap0tjew/gradle-4.1/lib/gradle-runtime-api-info-4.1.jar
7f5451a1f000-7f5451a20000 r--s 00000000 08:06 263483                     /home/iduma/.gradle/wrapper/dists/gradle-4.1-all/bzyivzo6n839fup2jbap0tjew/gradle-4.1/lib/gradle-installation-beacon-4.1.jar
7f5451a20000-7f5451a60000 r--s 00277000 08:06 263847                     /home/iduma/.gradle/wrapper/dists/gradle-4.1-all/bzyivzo6n839fup2jbap0tjew/gradle-4.1/lib/plugins/bcprov-jdk15on-1.51.jar
7f5451a60000-7f5451a64000 r--s 0001d000 08:06 263846                     /home/iduma/.gradle/wrapper/dists/gradle-4.1-all/bzyivzo6n839fup2jbap0tjew/gradle-4.1/lib/plugins/xbean-reflect-3.4.jar
7f5451a64000-7f5451a66000 r--s 0000a000 08:06 263848                     /home/iduma/.gradle/wrapper/dists/gradle-4.1-all/bzyivzo6n839fup2jbap0tjew/gradle-4.1/lib/plugins/maven-settings-3.0.4.jar
7f5451a66000-7f5451a69000 r--s 00008000 08:06 263849                     /home/iduma/.gradle/wrapper/dists/gradle-4.1-all/bzyivzo6n839fup2jbap0tjew/gradle-4.1/lib/plugins/maven-settings-builder-3.0.4.jar
7f5451a69000-7f5451a6d000 r--s 00033000 08:06 263850                     /home/iduma/.gradle/wrapper/dists/gradle-4.1-all/bzyivzo6n839fup2jbap0tjew/gradle-4.1/lib/plugins/plexus-utils-2.0.6.jar
7f5451a6d000-7f5451a6f000 r--s 0000d000 08:06 263851                     /home/iduma/.gradle/wrapper/dists/gradle-4.1-all/bzyivzo6n839fup2jbap0tjew/gradle-4.1/lib/plugins/plexus-interpolation-1.14.jar
7f5451a6f000-7f5451a71000 r--s 00000000 08:06 263826                     /home/iduma/.gradle/wrapper/dists/gradle-4.1-all/bzyivzo6n839fup2jbap0tjew/gradle-4.1/lib/plugins/plexus-component-annotations-1.5.5.jar
7f5451a71000-7f5451a78000 r--s 0002e000 08:06 263852                     /home/iduma/.gradle/wrapper/dists/gradle-4.1-all/bzyivzo6n839fup2jbap0tjew/gradle-4.1/lib/plugins/plexus-container-default-1.5.5.jar
7f5451a78000-7f5451a7a000 r--s 0000a000 08:06 263853                     /home/iduma/.gradle/wrapper/dists/gradle-4.1-all/bzyivzo6n839fup2jbap0tjew/gradle-4.1/lib/plugins/plexus-classworlds-2.4.jar
7f5451a7a000-7f5451a7c000 r--s 00002000 08:06 263854                     /home/iduma/.gradle/wrapper/dists/gradle-4.1-all/bzyivzo6n839fup2jbap0tjew/gradle-4.1/lib/plugins/plexus-cipher-1.7.jar
7f5451a7c000-7f5451a7d000 r--s 00006000 08:06 263855                     /home/iduma/.gradle/wrapper/dists/gradle-4.1-all/bzyivzo6n839fup2jbap0tjew/gradle-4.1/lib/plugins/plexus-sec-dispatcher-1.3.jar
7f5451a7d000-7f5451a83000 r--s 0003f000 08:06 263856                     /home/iduma/.gradle/wrapper/dists/gradle-4.1-all/bzyivzo6n839fup2jbap0tjew/gradle-4.1/lib/plugins/maven-compat-3.0.4.jar
7f5451a83000-7f5451a87000 r--s 00021000 08:06 263857                     /home/iduma/.gradle/wrapper/dists/gradle-4.1-all/bzyivzo6n839fup2jbap0tjew/gradle-4.1/lib/plugins/maven-model-builder-3.0.4.jar
7f5451a87000-7f5451a89000 r--s 00026000 08:06 263858                     /home/iduma/.gradle/wrapper/dists/gradle-4.1-all/bzyivzo6n839fup2jbap0tjew/gradle-4.1/lib/plugins/maven-model-3.0.4.jar
7f5451a89000-7f5451a8b000 r--s 0000b000 08:06 263859                     /home/iduma/.gradle/wrapper/dists/gradle-4.1-all/bzyivzo6n839fup2jbap0tjew/gradle-4.1/lib/plugins/maven-artifact-3.0.4.jar
7f5451a8b000-7f5451a8d000 r--s 00006000 08:06 263860                     /home/iduma/.gradle/wrapper/dists/gradle-4.1-all/bzyivzo6n839fup2jbap0tjew/gradle-4.1/lib/plugins/maven-repository-metadata-3.0.4.jar
7f5451a8d000-7f5451a8f000 r--s 0000b000 08:06 263861                     /home/iduma/.gradle/wrapper/dists/gradle-4.1-all/bzyivzo6n839fup2jbap0tjew/gradle-4.1/lib/plugins/maven-plugin-api-3.0.4.jar
7f5451a8f000-7f5451a91000 r--s 0000c000 08:06 263862                     /home/iduma/.gradle/wrapper/dists/gradle-4.1-all/bzyivzo6n839fup2jbap0tjew/gradle-4.1/lib/plugins/maven-aether-provider-3.0.4.jar
7f5451a91000-7f5451a92000 r--s 00002000 08:06 263863                     /home/iduma/.gradle/wrapper/dists/gradle-4.1-all/bzyivzo6n839fup2jbap0tjew/gradle-4.1/lib/plugins/wagon-file-2.4.jar
7f5451a92000-7f5451a93000 r--s 00002000 08:06 263864                     /home/iduma/.gradle/wrapper/dists/gradle-4.1-all/bzyivzo6n839fup2jbap0tjew/gradle-4.1/lib/plugins/wagon-http-2.4.jar
7f5451a93000-7f5451a95000 r--s 0000b000 08:06 263865                     /home/iduma/.gradle/wrapper/dists/gradle-4.1-all/bzyivzo6n839fup2jbap0tjew/gradle-4.1/lib/plugins/wagon-provider-api-2.4.jar
7f5451a95000-7f5451a96000 r--s 00007000 08:06 263866                     /home/iduma/.gradle/wrapper/dists/gradle-4.1-all/bzyivzo6n839fup2jbap0tjew/gradle-4.1/lib/plugins/wagon-http-shared4-2.4.jar
7f5451a96000-7f5451a99000 r--s 00013000 08:06 263867                     /home/iduma/.gradle/wrapper/dists/gradle-4.1-all/bzyivzo6n839fup2jbap0tjew/gradle-4.1/lib/plugins/aether-api-1.13.1.jar
7f5451a99000-7f5451a9c000 r--s 0001d000 08:06 263868                     /home/iduma/.gradle/wrapper/dists/gradle-4.1-all/bzyivzo6n839fup2jbap0tjew/gradle-4.1/lib/plugins/aether-impl-1.13.1.jar
7f5451a9c000-7f5451aa0000 r--s 0001c000 08:06 263870                     /home/iduma/.gradle/wrapper/dists/gradle-4.1-all/bzyivzo6n839fup2jbap0tjew/gradle-4.1/lib/plugins/aether-util-1.13.1.jar
7f5451aa0000-7f5451aa2000 r--s 00006000 08:06 263871                     /home/iduma/.gradle/wrapper/dists/gradle-4.1-all/bzyivzo6n839fup2jbap0tjew/gradle-4.1/lib/plugins/aether-connector-wagon-1.13.1.jar
7f5451aa2000-7f5451aae000 r--s 0007d000 08:06 263823                     /home/iduma/.gradle/wrapper/dists/gradle-4.1-all/bzyivzo6n839fup2jbap0tjew/gradle-4.1/lib/plugins/maven-core-3.0.4.jar
7f5451aae000-7f5451ab3000 r--s 00034000 08:06 263830                     /home/iduma/.gradle/wrapper/dists/gradle-4.1-all/bzyivzo6n839fup2jbap0tjew/gradle-4.1/lib/plugins/gson-2.7.jar
7f5451ab3000-7f5451ad7000 r--s 0011a000 08:06 263818                     /home/iduma/.gradle/wrapper/dists/gradle-4.1-all/bzyivzo6n839fup2jbap0tjew/gradle-4.1/lib/plugins/gradle-dependency-management-4.1.jar
7f5451ad7000-7f5451aed000 r-xp 00000000 08:06 2363897                    /lib/x86_64-linux-gnu/libgcc_s.so.1
7f5451aed000-7f5451cec000 ---p 00016000 08:06 2363897                    /lib/x86_64-linux-gnu/libgcc_s.so.1
7f5451cec000-7f5451ced000 rw-p 00015000 08:06 2363897                    /lib/x86_64-linux-gnu/libgcc_s.so.1
7f5451ced000-7f5451e5f000 r-xp 00000000 08:06 2624513                    /usr/lib/x86_64-linux-gnu/libstdc++.so.6.0.21
7f5451e5f000-7f545205f000 ---p 00172000 08:06 2624513                    /usr/lib/x86_64-linux-gnu/libstdc++.so.6.0.21
7f545205f000-7f5452069000 r--p 00172000 08:06 2624513                    /usr/lib/x86_64-linux-gnu/libstdc++.so.6.0.21
7f5452069000-7f545206b000 rw-p 0017c000 08:06 2624513                    /usr/lib/x86_64-linux-gnu/libstdc++.so.6.0.21
7f545206b000-7f545206f000 rw-p 00000000 00:00 0 
7f545206f000-7f5452070000 r--s 00003000 08:06 263869                     /home/iduma/.gradle/wrapper/dists/gradle-4.1-all/bzyivzo6n839fup2jbap0tjew/gradle-4.1/lib/plugins/aether-spi-1.13.1.jar
7f5452070000-7f5452075000 r--s 00040000 08:06 263838                     /home/iduma/.gradle/wrapper/dists/gradle-4.1-all/bzyivzo6n839fup2jbap0tjew/gradle-4.1/lib/plugins/jsch-0.1.54.jar
7f5452075000-7f5452084000 r--s 000d9000 08:06 263837                     /home/iduma/.gradle/wrapper/dists/gradle-4.1-all/bzyivzo6n839fup2jbap0tjew/gradle-4.1/lib/plugins/ivy-2.2.0.jar
7f5452084000-7f5452087000 r--s 0000d000 08:06 263817                     /home/iduma/.gradle/wrapper/dists/gradle-4.1-all/bzyivzo6n839fup2jbap0tjew/gradle-4.1/lib/plugins/gradle-workers-4.1.jar
7f5452087000-7f545208c000 r-xp 00000000 08:06 268586                     /home/iduma/.gradle/native/25/linux-amd64/libnative-platform.so
7f545208c000-7f545228b000 ---p 00005000 08:06 268586                     /home/iduma/.gradle/native/25/linux-amd64/libnative-platform.so
7f545228b000-7f545228c000 rw-p 00004000 08:06 268586                     /home/iduma/.gradle/native/25/linux-amd64/libnative-platform.so
7f545228c000-7f545229d000 r-xp 00000000 08:06 1573943                    /opt/android-studio/jre/jre/lib/amd64/libnio.so
7f545229d000-7f545249c000 ---p 00011000 08:06 1573943                    /opt/android-studio/jre/jre/lib/amd64/libnio.so
7f545249c000-7f545249d000 r--p 00010000 08:06 1573943                    /opt/android-studio/jre/jre/lib/amd64/libnio.so
7f545249d000-7f545249e000 rw-p 00011000 08:06 1573943                    /opt/android-studio/jre/jre/lib/amd64/libnio.so
7f545249e000-7f54524b4000 r-xp 00000000 08:06 1573945                    /opt/android-studio/jre/jre/lib/amd64/libnet.so
7f54524b4000-7f54526b4000 ---p 00016000 08:06 1573945                    /opt/android-studio/jre/jre/lib/amd64/libnet.so
7f54526b4000-7f54526b5000 r--p 00016000 08:06 1573945                    /opt/android-studio/jre/jre/lib/amd64/libnet.so
7f54526b5000-7f54526b6000 rw-p 00017000 08:06 1573945                    /opt/android-studio/jre/jre/lib/amd64/libnet.so
7f54526b6000-7f54526b7000 r--s 00006000 08:06 263482                     /home/iduma/.gradle/wrapper/dists/gradle-4.1-all/bzyivzo6n839fup2jbap0tjew/gradle-4.1/lib/gradle-wrapper-4.1.jar
7f54526b7000-7f54526c4000 r--s 00043000 08:06 263481                     /home/iduma/.gradle/wrapper/dists/gradle-4.1-all/bzyivzo6n839fup2jbap0tjew/gradle-4.1/lib/gradle-tooling-api-4.1.jar
7f54526c4000-7f54526d3000 r--s 000c8000 08:06 263478                     /home/iduma/.gradle/wrapper/dists/gradle-4.1-all/bzyivzo6n839fup2jbap0tjew/gradle-4.1/lib/kotlin-stdlib-1.1.3-2.jar
7f54526d3000-7f5452705000 r--s 0021b000 08:06 263477                     /home/iduma/.gradle/wrapper/dists/gradle-4.1-all/bzyivzo6n839fup2jbap0tjew/gradle-4.1/lib/kotlin-reflect-1.1.3-2.jar
7f5452705000-7f54528bc000 r--s 01786000 08:06 263476                     /home/iduma/.gradle/wrapper/dists/gradle-4.1-all/bzyivzo6n839fup2jbap0tjew/gradle-4.1/lib/kotlin-compiler-embeddable-1.1.3-2.jar
7f54528bc000-7f54528bd000 r--s 00000000 08:06 263475                     /home/iduma/.gradle/wrapper/dists/gradle-4.1-all/bzyivzo6n839fup2jbap0tjew/gradle-4.1/lib/gradle-kotlin-dsl-tooling-models-0.10.3.jar
7f54528bd000-7f54528be000 r--s 00001000 08:06 263473                     /home/iduma/.gradle/wrapper/dists/gradle-4.1-all/bzyivzo6n839fup2jbap0tjew/gradle-4.1/lib/gradle-kotlin-dsl-compiler-plugin-0.10.3.jar
7f54528be000-7f54528c0000 r--s 00003000 08:06 263471                     /home/iduma/.gradle/wrapper/dists/gradle-4.1-all/bzyivzo6n839fup2jbap0tjew/gradle-4.1/lib/annotations-13.0.jar
7f54528c0000-7f54528ca000 r--s 00073000 08:06 263472                     /home/iduma/.gradle/wrapper/dists/gradle-4.1-all/bzyivzo6n839fup2jbap0tjew/gradle-4.1/lib/gradle-kotlin-dsl-0.10.3.jar
7f54528ca000-7f54528cf000 r--s 00013000 08:06 263712                     /home/iduma/.gradle/wrapper/dists/gradle-4.1-all/bzyivzo6n839fup2jbap0tjew/gradle-4.1/lib/gradle-resources-4.1.jar
7f54528cf000-7f54528d1000 r--s 00005000 08:06 263738                     /home/iduma/.gradle/wrapper/dists/gradle-4.1-all/bzyivzo6n839fup2jbap0tjew/gradle-4.1/lib/gradle-cli-4.1.jar
7f54528d1000-7f54528d3000 r--s 00003000 08:06 263745                     /home/iduma/.gradle/wrapper/dists/gradle-4.1-all/bzyivzo6n839fup2jbap0tjew/gradle-4.1/lib/jcl-over-slf4j-1.7.10.jar
7f54528d3000-7f54528d4000 r--s 00005000 08:06 263744                     /home/iduma/.gradle/wrapper/dists/gradle-4.1-all/bzyivzo6n839fup2jbap0tjew/gradle-4.1/lib/log4j-over-slf4j-1.7.10.jar
7f54528d4000-7f54528d6000 r--s 00000000 08:06 263743                     /home/iduma/.gradle/wrapper/dists/gradle-4.1-all/bzyivzo6n839fup2jbap0tjew/gradle-4.1/lib/jul-to-slf4j-1.7.10.jar
7f54528d6000-7f54528dd000 r--s 0002c000 08:06 263488                     /home/iduma/.gradle/wrapper/dists/gradle-4.1-all/bzyivzo6n839fup2jbap0tjew/gradle-4.1/lib/gradle-logging-4.1.jar
7f54528dd000-7f54528ed000 r--s 00082000 08:06 263734                     /home/iduma/.gradle/wrapper/dists/gradle-4.1-all/bzyivzo6n839fup2jbap0tjew/gradle-4.1/lib/gradle-model-core-4.1.jar
7f54528ed000-7f54528ef000 r--s 00006000 08:06 263735                     /home/iduma/.gradle/wrapper/dists/gradle-4.1-all/bzyivzo6n839fup2jbap0tjew/gradle-4.1/lib/gradle-base-services-groovy-4.1.jar
7f54528ef000-7f54528f1000 r--s 00007000 08:06 263733                     /home/iduma/.gradle/wrapper/dists/gradle-4.1-all/bzyivzo6n839fup2jbap0tjew/gradle-4.1/lib/gradle-model-groovy-4.1.jar
7f54528f1000-7f54528f2000 r--s 00002000 08:06 263756                     /home/iduma/.gradle/wrapper/dists/gradle-4.1-all/bzyivzo6n839fup2jbap0tjew/gradle-4.1/lib/gradle-docs-4.1.jar
7f54528f2000-7f54528ff000 r--s 00083000 08:06 263754                     /home/iduma/.gradle/wrapper/dists/gradle-4.1-all/bzyivzo6n839fup2jbap0tjew/gradle-4.1/lib/commons-collections-3.2.2.jar
7f54528ff000-7f5452900000 r--s 00000000 08:06 263753                     /home/iduma/.gradle/wrapper/dists/gradle-4.1-all/bzyivzo6n839fup2jbap0tjew/gradle-4.1/lib/javax.inject-1.jar
7f5452900000-7f5452970000 r--s 00645000 08:06 263751                     /home/iduma/.gradle/wrapper/dists/gradle-4.1-all/bzyivzo6n839fup2jbap0tjew/gradle-4.1/lib/groovy-all-2.4.11.jar
7f5452970000-7f5452973000 r--s 00023000 08:06 263757                     /home/iduma/.gradle/wrapper/dists/gradle-4.1-all/bzyivzo6n839fup2jbap0tjew/gradle-4.1/lib/jansi-1.14.jar
7f5452973000-7f5452974000 r--s 00004000 08:06 263759                     /home/iduma/.gradle/wrapper/dists/gradle-4.1-all/bzyivzo6n839fup2jbap0tjew/gradle-4.1/lib/native-platform-freebsd-amd64-libcpp-0.14.jar
7f5452974000-7f545299c000 r--s 001cf000 08:06 263747                     /home/iduma/.gradle/wrapper/dists/gradle-4.1-all/bzyivzo6n839fup2jbap0tjew/gradle-4.1/lib/guava-jdk5-17.0.jar
7f545299c000-7f54529bb000 r--s 001d1000 08:06 263752                     /home/iduma/.gradle/wrapper/dists/gradle-4.1-all/bzyivzo6n839fup2jbap0tjew/gradle-4.1/lib/ant-1.9.6.jar
7f54529bb000-7f5452a05000 r--s 00253000 08:06 263484                     /home/iduma/.gradle/wrapper/dists/gradle-4.1-all/bzyivzo6n839fup2jbap0tjew/gradle-4.1/lib/gradle-core-4.1.jar
7f5452a05000-7f5452a06000 ---p 00000000 00:00 0 
7f5452a06000-7f5452b06000 rw-p 00000000 00:00 0 
7f5452b06000-7f5452b09000 ---p 00000000 00:00 0 
7f5452b09000-7f5452c07000 rw-p 00000000 00:00 0 
7f5452c07000-7f5452c0a000 ---p 00000000 00:00 0 
7f5452c0a000-7f5452d08000 rw-p 00000000 00:00 0 
7f5452d08000-7f5452d0b000 ---p 00000000 00:00 0 
7f5452d0b000-7f5452e09000 rw-p 00000000 00:00 0 
7f5452e09000-7f5452e0c000 ---p 00000000 00:00 0 
7f5452e0c000-7f5452f0a000 rw-p 00000000 00:00 0 
7f5452f0a000-7f54531e2000 r--p 00000000 08:06 2625246                    /usr/lib/locale/locale-archive
7f54531e2000-7f54531e5000 ---p 00000000 00:00 0 
7f54531e5000-7f54532e3000 rw-p 00000000 00:00 0 
7f54532e3000-7f54532e6000 ---p 00000000 00:00 0 
7f54532e6000-7f54533e4000 rw-p 00000000 00:00 0 
7f54533e4000-7f54533e5000 ---p 00000000 00:00 0 
7f54533e5000-7f5453e30000 rw-p 00000000 00:00 0 
7f5453e30000-7f5454000000 r--s 03c46000 08:06 1573899                    /opt/android-studio/jre/jre/lib/rt.jar
7f5454000000-7f5454144000 rw-p 00000000 00:00 0 
7f5454144000-7f5458000000 ---p 00000000 00:00 0 
7f5458000000-7f5458001000 r--s 00004000 08:06 263760                     /home/iduma/.gradle/wrapper/dists/gradle-4.1-all/bzyivzo6n839fup2jbap0tjew/gradle-4.1/lib/native-platform-freebsd-amd64-libstdcpp-0.14.jar
7f5458001000-7f5458002000 r--s 00004000 08:06 263761                     /home/iduma/.gradle/wrapper/dists/gradle-4.1-all/bzyivzo6n839fup2jbap0tjew/gradle-4.1/lib/native-platform-freebsd-i386-libcpp-0.14.jar
7f5458002000-7f5458003000 r--s 00003000 08:06 263762                     /home/iduma/.gradle/wrapper/dists/gradle-4.1-all/bzyivzo6n839fup2jbap0tjew/gradle-4.1/lib/native-platform-freebsd-i386-libstdcpp-0.14.jar
7f5458003000-7f5458004000 r--s 00002000 08:06 263763                     /home/iduma/.gradle/wrapper/dists/gradle-4.1-all/bzyivzo6n839fup2jbap0tjew/gradle-4.1/lib/native-platform-linux-amd64-0.14.jar
7f5458004000-7f5458005000 r--s 00002000 08:06 263764                     /home/iduma/.gradle/wrapper/dists/gradle-4.1-all/bzyivzo6n839fup2jbap0tjew/gradle-4.1/lib/native-platform-linux-i386-0.14.jar
7f5458005000-7f5458007000 r--s 00002000 08:06 263765                     /home/iduma/.gradle/wrapper/dists/gradle-4.1-all/bzyivzo6n839fup2jbap0tjew/gradle-4.1/lib/native-platform-osx-amd64-0.14.jar
7f5458007000-7f5458008000 r--s 00003000 08:06 263766                     /home/iduma/.gradle/wrapper/dists/gradle-4.1-all/bzyivzo6n839fup2jbap0tjew/gradle-4.1/lib/native-platform-osx-i386-0.14.jar
7f5458008000-7f545800a000 r--s 0000b000 08:06 263767                     /home/iduma/.gradle/wrapper/dists/gradle-4.1-all/bzyivzo6n839fup2jbap0tjew/gradle-4.1/lib/native-platform-windows-amd64-0.14.jar
7f545800a000-7f545800b000 r--s 0000b000 08:06 263768                     /home/iduma/.gradle/wrapper/dists/gradle-4.1-all/bzyivzo6n839fup2jbap0tjew/gradle-4.1/lib/native-platform-windows-i386-0.14.jar
7f545800b000-7f545800c000 r--s 00001000 08:06 263769                     /home/iduma/.gradle/wrapper/dists/gradle-4.1-all/bzyivzo6n839fup2jbap0tjew/gradle-4.1/lib/native-platform-linux-amd64-ncurses5-0.14.jar
7f545800c000-7f545800d000 r--s 00001000 08:06 263770                     /home/iduma/.gradle/wrapper/dists/gradle-4.1-all/bzyivzo6n839fup2jbap0tjew/gradle-4.1/lib/native-platform-linux-amd64-ncurses6-0.14.jar
7f545800d000-7f5458011000 r--s 00012000 08:06 263755                     /home/iduma/.gradle/wrapper/dists/gradle-4.1-all/bzyivzo6n839fup2jbap0tjew/gradle-4.1/lib/native-platform-0.14.jar
7f5458011000-7f5458014000 r--s 0000c000 08:06 263732                     /home/iduma/.gradle/wrapper/dists/gradle-4.1-all/bzyivzo6n839fup2jbap0tjew/gradle-4.1/lib/gradle-native-4.1.jar
7f5458014000-7f5458016000 r--s 0000f000 08:06 263740                     /home/iduma/.gradle/wrapper/dists/gradle-4.1-all/bzyivzo6n839fup2jbap0tjew/gradle-4.1/lib/reflectasm-1.07-shaded.jar
7f5458016000-7f5458018000 r--s 00000000 08:06 263773                     /home/iduma/.gradle/wrapper/dists/gradle-4.1-all/bzyivzo6n839fup2jbap0tjew/gradle-4.1/lib/minlog-1.2.jar
7f5458018000-7f545801a000 r--s 00007000 08:06 263774                     /home/iduma/.gradle/wrapper/dists/gradle-4.1-all/bzyivzo6n839fup2jbap0tjew/gradle-4.1/lib/objenesis-1.2.jar
7f545801a000-7f545801e000 r--s 00026000 08:06 263739                     /home/iduma/.gradle/wrapper/dists/gradle-4.1-all/bzyivzo6n839fup2jbap0tjew/gradle-4.1/lib/kryo-2.20.jar
7f545801e000-7f545bbe2000 rw-p 00000000 00:00 0 
7f545bbe2000-7f545bbe3000 ---p 00000000 00:00 0 
7f545bbe3000-7f545bd13000 rw-p 00000000 00:00 0 
7f545bd13000-7f545bee3000 ---p 00000000 00:00 0 
7f545bee3000-7f545bf13000 rw-p 00000000 00:00 0 
7f545bf13000-7f545c0e3000 ---p 00000000 00:00 0 
7f545c0e3000-7f545c157000 rw-p 00000000 00:00 0 
7f545c157000-7f545c1e3000 ---p 00000000 00:00 0 
7f545c1e3000-7f545c2a9000 rw-p 00000000 00:00 0 
7f545c2a9000-7f545c5a4000 ---p 00000000 00:00 0 
7f545c5a4000-7f545f6c4000 rwxp 00000000 00:00 0 
7f545f6c4000-7f546b5a4000 ---p 00000000 00:00 0 
7f546b5a4000-7f546b5be000 r-xp 00000000 08:06 1573920                    /opt/android-studio/jre/jre/lib/amd64/libzip.so
7f546b5be000-7f546b7be000 ---p 0001a000 08:06 1573920                    /opt/android-studio/jre/jre/lib/amd64/libzip.so
7f546b7be000-7f546b7bf000 r--p 0001a000 08:06 1573920                    /opt/android-studio/jre/jre/lib/amd64/libzip.so
7f546b7bf000-7f546b7c0000 rw-p 0001b000 08:06 1573920                    /opt/android-studio/jre/jre/lib/amd64/libzip.so
7f546b7c0000-7f546b7cb000 r-xp 00000000 08:06 2359392                    /lib/x86_64-linux-gnu/libnss_files-2.23.so
7f546b7cb000-7f546b9ca000 ---p 0000b000 08:06 2359392                    /lib/x86_64-linux-gnu/libnss_files-2.23.so
7f546b9ca000-7f546b9cb000 r--p 0000a000 08:06 2359392                    /lib/x86_64-linux-gnu/libnss_files-2.23.so
7f546b9cb000-7f546b9cc000 rw-p 0000b000 08:06 2359392                    /lib/x86_64-linux-gnu/libnss_files-2.23.so
7f546b9cc000-7f546b9d2000 rw-p 00000000 00:00 0 
7f546b9d2000-7f546b9dd000 r-xp 00000000 08:06 2363876                    /lib/x86_64-linux-gnu/libnss_nis-2.23.so
7f546b9dd000-7f546bbdc000 ---p 0000b000 08:06 2363876                    /lib/x86_64-linux-gnu/libnss_nis-2.23.so
7f546bbdc000-7f546bbdd000 r--p 0000a000 08:06 2363876                    /lib/x86_64-linux-gnu/libnss_nis-2.23.so
7f546bbdd000-7f546bbde000 rw-p 0000b000 08:06 2363876                    /lib/x86_64-linux-gnu/libnss_nis-2.23.so
7f546bbde000-7f546bbf4000 r-xp 00000000 08:06 2359310                    /lib/x86_64-linux-gnu/libnsl-2.23.so
7f546bbf4000-7f546bdf3000 ---p 00016000 08:06 2359310                    /lib/x86_64-linux-gnu/libnsl-2.23.so
7f546bdf3000-7f546bdf4000 r--p 00015000 08:06 2359310                    /lib/x86_64-linux-gnu/libnsl-2.23.so
7f546bdf4000-7f546bdf5000 rw-p 00016000 08:06 2359310                    /lib/x86_64-linux-gnu/libnsl-2.23.so
7f546bdf5000-7f546bdf7000 rw-p 00000000 00:00 0 
7f546bdf7000-7f546bdff000 r-xp 00000000 08:06 2359387                    /lib/x86_64-linux-gnu/libnss_compat-2.23.so
7f546bdff000-7f546bffe000 ---p 00008000 08:06 2359387                    /lib/x86_64-linux-gnu/libnss_compat-2.23.so
7f546bffe000-7f546bfff000 r--p 00007000 08:06 2359387                    /lib/x86_64-linux-gnu/libnss_compat-2.23.so
7f546bfff000-7f546c000000 rw-p 00008000 08:06 2359387                    /lib/x86_64-linux-gnu/libnss_compat-2.23.so
7f546c000000-7f546cf62000 rw-p 00000000 00:00 0 
7f546cf62000-7f5470000000 ---p 00000000 00:00 0 
7f5470000000-7f5470001000 r--s 00001000 08:06 263771                     /home/iduma/.gradle/wrapper/dists/gradle-4.1-all/bzyivzo6n839fup2jbap0tjew/gradle-4.1/lib/native-platform-linux-i386-ncurses5-0.14.jar
7f5470001000-7f5470007000 r--s 0002b000 08:06 263736                     /home/iduma/.gradle/wrapper/dists/gradle-4.1-all/bzyivzo6n839fup2jbap0tjew/gradle-4.1/lib/gradle-messaging-4.1.jar
7f5470007000-7f5470009000 r--s 00006000 08:06 263489                     /home/iduma/.gradle/wrapper/dists/gradle-4.1-all/bzyivzo6n839fup2jbap0tjew/gradle-4.1/lib/gradle-process-services-4.1.jar
7f5470009000-7f547000e000 r--s 00041000 08:06 263749                     /home/iduma/.gradle/wrapper/dists/gradle-4.1-all/bzyivzo6n839fup2jbap0tjew/gradle-4.1/lib/commons-lang-2.6.jar
7f547000e000-7f547000f000 ---p 00000000 00:00 0 
7f547000f000-7f547010f000 rw-p 00000000 00:00 0 
7f547010f000-7f547013c000 r-xp 00000000 08:06 1573919                    /opt/android-studio/jre/jre/lib/amd64/libjava.so
7f547013c000-7f547033b000 ---p 0002d000 08:06 1573919                    /opt/android-studio/jre/jre/lib/amd64/libjava.so
7f547033b000-7f547033c000 r--p 0002c000 08:06 1573919                    /opt/android-studio/jre/jre/lib/amd64/libjava.so
7f547033c000-7f547033e000 rw-p 0002d000 08:06 1573919                    /opt/android-studio/jre/jre/lib/amd64/libjava.so
7f547033e000-7f547034e000 r-xp 00000000 08:06 1573925                    /opt/android-studio/jre/jre/lib/amd64/libverify.so
7f547034e000-7f547054d000 ---p 00010000 08:06 1573925                    /opt/android-studio/jre/jre/lib/amd64/libverify.so
7f547054d000-7f547054f000 r--p 0000f000 08:06 1573925                    /opt/android-studio/jre/jre/lib/amd64/libverify.so
7f547054f000-7f5470550000 rw-p 00011000 08:06 1573925                    /opt/android-studio/jre/jre/lib/amd64/libverify.so
7f5470550000-7f5470557000 r-xp 00000000 08:06 2363877                    /lib/x86_64-linux-gnu/librt-2.23.so
7f5470557000-7f5470756000 ---p 00007000 08:06 2363877                    /lib/x86_64-linux-gnu/librt-2.23.so
7f5470756000-7f5470757000 r--p 00006000 08:06 2363877                    /lib/x86_64-linux-gnu/librt-2.23.so
7f5470757000-7f5470758000 rw-p 00007000 08:06 2363877                    /lib/x86_64-linux-gnu/librt-2.23.so
7f5470758000-7f5470860000 r-xp 00000000 08:06 2359301                    /lib/x86_64-linux-gnu/libm-2.23.so
7f5470860000-7f5470a5f000 ---p 00108000 08:06 2359301                    /lib/x86_64-linux-gnu/libm-2.23.so
7f5470a5f000-7f5470a60000 r--p 00107000 08:06 2359301                    /lib/x86_64-linux-gnu/libm-2.23.so
7f5470a60000-7f5470a61000 rw-p 00108000 08:06 2359301                    /lib/x86_64-linux-gnu/libm-2.23.so
7f5470a61000-7f5471659000 r-xp 00000000 08:06 1573929                    /opt/android-studio/jre/jre/lib/amd64/server/libjvm.so
7f5471659000-7f5471859000 ---p 00bf8000 08:06 1573929                    /opt/android-studio/jre/jre/lib/amd64/server/libjvm.so
7f5471859000-7f54718f8000 r--p 00bf8000 08:06 1573929                    /opt/android-studio/jre/jre/lib/amd64/server/libjvm.so
7f54718f8000-7f5471921000 rw-p 00c97000 08:06 1573929                    /opt/android-studio/jre/jre/lib/amd64/server/libjvm.so
7f5471921000-7f5471965000 rw-p 00000000 00:00 0 
7f5471965000-7f547197d000 r-xp 00000000 08:06 2359321                    /lib/x86_64-linux-gnu/libpthread-2.23.so
7f547197d000-7f5471b7c000 ---p 00018000 08:06 2359321                    /lib/x86_64-linux-gnu/libpthread-2.23.so
7f5471b7c000-7f5471b7d000 r--p 00017000 08:06 2359321                    /lib/x86_64-linux-gnu/libpthread-2.23.so
7f5471b7d000-7f5471b7e000 rw-p 00018000 08:06 2359321                    /lib/x86_64-linux-gnu/libpthread-2.23.so
7f5471b7e000-7f5471b82000 rw-p 00000000 00:00 0 
7f5471b82000-7f5471b85000 r-xp 00000000 08:06 2359381                    /lib/x86_64-linux-gnu/libdl-2.23.so
7f5471b85000-7f5471d84000 ---p 00003000 08:06 2359381                    /lib/x86_64-linux-gnu/libdl-2.23.so
7f5471d84000-7f5471d85000 r--p 00002000 08:06 2359381                    /lib/x86_64-linux-gnu/libdl-2.23.so
7f5471d85000-7f5471d86000 rw-p 00003000 08:06 2359381                    /lib/x86_64-linux-gnu/libdl-2.23.so
7f5471d86000-7f5471f46000 r-xp 00000000 08:06 2359379                    /lib/x86_64-linux-gnu/libc-2.23.so
7f5471f46000-7f5472146000 ---p 001c0000 08:06 2359379                    /lib/x86_64-linux-gnu/libc-2.23.so
7f5472146000-7f547214a000 r--p 001c0000 08:06 2359379                    /lib/x86_64-linux-gnu/libc-2.23.so
7f547214a000-7f547214c000 rw-p 001c4000 08:06 2359379                    /lib/x86_64-linux-gnu/libc-2.23.so
7f547214c000-7f5472150000 rw-p 00000000 00:00 0 
7f5472150000-7f5472166000 r-xp 00000000 08:06 1573868                    /opt/android-studio/jre/lib/amd64/jli/libjli.so
7f5472166000-7f5472365000 ---p 00016000 08:06 1573868                    /opt/android-studio/jre/lib/amd64/jli/libjli.so
7f5472365000-7f5472366000 r--p 00015000 08:06 1573868                    /opt/android-studio/jre/lib/amd64/jli/libjli.so
7f5472366000-7f5472367000 rw-p 00016000 08:06 1573868                    /opt/android-studio/jre/lib/amd64/jli/libjli.so
7f5472367000-7f547238d000 r-xp 00000000 08:06 2359313                    /lib/x86_64-linux-gnu/ld-2.23.so
7f547238d000-7f547238e000 r--s 00001000 08:06 263772                     /home/iduma/.gradle/wrapper/dists/gradle-4.1-all/bzyivzo6n839fup2jbap0tjew/gradle-4.1/lib/native-platform-linux-i386-ncurses6-0.14.jar
7f547238e000-7f5472390000 r--s 00000000 08:06 263486                     /home/iduma/.gradle/wrapper/dists/gradle-4.1-all/bzyivzo6n839fup2jbap0tjew/gradle-4.1/lib/gradle-jvm-services-4.1.jar
7f5472390000-7f5472391000 r--s 00000000 08:06 263750                     /home/iduma/.gradle/wrapper/dists/gradle-4.1-all/bzyivzo6n839fup2jbap0tjew/gradle-4.1/lib/jcip-annotations-1.0.jar
7f5472391000-7f5472394000 r--s 00006000 08:06 263748                     /home/iduma/.gradle/wrapper/dists/gradle-4.1-all/bzyivzo6n839fup2jbap0tjew/gradle-4.1/lib/jsr305-1.3.9.jar
7f5472394000-7f5472398000 r--s 00027000 08:06 263742                     /home/iduma/.gradle/wrapper/dists/gradle-4.1-all/bzyivzo6n839fup2jbap0tjew/gradle-4.1/lib/commons-io-2.2.jar
7f5472398000-7f54723a0000 r--s 000bd000 08:06 263741                     /home/iduma/.gradle/wrapper/dists/gradle-4.1-all/bzyivzo6n839fup2jbap0tjew/gradle-4.1/lib/asm-debug-all-6.0_ALPHA.jar
7f54723a0000-7f54723ac000 r--s 00053000 08:06 263737                     /home/iduma/.gradle/wrapper/dists/gradle-4.1-all/bzyivzo6n839fup2jbap0tjew/gradle-4.1/lib/gradle-base-services-4.1.jar
7f54723ac000-7f547246e000 rw-p 00000000 00:00 0 
7f547246e000-7f5472471000 ---p 00000000 00:00 0 
7f5472471000-7f5472573000 rw-p 00000000 00:00 0 
7f5472573000-7f5472574000 r--s 00007000 08:06 263746                     /home/iduma/.gradle/wrapper/dists/gradle-4.1-all/bzyivzo6n839fup2jbap0tjew/gradle-4.1/lib/slf4j-api-1.7.10.jar
7f5472574000-7f5472575000 r--s 00004000 08:06 263758                     /home/iduma/.gradle/wrapper/dists/gradle-4.1-all/bzyivzo6n839fup2jbap0tjew/gradle-4.1/lib/ant-launcher-1.9.6.jar
7f5472575000-7f5472581000 r--s 0005c000 08:06 263479                     /home/iduma/.gradle/wrapper/dists/gradle-4.1-all/bzyivzo6n839fup2jbap0tjew/gradle-4.1/lib/gradle-launcher-4.1.jar
7f5472581000-7f5472589000 rw-s 00000000 08:06 3287629                    /tmp/hsperfdata_iduma/7639
7f5472589000-7f547258a000 rw-p 00000000 00:00 0 
7f547258a000-7f547258b000 ---p 00000000 00:00 0 
7f547258b000-7f547258c000 rw-p 00000000 00:00 0 
7f547258c000-7f547258d000 r--p 00025000 08:06 2359313                    /lib/x86_64-linux-gnu/ld-2.23.so
7f547258d000-7f547258e000 rw-p 00026000 08:06 2359313                    /lib/x86_64-linux-gnu/ld-2.23.so
7f547258e000-7f547258f000 rw-p 00000000 00:00 0 
7ffe179a1000-7ffe179c2000 rw-p 00000000 00:00 0                          [stack]
7ffe179f2000-7ffe179f5000 r--p 00000000 00:00 0                          [vvar]
7ffe179f5000-7ffe179f7000 r-xp 00000000 00:00 0                          [vdso]
ffffffffff600000-ffffffffff601000 r-xp 00000000 00:00 0                  [vsyscall]

VM Arguments:
jvm_args: -Xmx1536m -Dfile.encoding=UTF-8 -Duser.country=NG -Duser.language=en -Duser.variant 
java_command: org.gradle.launcher.daemon.bootstrap.GradleDaemon 4.1
java_class_path (initial): /home/iduma/.gradle/wrapper/dists/gradle-4.1-all/bzyivzo6n839fup2jbap0tjew/gradle-4.1/lib/gradle-launcher-4.1.jar
Launcher Type: SUN_STANDARD

Environment Variables:
JAVA_HOME=/usr/lib/jvm/java-8-oracle
PATH=/usr/local/sbin:/usr/local/bin:/usr/sbin:/usr/bin:/sbin:/bin:/usr/games:/usr/local/games:/snap/bin:/usr/lib/jvm/java-8-oracle/bin:/usr/lib/jvm/java-8-oracle/db/bin:/usr/lib/jvm/java-8-oracle/jre/bin
LD_LIBRARY_PATH=/opt/android-studio/bin:
SHELL=/bin/bash
DISPLAY=:0

Signal Handlers:
SIGSEGV: [libjvm.so+0x9ebc60], sa_mask[0]=11111111011111111101111111111110, sa_flags=SA_RESTART|SA_SIGINFO
SIGBUS: [libjvm.so+0x9ebc60], sa_mask[0]=11111111011111111101111111111110, sa_flags=SA_RESTART|SA_SIGINFO
SIGFPE: [libjvm.so+0x84cf60], sa_mask[0]=11111111011111111101111111111110, sa_flags=SA_RESTART|SA_SIGINFO
SIGPIPE: [libjvm.so+0x84cf60], sa_mask[0]=11111111011111111101111111111110, sa_flags=SA_RESTART|SA_SIGINFO
SIGXFSZ: [libjvm.so+0x84cf60], sa_mask[0]=11111111011111111101111111111110, sa_flags=SA_RESTART|SA_SIGINFO
SIGILL: [libjvm.so+0x84cf60], sa_mask[0]=11111111011111111101111111111110, sa_flags=SA_RESTART|SA_SIGINFO
SIGUSR1: SIG_DFL, sa_mask[0]=00000000000000000000000000000000, sa_flags=none
SIGUSR2: [libjvm.so+0x84ce30], sa_mask[0]=00100000000000000000000000000000, sa_flags=SA_RESTART|SA_SIGINFO
SIGHUP: [libjvm.so+0x84d020], sa_mask[0]=11111111011111111101111111111110, sa_flags=SA_RESTART|SA_SIGINFO
SIGINT: [libjvm.so+0x84d020], sa_mask[0]=11111111011111111101111111111110, sa_flags=SA_RESTART|SA_SIGINFO
SIGTERM: [libjvm.so+0x84d020], sa_mask[0]=11111111011111111101111111111110, sa_flags=SA_RESTART|SA_SIGINFO
SIGQUIT: [libjvm.so+0x84d020], sa_mask[0]=11111111011111111101111111111110, sa_flags=SA_RESTART|SA_SIGINFO


---------------  S Y S T E M  ---------------

OS:DISTRIB_ID=Ubuntu
DISTRIB_RELEASE=16.04
DISTRIB_CODENAME=xenial
DISTRIB_DESCRIPTION="Ubuntu 16.04 LTS"

uname:Linux 4.4.0-116-generic #140-Ubuntu SMP Mon Feb 12 21:23:04 UTC 2018 x86_64
libc:glibc 2.23 NPTL 2.23 
rlimit: STACK 8192k, CORE 0k, NPROC 23291, NOFILE 1048576, AS infinity
load average:1.58 0.90 0.78

/proc/meminfo:
MemTotal:        6003280 kB
MemFree:         1191804 kB
MemAvailable:    1380564 kB
Buffers:           42776 kB
Cached:           549880 kB
SwapCached:       152344 kB
Active:          3405968 kB
Inactive:        1210364 kB
Active(anon):    3176404 kB
Inactive(anon):  1064940 kB
Active(file):     229564 kB
Inactive(file):   145424 kB
Unevictable:          32 kB
Mlocked:              32 kB
SwapTotal:       3003388 kB
SwapFree:        1675296 kB
Dirty:             11460 kB
Writeback:             0 kB
AnonPages:       3967404 kB
Mapped:           207296 kB
Shmem:            217460 kB
Slab:              90936 kB
SReclaimable:      56228 kB
SUnreclaim:        34708 kB
KernelStack:       10688 kB
PageTables:        46280 kB
NFS_Unstable:          0 kB
Bounce:                0 kB
WritebackTmp:          0 kB
CommitLimit:     6005028 kB
Committed_AS:   11038544 kB
VmallocTotal:   34359738367 kB
VmallocUsed:           0 kB
VmallocChunk:          0 kB
HardwareCorrupted:     0 kB
AnonHugePages:   2070528 kB
CmaTotal:              0 kB
CmaFree:               0 kB
HugePages_Total:       0
HugePages_Free:        0
HugePages_Rsvd:        0
HugePages_Surp:        0
Hugepagesize:       2048 kB
DirectMap4k:      147196 kB
DirectMap2M:     6037504 kB


CPU:total 2 (initial active 2) (2 cores per cpu, 1 threads per core) family 6 model 58 stepping 9, cmov, cx8, fxsr, mmx, sse, sse2, sse3, ssse3, sse4.1, sse4.2, popcnt, clmul, erms, tsc, tscinvbit, tscinv

/proc/cpuinfo:
processor	: 0
vendor_id	: GenuineIntel
cpu family	: 6
model		: 58
model name	: Intel(R) Pentium(R) CPU 2020M @ 2.40GHz
stepping	: 9
microcode	: 0x17
cpu MHz		: 1459.218
cache size	: 2048 KB
physical id	: 0
siblings	: 2
core id		: 0
cpu cores	: 2
apicid		: 0
initial apicid	: 0
fpu		: yes
fpu_exception	: yes
cpuid level	: 13
wp		: yes
flags		: fpu vme de pse tsc msr pae mce cx8 apic sep mtrr pge mca cmov pat pse36 clflush dts acpi mmx fxsr sse sse2 ss ht tm pbe syscall nx rdtscp lm constant_tsc arch_perfmon pebs bts rep_good nopl xtopology nonstop_tsc aperfmperf eagerfpu pni pclmulqdq dtes64 monitor ds_cpl vmx est tm2 ssse3 cx16 xtpr pdcm pcid sse4_1 sse4_2 x2apic popcnt tsc_deadline_timer xsave lahf_lm epb retpoline kaiser tpr_shadow vnmi flexpriority ept vpid fsgsbase smep erms xsaveopt dtherm arat pln pts
bugs		: cpu_meltdown spectre_v1 spectre_v2
bogomips	: 4789.43
clflush size	: 64
cache_alignment	: 64
address sizes	: 36 bits physical, 48 bits virtual
power management:

processor	: 1
vendor_id	: GenuineIntel
cpu family	: 6
model		: 58
model name	: Intel(R) Pentium(R) CPU 2020M @ 2.40GHz
stepping	: 9
microcode	: 0x17
cpu MHz		: 1373.156
cache size	: 2048 KB
physical id	: 0
siblings	: 2
core id		: 1
cpu cores	: 2
apicid		: 2
initial apicid	: 2
fpu		: yes
fpu_exception	: yes
cpuid level	: 13
wp		: yes
flags		: fpu vme de pse tsc msr pae mce cx8 apic sep mtrr pge mca cmov pat pse36 clflush dts acpi mmx fxsr sse sse2 ss ht tm pbe syscall nx rdtscp lm constant_tsc arch_perfmon pebs bts rep_good nopl xtopology nonstop_tsc aperfmperf eagerfpu pni pclmulqdq dtes64 monitor ds_cpl vmx est tm2 ssse3 cx16 xtpr pdcm pcid sse4_1 sse4_2 x2apic popcnt tsc_deadline_timer xsave lahf_lm epb retpoline kaiser tpr_shadow vnmi flexpriority ept vpid fsgsbase smep erms xsaveopt dtherm arat pln pts
bugs		: cpu_meltdown spectre_v1 spectre_v2
bogomips	: 4789.43
clflush size	: 64
cache_alignment	: 64
address sizes	: 36 bits physical, 48 bits virtual
power management:



Memory: 4k page, physical 6003280k(1191804k free), swap 3003388k(1675296k free)

vm_info: OpenJDK 64-Bit Server VM (25.152-b01) for linux-amd64 JRE (1.8.0_152-release-915-b01), built by "builder" with gcc 4.8.4

time: Sun Apr  8 22:24:22 2018
elapsed time: 5521 seconds (0d 1h 32m 1s)

